0 verbose cli /data/data/com.termux/files/usr/bin/node /data/data/com.termux/files/usr/bin/npm
1 info using npm@11.6.0
2 info using node@v24.9.0
3 silly config load:file:/data/data/com.termux/files/usr/lib/node_modules/npm/npmrc
4 silly config load:file:/data/data/com.termux/files/home/backend/.npmrc
5 silly config load:file:/data/data/com.termux/files/home/.npmrc
6 silly config load:file:/data/data/com.termux/files/usr/etc/npmrc
7 verbose title npm install express cors bcryptjs jsonwebtoken multer dotenv
8 verbose argv "install" "express" "cors" "bcryptjs" "jsonwebtoken" "multer" "dotenv"
9 verbose logfile logs-max:10 dir:/data/data/com.termux/files/home/.npm/_logs/2025-11-02T20_39_37_024Z-
10 verbose logfile /data/data/com.termux/files/home/.npm/_logs/2025-11-02T20_39_37_024Z-debug-0.log
11 silly logfile done cleaning log files
12 silly packumentCache heap:1174405120 maxSize:293601280 maxEntrySize:146800640
13 silly idealTree buildDeps
14 silly fetch manifest express@*
15 silly packumentCache full:https://registry.npmjs.org/express cache-miss
16 http cache https://registry.npmjs.org/express 107ms (cache hit)
17 silly packumentCache full:https://registry.npmjs.org/express set size:796286 disposed:false
18 silly fetch manifest cors@*
19 silly packumentCache full:https://registry.npmjs.org/cors cache-miss
20 http cache https://registry.npmjs.org/cors 34ms (cache hit)
21 silly packumentCache full:https://registry.npmjs.org/cors set size:73833 disposed:false
22 silly fetch manifest bcryptjs@*
23 silly packumentCache full:https://registry.npmjs.org/bcryptjs cache-miss
24 http cache https://registry.npmjs.org/bcryptjs 39ms (cache hit)
25 silly packumentCache full:https://registry.npmjs.org/bcryptjs set size:77773 disposed:false
26 silly fetch manifest jsonwebtoken@*
27 silly packumentCache full:https://registry.npmjs.org/jsonwebtoken cache-miss
28 http cache https://registry.npmjs.org/jsonwebtoken 39ms (cache hit)
29 silly packumentCache full:https://registry.npmjs.org/jsonwebtoken set size:181359 disposed:false
30 silly fetch manifest multer@*
31 silly packumentCache full:https://registry.npmjs.org/multer cache-miss
32 http cache https://registry.npmjs.org/multer 35ms (cache hit)
33 silly packumentCache full:https://registry.npmjs.org/multer set size:145789 disposed:false
34 silly fetch manifest dotenv@*
35 silly packumentCache full:https://registry.npmjs.org/dotenv cache-miss
36 http cache https://registry.npmjs.org/dotenv 20ms (cache hit)
37 silly packumentCache full:https://registry.npmjs.org/dotenv set size:261324 disposed:false
38 silly placeDep ROOT bcryptjs@3.0.2 OK for: backend@1.0.0 want: *
39 silly placeDep ROOT cors@2.8.5 OK for: backend@1.0.0 want: *
40 silly placeDep ROOT dotenv@17.2.3 OK for: backend@1.0.0 want: *
41 silly placeDep ROOT express@5.1.0 OK for: backend@1.0.0 want: *
42 silly placeDep ROOT jsonwebtoken@9.0.2 OK for: backend@1.0.0 want: *
43 silly placeDep ROOT multer@2.0.2 OK for: backend@1.0.0 want: *
44 silly fetch manifest vary@^1
45 silly packumentCache full:https://registry.npmjs.org/vary cache-miss
46 silly fetch manifest object-assign@^4
47 silly packumentCache full:https://registry.npmjs.org/object-assign cache-miss
48 silly fetch manifest qs@^6.14.0
49 silly packumentCache full:https://registry.npmjs.org/qs cache-miss
50 silly fetch manifest etag@^1.8.1
51 silly packumentCache full:https://registry.npmjs.org/etag cache-miss
52 silly fetch manifest once@^1.4.0
53 silly packumentCache full:https://registry.npmjs.org/once cache-miss
54 http cache https://registry.npmjs.org/object-assign 33ms (cache hit)
55 silly packumentCache full:https://registry.npmjs.org/object-assign set size:28988 disposed:false
56 silly fetch manifest send@^1.1.0
57 silly packumentCache full:https://registry.npmjs.org/send cache-miss
58 http cache https://registry.npmjs.org/etag 36ms (cache hit)
59 silly packumentCache full:https://registry.npmjs.org/etag set size:30032 disposed:false
60 silly fetch manifest vary@^1.1.2
61 silly packumentCache full:https://registry.npmjs.org/vary cache-miss
62 http cache https://registry.npmjs.org/once 39ms (cache hit)
63 silly packumentCache full:https://registry.npmjs.org/once set size:11768 disposed:false
64 silly fetch manifest debug@^4.4.0
65 silly packumentCache full:https://registry.npmjs.org/debug cache-miss
66 http cache https://registry.npmjs.org/vary 49ms (cache hit)
67 silly packumentCache full:https://registry.npmjs.org/vary set size:16018 disposed:false
68 silly fetch manifest fresh@^2.0.0
69 silly packumentCache full:https://registry.npmjs.org/fresh cache-miss
70 http cache https://registry.npmjs.org/qs 51ms (cache hit)
71 silly packumentCache full:https://registry.npmjs.org/qs set size:264677 disposed:false
72 silly fetch manifest cookie@^0.7.1
73 silly packumentCache full:https://registry.npmjs.org/cookie cache-miss
74 http cache https://registry.npmjs.org/vary 36ms (cache hit)
75 silly packumentCache full:https://registry.npmjs.org/vary set size:16018 disposed:false
76 silly packumentCache full:https://registry.npmjs.org/vary dispose
77 silly fetch manifest router@^2.2.0
78 silly packumentCache full:https://registry.npmjs.org/router cache-miss
79 http cache https://registry.npmjs.org/debug 36ms (cache hit)
80 silly packumentCache full:https://registry.npmjs.org/debug set size:195840 disposed:false
81 silly fetch manifest accepts@^2.0.0
82 silly packumentCache full:https://registry.npmjs.org/accepts cache-miss
83 http cache https://registry.npmjs.org/fresh 40ms (cache hit)
84 silly packumentCache full:https://registry.npmjs.org/fresh set size:25427 disposed:false
85 silly fetch manifest type-is@^2.0.1
86 silly packumentCache full:https://registry.npmjs.org/type-is cache-miss
87 http cache https://registry.npmjs.org/send 86ms (cache hit)
88 silly packumentCache full:https://registry.npmjs.org/send set size:147586 disposed:false
89 silly fetch manifest parseurl@^1.3.3
90 silly packumentCache full:https://registry.npmjs.org/parseurl cache-miss
91 http cache https://registry.npmjs.org/cookie 79ms (cache hit)
92 silly packumentCache full:https://registry.npmjs.org/cookie set size:67180 disposed:false
93 silly fetch manifest statuses@^2.0.1
94 silly packumentCache full:https://registry.npmjs.org/statuses cache-miss
95 http cache https://registry.npmjs.org/router 86ms (cache hit)
96 silly packumentCache full:https://registry.npmjs.org/router set size:116499 disposed:false
97 silly fetch manifest encodeurl@^2.0.0
98 silly packumentCache full:https://registry.npmjs.org/encodeurl cache-miss
99 http cache https://registry.npmjs.org/accepts 86ms (cache hit)
100 silly packumentCache full:https://registry.npmjs.org/accepts set size:77054 disposed:false
101 silly fetch manifest mime-types@^3.0.0
102 silly packumentCache full:https://registry.npmjs.org/mime-types cache-miss
103 http cache https://registry.npmjs.org/parseurl 47ms (cache hit)
104 silly packumentCache full:https://registry.npmjs.org/parseurl set size:24148 disposed:false
105 silly fetch manifest proxy-addr@^2.0.7
106 silly packumentCache full:https://registry.npmjs.org/proxy-addr cache-miss
107 http cache https://registry.npmjs.org/statuses 39ms (cache hit)
108 silly packumentCache full:https://registry.npmjs.org/statuses set size:37117 disposed:false
109 silly fetch manifest body-parser@^2.2.0
110 silly packumentCache full:https://registry.npmjs.org/body-parser cache-miss
111 http cache https://registry.npmjs.org/type-is 98ms (cache hit)
112 silly packumentCache full:https://registry.npmjs.org/type-is set size:86196 disposed:false
113 silly fetch manifest escape-html@^1.0.3
114 silly packumentCache full:https://registry.npmjs.org/escape-html cache-miss
115 http cache https://registry.npmjs.org/mime-types 31ms (cache hit)
116 silly packumentCache full:https://registry.npmjs.org/mime-types set size:136716 disposed:false
117 silly fetch manifest http-errors@^2.0.0
118 silly packumentCache full:https://registry.npmjs.org/http-errors cache-miss
119 http cache https://registry.npmjs.org/encodeurl 44ms (cache hit)
120 silly packumentCache full:https://registry.npmjs.org/encodeurl set size:12296 disposed:false
121 silly fetch manifest on-finished@^2.4.1
122 silly packumentCache full:https://registry.npmjs.org/on-finished cache-miss
123 http cache https://registry.npmjs.org/body-parser 31ms (cache hit)
124 silly packumentCache full:https://registry.npmjs.org/body-parser set size:209501 disposed:false
125 silly fetch manifest content-type@^1.0.5
126 silly packumentCache full:https://registry.npmjs.org/content-type cache-miss
127 http cache https://registry.npmjs.org/escape-html 33ms (cache hit)
128 silly packumentCache full:https://registry.npmjs.org/escape-html set size:7345 disposed:false
129 silly fetch manifest finalhandler@^2.1.0
130 silly packumentCache full:https://registry.npmjs.org/finalhandler cache-miss
131 http cache https://registry.npmjs.org/proxy-addr 47ms (cache hit)
132 silly packumentCache full:https://registry.npmjs.org/proxy-addr set size:61619 disposed:false
133 silly fetch manifest range-parser@^1.2.1
134 silly packumentCache full:https://registry.npmjs.org/range-parser cache-miss
135 http cache https://registry.npmjs.org/http-errors 31ms (cache hit)
136 silly packumentCache full:https://registry.npmjs.org/http-errors set size:69537 disposed:false
137 silly fetch manifest serve-static@^2.2.0
138 silly packumentCache full:https://registry.npmjs.org/serve-static cache-miss
139 http cache https://registry.npmjs.org/on-finished 33ms (cache hit)
140 silly packumentCache full:https://registry.npmjs.org/on-finished set size:23212 disposed:false
141 silly fetch manifest cookie-signature@^1.2.1
142 silly packumentCache full:https://registry.npmjs.org/cookie-signature cache-miss
143 http cache https://registry.npmjs.org/content-type 29ms (cache hit)
144 silly packumentCache full:https://registry.npmjs.org/content-type set size:17311 disposed:false
145 silly fetch manifest merge-descriptors@^2.0.0
146 silly packumentCache full:https://registry.npmjs.org/merge-descriptors cache-miss
147 http cache https://registry.npmjs.org/finalhandler 29ms (cache hit)
148 silly packumentCache full:https://registry.npmjs.org/finalhandler set size:74406 disposed:false
149 silly fetch manifest content-disposition@^1.0.0
150 silly packumentCache full:https://registry.npmjs.org/content-disposition cache-miss
151 http cache https://registry.npmjs.org/range-parser 31ms (cache hit)
152 silly packumentCache full:https://registry.npmjs.org/range-parser set size:22228 disposed:false
153 silly fetch manifest ms@^2.1.1
154 silly packumentCache full:https://registry.npmjs.org/ms cache-miss
155 http cache https://registry.npmjs.org/merge-descriptors 37ms (cache hit)
156 silly packumentCache full:https://registry.npmjs.org/merge-descriptors set size:16527 disposed:false
157 silly fetch manifest jws@^3.2.2
158 silly packumentCache full:https://registry.npmjs.org/jws cache-miss
159 http cache https://registry.npmjs.org/serve-static 54ms (cache hit)
160 silly packumentCache full:https://registry.npmjs.org/serve-static set size:145938 disposed:false
161 silly fetch manifest semver@^7.5.4
162 silly packumentCache full:https://registry.npmjs.org/semver cache-miss
163 http cache https://registry.npmjs.org/content-disposition 48ms (cache hit)
164 silly packumentCache full:https://registry.npmjs.org/content-disposition set size:26893 disposed:false
165 silly fetch manifest lodash.once@^4.0.0
166 silly packumentCache full:https://registry.npmjs.org/lodash.once cache-miss
167 http cache https://registry.npmjs.org/ms 49ms (cache hit)
168 silly packumentCache full:https://registry.npmjs.org/ms set size:92208 disposed:false
169 silly fetch manifest lodash.includes@^4.3.0
170 silly packumentCache full:https://registry.npmjs.org/lodash.includes cache-miss
171 http cache https://registry.npmjs.org/cookie-signature 76ms (cache hit)
172 silly packumentCache full:https://registry.npmjs.org/cookie-signature set size:21777 disposed:false
173 silly fetch manifest lodash.isnumber@^3.0.3
174 silly packumentCache full:https://registry.npmjs.org/lodash.isnumber cache-miss
175 http cache https://registry.npmjs.org/jws 44ms (cache hit)
176 silly packumentCache full:https://registry.npmjs.org/jws set size:45532 disposed:false
177 silly fetch manifest lodash.isstring@^4.0.1
178 silly packumentCache full:https://registry.npmjs.org/lodash.isstring cache-miss
179 http cache https://registry.npmjs.org/lodash.once 34ms (cache hit)
180 silly packumentCache full:https://registry.npmjs.org/lodash.once set size:23407 disposed:false
181 silly fetch manifest lodash.isboolean@^3.0.3
182 silly packumentCache full:https://registry.npmjs.org/lodash.isboolean cache-miss
183 http cache https://registry.npmjs.org/lodash.includes 30ms (cache hit)
184 silly packumentCache full:https://registry.npmjs.org/lodash.includes set size:27594 disposed:false
185 silly fetch manifest lodash.isinteger@^4.0.4
186 silly packumentCache full:https://registry.npmjs.org/lodash.isinteger cache-miss
187 http cache https://registry.npmjs.org/semver 48ms (cache hit)
188 silly packumentCache full:https://registry.npmjs.org/semver set size:226907 disposed:false
189 silly fetch manifest lodash.isplainobject@^4.0.6
190 silly packumentCache full:https://registry.npmjs.org/lodash.isplainobject cache-miss
191 http cache https://registry.npmjs.org/lodash.isnumber 53ms (cache hit)
192 silly packumentCache full:https://registry.npmjs.org/lodash.isnumber set size:21368 disposed:false
193 silly fetch manifest append-field@^1.0.0
194 silly packumentCache full:https://registry.npmjs.org/append-field cache-miss
195 http cache https://registry.npmjs.org/lodash.isinteger 43ms (cache hit)
196 silly packumentCache full:https://registry.npmjs.org/lodash.isinteger set size:10827 disposed:false
197 silly fetch manifest busboy@^1.6.0
198 silly packumentCache full:https://registry.npmjs.org/busboy cache-miss
199 http cache https://registry.npmjs.org/lodash.isstring 56ms (cache hit)
200 silly packumentCache full:https://registry.npmjs.org/lodash.isstring set size:21368 disposed:false
201 silly fetch manifest concat-stream@^2.0.0
202 silly packumentCache full:https://registry.npmjs.org/concat-stream cache-miss
203 http cache https://registry.npmjs.org/lodash.isboolean 58ms (cache hit)
204 silly packumentCache full:https://registry.npmjs.org/lodash.isboolean set size:21437 disposed:false
205 silly fetch manifest mkdirp@^0.5.6
206 silly packumentCache full:https://registry.npmjs.org/mkdirp cache-miss
207 http cache https://registry.npmjs.org/lodash.isplainobject 48ms (cache hit)
208 silly packumentCache full:https://registry.npmjs.org/lodash.isplainobject set size:38531 disposed:false
209 silly fetch manifest object-assign@^4.1.1
210 silly packumentCache full:https://registry.npmjs.org/object-assign cache-hit
211 silly fetch manifest type-is@^1.6.18
212 silly packumentCache full:https://registry.npmjs.org/type-is cache-hit
213 silly fetch manifest xtend@^4.0.2
214 silly packumentCache full:https://registry.npmjs.org/xtend cache-miss
215 http cache https://registry.npmjs.org/append-field 33ms (cache hit)
216 silly packumentCache full:https://registry.npmjs.org/append-field set size:7798 disposed:false
217 http cache https://registry.npmjs.org/concat-stream 28ms (cache hit)
218 silly packumentCache full:https://registry.npmjs.org/concat-stream set size:63783 disposed:false
219 http cache https://registry.npmjs.org/busboy 36ms (cache hit)
220 silly packumentCache full:https://registry.npmjs.org/busboy set size:78925 disposed:false
221 http cache https://registry.npmjs.org/mkdirp 30ms (cache hit)
222 silly packumentCache full:https://registry.npmjs.org/mkdirp set size:116455 disposed:false
223 http cache https://registry.npmjs.org/xtend 27ms (cache hit)
224 silly packumentCache full:https://registry.npmjs.org/xtend set size:28314 disposed:false
225 silly placeDep ROOT object-assign@4.1.1 OK for: cors@2.8.5 want: ^4
226 silly placeDep ROOT vary@1.1.2 OK for: cors@2.8.5 want: ^1
227 silly placeDep ROOT accepts@2.0.0 OK for: express@5.1.0 want: ^2.0.0
228 silly placeDep ROOT body-parser@2.2.0 OK for: express@5.1.0 want: ^2.2.0
229 silly placeDep ROOT content-disposition@1.0.0 OK for: express@5.1.0 want: ^1.0.0
230 silly placeDep ROOT content-type@1.0.5 OK for: express@5.1.0 want: ^1.0.5
231 silly placeDep ROOT cookie@0.7.2 OK for: express@5.1.0 want: ^0.7.1
232 silly placeDep ROOT cookie-signature@1.2.2 OK for: express@5.1.0 want: ^1.2.1
233 silly placeDep ROOT debug@4.4.3 OK for: express@5.1.0 want: ^4.4.0
234 silly placeDep ROOT encodeurl@2.0.0 OK for: express@5.1.0 want: ^2.0.0
235 silly placeDep ROOT escape-html@1.0.3 OK for: express@5.1.0 want: ^1.0.3
236 silly placeDep ROOT etag@1.8.1 OK for: express@5.1.0 want: ^1.8.1
237 silly placeDep ROOT finalhandler@2.1.0 OK for: express@5.1.0 want: ^2.1.0
238 silly placeDep ROOT fresh@2.0.0 OK for: express@5.1.0 want: ^2.0.0
239 silly placeDep ROOT http-errors@2.0.0 OK for: express@5.1.0 want: ^2.0.0
240 silly placeDep ROOT merge-descriptors@2.0.0 OK for: express@5.1.0 want: ^2.0.0
241 silly placeDep ROOT mime-types@3.0.1 OK for: express@5.1.0 want: ^3.0.0
242 silly placeDep ROOT on-finished@2.4.1 OK for: express@5.1.0 want: ^2.4.1
243 silly placeDep ROOT once@1.4.0 OK for: express@5.1.0 want: ^1.4.0
244 silly placeDep ROOT parseurl@1.3.3 OK for: express@5.1.0 want: ^1.3.3
245 silly placeDep ROOT proxy-addr@2.0.7 OK for: express@5.1.0 want: ^2.0.7
246 silly placeDep ROOT qs@6.14.0 OK for: express@5.1.0 want: ^6.14.0
247 silly placeDep ROOT range-parser@1.2.1 OK for: express@5.1.0 want: ^1.2.1
248 silly placeDep ROOT router@2.2.0 OK for: express@5.1.0 want: ^2.2.0
249 silly placeDep ROOT send@1.2.0 OK for: express@5.1.0 want: ^1.1.0
250 silly placeDep ROOT serve-static@2.2.0 OK for: express@5.1.0 want: ^2.2.0
251 silly placeDep ROOT statuses@2.0.2 OK for: express@5.1.0 want: ^2.0.1
252 silly placeDep ROOT type-is@2.0.1 OK for: express@5.1.0 want: ^2.0.1
253 silly fetch manifest negotiator@^1.0.0
254 silly packumentCache full:https://registry.npmjs.org/negotiator cache-miss
255 silly fetch manifest bytes@^3.1.2
256 silly packumentCache full:https://registry.npmjs.org/bytes cache-miss
257 silly fetch manifest type-is@^2.0.0
258 silly packumentCache full:https://registry.npmjs.org/type-is cache-hit
259 silly fetch manifest raw-body@^3.0.0
260 silly packumentCache full:https://registry.npmjs.org/raw-body cache-miss
261 silly fetch manifest iconv-lite@^0.6.3
262 silly packumentCache full:https://registry.npmjs.org/iconv-lite cache-miss
263 silly fetch manifest safe-buffer@5.2.1
264 silly packumentCache full:https://registry.npmjs.org/safe-buffer cache-miss
265 http cache https://registry.npmjs.org/negotiator 38ms (cache hit)
266 silly packumentCache full:https://registry.npmjs.org/negotiator set size:48046 disposed:false
267 silly fetch manifest ms@^2.1.3
268 silly packumentCache full:https://registry.npmjs.org/ms cache-hit
269 silly fetch manifest depd@2.0.0
270 silly packumentCache full:https://registry.npmjs.org/depd cache-miss
271 http cache https://registry.npmjs.org/iconv-lite 42ms (cache hit)
272 silly packumentCache full:https://registry.npmjs.org/iconv-lite set size:118890 disposed:false
273 silly fetch manifest inherits@2.0.4
274 silly packumentCache full:https://registry.npmjs.org/inherits cache-miss
275 http cache https://registry.npmjs.org/safe-buffer 49ms (cache hit)
276 silly packumentCache full:https://registry.npmjs.org/safe-buffer set size:41183 disposed:false
277 silly fetch manifest statuses@2.0.1
278 silly packumentCache full:https://registry.npmjs.org/statuses cache-hit
279 silly fetch manifest toidentifier@1.0.1
280 silly packumentCache full:https://registry.npmjs.org/toidentifier cache-miss
281 http cache https://registry.npmjs.org/bytes 63ms (cache hit)
282 silly packumentCache full:https://registry.npmjs.org/bytes set size:37018 disposed:false
283 silly fetch manifest setprototypeof@1.2.0
284 silly packumentCache full:https://registry.npmjs.org/setprototypeof cache-miss
285 http cache https://registry.npmjs.org/raw-body 66ms (cache hit)
286 silly packumentCache full:https://registry.npmjs.org/raw-body set size:111234 disposed:false
287 silly fetch manifest mime-db@^1.54.0
288 silly packumentCache full:https://registry.npmjs.org/mime-db cache-miss
289 http cache https://registry.npmjs.org/depd 49ms (cache hit)
290 silly packumentCache full:https://registry.npmjs.org/depd set size:40182 disposed:false
291 silly fetch manifest ee-first@1.1.1
292 silly packumentCache full:https://registry.npmjs.org/ee-first cache-miss
293 http cache https://registry.npmjs.org/setprototypeof 30ms (cache hit)
294 silly packumentCache full:https://registry.npmjs.org/setprototypeof set size:14532 disposed:false
295 silly fetch manifest wrappy@1
296 silly packumentCache full:https://registry.npmjs.org/wrappy cache-miss
297 http cache https://registry.npmjs.org/toidentifier 40ms (cache hit)
298 silly packumentCache full:https://registry.npmjs.org/toidentifier set size:12006 disposed:false
299 silly fetch manifest forwarded@0.2.0
300 silly packumentCache full:https://registry.npmjs.org/forwarded cache-miss
301 http cache https://registry.npmjs.org/inherits 51ms (cache hit)
302 silly packumentCache full:https://registry.npmjs.org/inherits set size:12925 disposed:false
303 silly fetch manifest ipaddr.js@1.9.1
304 silly packumentCache full:https://registry.npmjs.org/ipaddr.js cache-miss
305 http cache https://registry.npmjs.org/mime-db 35ms (cache hit)
306 silly packumentCache full:https://registry.npmjs.org/mime-db set size:164953 disposed:false
307 silly fetch manifest side-channel@^1.1.0
308 silly packumentCache full:https://registry.npmjs.org/side-channel cache-miss
309 http cache https://registry.npmjs.org/ee-first 30ms (cache hit)
310 silly packumentCache full:https://registry.npmjs.org/ee-first set size:15327 disposed:false
311 silly fetch manifest depd@^2.0.0
312 silly packumentCache full:https://registry.npmjs.org/depd cache-hit
313 silly fetch manifest is-promise@^4.0.0
314 silly packumentCache full:https://registry.npmjs.org/is-promise cache-miss
315 http cache https://registry.npmjs.org/wrappy 31ms (cache hit)
316 silly packumentCache full:https://registry.npmjs.org/wrappy set size:7682 disposed:false
317 silly fetch manifest path-to-regexp@^8.0.0
318 silly packumentCache full:https://registry.npmjs.org/path-to-regexp cache-miss
319 http cache https://registry.npmjs.org/forwarded 31ms (cache hit)
320 silly packumentCache full:https://registry.npmjs.org/forwarded set size:11229 disposed:false
321 silly fetch manifest media-typer@^1.1.0
322 silly packumentCache full:https://registry.npmjs.org/media-typer cache-miss
323 http cache https://registry.npmjs.org/ipaddr.js 30ms (cache hit)
324 silly packumentCache full:https://registry.npmjs.org/ipaddr.js set size:65942 disposed:false
325 http cache https://registry.npmjs.org/side-channel 28ms (cache hit)
326 silly packumentCache full:https://registry.npmjs.org/side-channel set size:24660 disposed:false
327 http cache https://registry.npmjs.org/media-typer 15ms (cache hit)
328 silly packumentCache full:https://registry.npmjs.org/media-typer set size:20873 disposed:false
329 http cache https://registry.npmjs.org/is-promise 24ms (cache hit)
330 silly packumentCache full:https://registry.npmjs.org/is-promise set size:18599 disposed:false
331 http cache https://registry.npmjs.org/path-to-regexp 25ms (cache hit)
332 silly packumentCache full:https://registry.npmjs.org/path-to-regexp set size:207142 disposed:false
333 silly placeDep ROOT negotiator@1.0.0 OK for: accepts@2.0.0 want: ^1.0.0
334 silly placeDep ROOT bytes@3.1.2 OK for: body-parser@2.2.0 want: ^3.1.2
335 silly placeDep ROOT iconv-lite@0.6.3 OK for: body-parser@2.2.0 want: ^0.6.3
336 silly placeDep ROOT raw-body@3.0.1 OK for: body-parser@2.2.0 want: ^3.0.0
337 silly fetch manifest safer-buffer@>= 2.1.2 < 3.0.0
338 silly packumentCache full:https://registry.npmjs.org/safer-buffer cache-miss
339 silly fetch manifest iconv-lite@0.7.0
340 silly packumentCache full:https://registry.npmjs.org/iconv-lite cache-hit
341 silly fetch manifest unpipe@1.0.0
342 silly packumentCache full:https://registry.npmjs.org/unpipe cache-miss
343 http cache https://registry.npmjs.org/safer-buffer 8ms (cache hit)
344 silly packumentCache full:https://registry.npmjs.org/safer-buffer set size:18521 disposed:false
345 http cache https://registry.npmjs.org/unpipe 8ms (cache hit)
346 silly packumentCache full:https://registry.npmjs.org/unpipe set size:3537 disposed:false
347 silly placeDep ROOT safe-buffer@5.2.1 OK for: content-disposition@1.0.0 want: 5.2.1
348 silly placeDep ROOT ms@2.1.3 OK for: debug@4.4.3 want: ^2.1.3
349 silly placeDep ROOT depd@2.0.0 OK for: http-errors@2.0.0 want: 2.0.0
350 silly placeDep ROOT inherits@2.0.4 OK for: http-errors@2.0.0 want: 2.0.4
351 silly placeDep ROOT setprototypeof@1.2.0 OK for: http-errors@2.0.0 want: 1.2.0
352 silly placeDep node_modules/http-errors statuses@2.0.1 OK for: http-errors@2.0.0 want: 2.0.1
353 silly placeDep ROOT toidentifier@1.0.1 OK for: http-errors@2.0.0 want: 1.0.1
354 silly placeDep ROOT safer-buffer@2.1.2 OK for: iconv-lite@0.6.3 want: >= 2.1.2 < 3.0.0
355 silly placeDep ROOT jws@3.2.2 OK for: jsonwebtoken@9.0.2 want: ^3.2.2
356 silly placeDep ROOT lodash.includes@4.3.0 OK for: jsonwebtoken@9.0.2 want: ^4.3.0
357 silly placeDep ROOT lodash.isboolean@3.0.3 OK for: jsonwebtoken@9.0.2 want: ^3.0.3
358 silly placeDep ROOT lodash.isinteger@4.0.4 OK for: jsonwebtoken@9.0.2 want: ^4.0.4
359 silly placeDep ROOT lodash.isnumber@3.0.3 OK for: jsonwebtoken@9.0.2 want: ^3.0.3
360 silly placeDep ROOT lodash.isplainobject@4.0.6 OK for: jsonwebtoken@9.0.2 want: ^4.0.6
361 silly placeDep ROOT lodash.isstring@4.0.1 OK for: jsonwebtoken@9.0.2 want: ^4.0.1
362 silly placeDep ROOT lodash.once@4.1.1 OK for: jsonwebtoken@9.0.2 want: ^4.0.0
363 silly placeDep ROOT semver@7.7.3 OK for: jsonwebtoken@9.0.2 want: ^7.5.4
364 silly fetch manifest jwa@^1.4.1
365 silly packumentCache full:https://registry.npmjs.org/jwa cache-miss
366 http cache https://registry.npmjs.org/jwa 21ms (cache hit)
367 silly packumentCache full:https://registry.npmjs.org/jwa set size:39956 disposed:false
368 silly placeDep ROOT jwa@1.4.2 OK for: jws@3.2.2 want: ^1.4.1
369 silly fetch manifest ecdsa-sig-formatter@1.0.11
370 silly packumentCache full:https://registry.npmjs.org/ecdsa-sig-formatter cache-miss
371 silly fetch manifest buffer-equal-constant-time@^1.0.1
372 silly packumentCache full:https://registry.npmjs.org/buffer-equal-constant-time cache-miss
373 http cache https://registry.npmjs.org/ecdsa-sig-formatter 12ms (cache hit)
374 silly packumentCache full:https://registry.npmjs.org/ecdsa-sig-formatter set size:23546 disposed:false
375 http cache https://registry.npmjs.org/buffer-equal-constant-time 15ms (cache hit)
376 silly packumentCache full:https://registry.npmjs.org/buffer-equal-constant-time set size:4390 disposed:false
377 silly placeDep ROOT buffer-equal-constant-time@1.0.1 OK for: jwa@1.4.2 want: ^1.0.1
378 silly placeDep ROOT ecdsa-sig-formatter@1.0.11 OK for: jwa@1.4.2 want: 1.0.11
379 silly placeDep ROOT mime-db@1.54.0 OK for: mime-types@3.0.1 want: ^1.54.0
380 silly placeDep ROOT append-field@1.0.0 OK for: multer@2.0.2 want: ^1.0.0
381 silly placeDep ROOT busboy@1.6.0 OK for: multer@2.0.2 want: ^1.6.0
382 silly placeDep ROOT concat-stream@2.0.0 OK for: multer@2.0.2 want: ^2.0.0
383 silly placeDep ROOT mkdirp@0.5.6 OK for: multer@2.0.2 want: ^0.5.6
384 silly placeDep node_modules/multer type-is@1.6.18 OK for: multer@2.0.2 want: ^1.6.18
385 silly placeDep ROOT xtend@4.0.2 OK for: multer@2.0.2 want: ^4.0.2
386 silly fetch manifest streamsearch@^1.1.0
387 silly packumentCache full:https://registry.npmjs.org/streamsearch cache-miss
388 silly fetch manifest buffer-from@^1.0.0
389 silly packumentCache full:https://registry.npmjs.org/buffer-from cache-miss
390 silly fetch manifest readable-stream@^3.0.2
391 silly packumentCache full:https://registry.npmjs.org/readable-stream cache-miss
392 silly fetch manifest typedarray@^0.0.6
393 silly packumentCache full:https://registry.npmjs.org/typedarray cache-miss
394 silly fetch manifest minimist@^1.2.6
395 silly packumentCache full:https://registry.npmjs.org/minimist cache-miss
396 http cache https://registry.npmjs.org/buffer-from 17ms (cache hit)
397 silly packumentCache full:https://registry.npmjs.org/buffer-from set size:15463 disposed:false
398 silly fetch manifest mime-types@~2.1.24
399 silly packumentCache full:https://registry.npmjs.org/mime-types cache-hit
400 silly fetch manifest media-typer@0.3.0
401 silly packumentCache full:https://registry.npmjs.org/media-typer cache-hit
402 http cache https://registry.npmjs.org/typedarray 21ms (cache hit)
403 silly packumentCache full:https://registry.npmjs.org/typedarray set size:18469 disposed:false
404 http cache https://registry.npmjs.org/streamsearch 26ms (cache hit)
405 silly packumentCache full:https://registry.npmjs.org/streamsearch set size:27372 disposed:false
406 http cache https://registry.npmjs.org/minimist 24ms (cache hit)
407 silly packumentCache full:https://registry.npmjs.org/minimist set size:77082 disposed:false
408 http cache https://registry.npmjs.org/readable-stream 30ms (cache hit)
409 silly packumentCache full:https://registry.npmjs.org/readable-stream set size:261096 disposed:false
410 silly placeDep ROOT streamsearch@1.1.0 OK for: busboy@1.6.0 want: ^1.1.0
411 silly placeDep ROOT buffer-from@1.1.2 OK for: concat-stream@2.0.0 want: ^1.0.0
412 silly placeDep ROOT readable-stream@3.6.2 OK for: concat-stream@2.0.0 want: ^3.0.2
413 silly placeDep ROOT typedarray@0.0.6 OK for: concat-stream@2.0.0 want: ^0.0.6
414 silly fetch manifest string_decoder@^1.1.1
415 silly packumentCache full:https://registry.npmjs.org/string_decoder cache-miss
416 silly fetch manifest util-deprecate@^1.0.1
417 silly packumentCache full:https://registry.npmjs.org/util-deprecate cache-miss
418 http cache https://registry.npmjs.org/util-deprecate 8ms (cache hit)
419 silly packumentCache full:https://registry.npmjs.org/util-deprecate set size:6674 disposed:false
420 http cache https://registry.npmjs.org/string_decoder 11ms (cache hit)
421 silly packumentCache full:https://registry.npmjs.org/string_decoder set size:28441 disposed:false
422 silly placeDep ROOT minimist@1.2.8 OK for: mkdirp@0.5.6 want: ^1.2.6
423 silly placeDep ROOT ee-first@1.1.1 OK for: on-finished@2.4.1 want: 1.1.1
424 silly placeDep ROOT wrappy@1.0.2 OK for: once@1.4.0 want: 1
425 silly placeDep ROOT forwarded@0.2.0 OK for: proxy-addr@2.0.7 want: 0.2.0
426 silly placeDep ROOT ipaddr.js@1.9.1 OK for: proxy-addr@2.0.7 want: 1.9.1
427 silly placeDep ROOT side-channel@1.1.0 OK for: qs@6.14.0 want: ^1.1.0
428 silly fetch manifest es-errors@^1.3.0
429 silly packumentCache full:https://registry.npmjs.org/es-errors cache-miss
430 silly fetch manifest object-inspect@^1.13.3
431 silly packumentCache full:https://registry.npmjs.org/object-inspect cache-miss
432 silly fetch manifest side-channel-list@^1.0.0
433 silly packumentCache full:https://registry.npmjs.org/side-channel-list cache-miss
434 silly fetch manifest side-channel-map@^1.0.1
435 silly packumentCache full:https://registry.npmjs.org/side-channel-map cache-miss
436 silly fetch manifest side-channel-weakmap@^1.0.2
437 silly packumentCache full:https://registry.npmjs.org/side-channel-weakmap cache-miss
438 http cache https://registry.npmjs.org/side-channel-list 26ms (cache hit)
439 silly packumentCache full:https://registry.npmjs.org/side-channel-list set size:6005 disposed:false
440 http cache https://registry.npmjs.org/es-errors 31ms (cache hit)
441 silly packumentCache full:https://registry.npmjs.org/es-errors set size:16918 disposed:false
442 http cache https://registry.npmjs.org/side-channel-weakmap 29ms (cache hit)
443 silly packumentCache full:https://registry.npmjs.org/side-channel-weakmap set size:12620 disposed:false
444 http cache https://registry.npmjs.org/object-inspect 35ms (cache hit)
445 silly packumentCache full:https://registry.npmjs.org/object-inspect set size:101912 disposed:false
446 http cache https://registry.npmjs.org/side-channel-map 39ms (cache hit)
447 silly packumentCache full:https://registry.npmjs.org/side-channel-map set size:9126 disposed:false
448 silly placeDep node_modules/raw-body iconv-lite@0.7.0 OK for: raw-body@3.0.1 want: 0.7.0
449 silly placeDep ROOT unpipe@1.0.0 OK for: raw-body@3.0.1 want: 1.0.0
450 silly placeDep ROOT string_decoder@1.3.0 OK for: readable-stream@3.6.2 want: ^1.1.1
451 silly placeDep ROOT util-deprecate@1.0.2 OK for: readable-stream@3.6.2 want: ^1.0.1
452 silly placeDep ROOT is-promise@4.0.0 OK for: router@2.2.0 want: ^4.0.0
453 silly placeDep ROOT path-to-regexp@8.3.0 OK for: router@2.2.0 want: ^8.0.0
454 silly placeDep ROOT es-errors@1.3.0 OK for: side-channel@1.1.0 want: ^1.3.0
455 silly placeDep ROOT object-inspect@1.13.4 OK for: side-channel@1.1.0 want: ^1.13.3
456 silly placeDep ROOT side-channel-list@1.0.0 OK for: side-channel@1.1.0 want: ^1.0.0
457 silly placeDep ROOT side-channel-map@1.0.1 OK for: side-channel@1.1.0 want: ^1.0.1
458 silly placeDep ROOT side-channel-weakmap@1.0.2 OK for: side-channel@1.1.0 want: ^1.0.2
459 silly fetch manifest call-bound@^1.0.2
460 silly packumentCache full:https://registry.npmjs.org/call-bound cache-miss
461 silly fetch manifest get-intrinsic@^1.2.5
462 silly packumentCache full:https://registry.npmjs.org/get-intrinsic cache-miss
463 silly fetch manifest call-bound@^1.0.2
464 silly packumentCache full:https://registry.npmjs.org/call-bound cache-miss
465 silly fetch manifest get-intrinsic@^1.2.5
466 silly packumentCache full:https://registry.npmjs.org/get-intrinsic cache-miss
467 http cache https://registry.npmjs.org/get-intrinsic 41ms (cache hit)
468 silly packumentCache full:https://registry.npmjs.org/get-intrinsic set size:60985 disposed:false
469 http cache https://registry.npmjs.org/call-bound 49ms (cache hit)
470 silly packumentCache full:https://registry.npmjs.org/call-bound set size:15317 disposed:false
471 http cache https://registry.npmjs.org/call-bound 50ms (cache hit)
472 silly packumentCache full:https://registry.npmjs.org/call-bound set size:15317 disposed:false
473 silly packumentCache full:https://registry.npmjs.org/call-bound dispose
474 http cache https://registry.npmjs.org/get-intrinsic 54ms (cache hit)
475 silly packumentCache full:https://registry.npmjs.org/get-intrinsic set size:60985 disposed:false
476 silly packumentCache full:https://registry.npmjs.org/get-intrinsic dispose
477 silly placeDep ROOT call-bound@1.0.4 OK for: side-channel-map@1.0.1 want: ^1.0.2
478 silly placeDep ROOT get-intrinsic@1.3.0 OK for: side-channel-map@1.0.1 want: ^1.2.5
479 silly fetch manifest call-bind-apply-helpers@^1.0.2
480 silly packumentCache full:https://registry.npmjs.org/call-bind-apply-helpers cache-miss
481 silly fetch manifest get-intrinsic@^1.3.0
482 silly packumentCache full:https://registry.npmjs.org/get-intrinsic cache-hit
483 silly fetch manifest gopd@^1.2.0
484 silly packumentCache full:https://registry.npmjs.org/gopd cache-miss
485 silly fetch manifest hasown@^2.0.2
486 silly packumentCache full:https://registry.npmjs.org/hasown cache-miss
487 silly fetch manifest get-proto@^1.0.1
488 silly packumentCache full:https://registry.npmjs.org/get-proto cache-miss
489 silly fetch manifest has-symbols@^1.1.0
490 silly packumentCache full:https://registry.npmjs.org/has-symbols cache-miss
491 http cache https://registry.npmjs.org/call-bind-apply-helpers 22ms (cache hit)
492 silly packumentCache full:https://registry.npmjs.org/call-bind-apply-helpers set size:12744 disposed:false
493 silly fetch manifest function-bind@^1.1.2
494 silly packumentCache full:https://registry.npmjs.org/function-bind cache-miss
495 http cache https://registry.npmjs.org/has-symbols 19ms (cache hit)
496 silly packumentCache full:https://registry.npmjs.org/has-symbols set size:21550 disposed:false
497 silly fetch manifest es-object-atoms@^1.1.1
498 silly packumentCache full:https://registry.npmjs.org/es-object-atoms cache-miss
499 http cache https://registry.npmjs.org/gopd 30ms (cache hit)
500 silly packumentCache full:https://registry.npmjs.org/gopd set size:11458 disposed:false
501 silly fetch manifest math-intrinsics@^1.1.0
502 silly packumentCache full:https://registry.npmjs.org/math-intrinsics cache-miss
503 http cache https://registry.npmjs.org/get-proto 31ms (cache hit)
504 silly packumentCache full:https://registry.npmjs.org/get-proto set size:8300 disposed:false
505 silly fetch manifest es-define-property@^1.0.1
506 silly packumentCache full:https://registry.npmjs.org/es-define-property cache-miss
507 http cache https://registry.npmjs.org/hasown 35ms (cache hit)
508 silly packumentCache full:https://registry.npmjs.org/hasown set size:12476 disposed:false
509 http cache https://registry.npmjs.org/function-bind 27ms (cache hit)
510 silly packumentCache full:https://registry.npmjs.org/function-bind set size:15733 disposed:false
511 http cache https://registry.npmjs.org/math-intrinsics 28ms (cache hit)
512 silly packumentCache full:https://registry.npmjs.org/math-intrinsics set size:9265 disposed:false
513 http cache https://registry.npmjs.org/es-object-atoms 35ms (cache hit)
514 silly packumentCache full:https://registry.npmjs.org/es-object-atoms set size:15304 disposed:false
515 http cache https://registry.npmjs.org/es-define-property 31ms (cache hit)
516 silly packumentCache full:https://registry.npmjs.org/es-define-property set size:8542 disposed:false
517 silly placeDep ROOT call-bind-apply-helpers@1.0.2 OK for: call-bound@1.0.4 want: ^1.0.2
518 silly placeDep ROOT function-bind@1.1.2 OK for: call-bind-apply-helpers@1.0.2 want: ^1.1.2
519 silly placeDep ROOT es-define-property@1.0.1 OK for: get-intrinsic@1.3.0 want: ^1.0.1
520 silly placeDep ROOT es-object-atoms@1.1.1 OK for: get-intrinsic@1.3.0 want: ^1.1.1
521 silly placeDep ROOT get-proto@1.0.1 OK for: get-intrinsic@1.3.0 want: ^1.0.1
522 silly placeDep ROOT gopd@1.2.0 OK for: get-intrinsic@1.3.0 want: ^1.2.0
523 silly placeDep ROOT has-symbols@1.1.0 OK for: get-intrinsic@1.3.0 want: ^1.1.0
524 silly placeDep ROOT hasown@2.0.2 OK for: get-intrinsic@1.3.0 want: ^2.0.2
525 silly placeDep ROOT math-intrinsics@1.1.0 OK for: get-intrinsic@1.3.0 want: ^1.1.0
526 silly fetch manifest dunder-proto@^1.0.1
527 silly packumentCache full:https://registry.npmjs.org/dunder-proto cache-miss
528 http cache https://registry.npmjs.org/dunder-proto 7ms (cache hit)
529 silly packumentCache full:https://registry.npmjs.org/dunder-proto set size:8256 disposed:false
530 silly placeDep ROOT dunder-proto@1.0.1 OK for: get-proto@1.0.1 want: ^1.0.1
531 silly placeDep ROOT media-typer@1.1.0 OK for: type-is@2.0.1 want: ^1.1.0
532 silly placeDep node_modules/multer media-typer@0.3.0 OK for: type-is@1.6.18 want: 0.3.0
533 silly placeDep node_modules/multer mime-types@2.1.35 OK for: type-is@1.6.18 want: ~2.1.24
534 silly fetch manifest mime-db@1.52.0
535 silly packumentCache full:https://registry.npmjs.org/mime-db cache-hit
536 silly placeDep node_modules/multer mime-db@1.52.0 OK for: mime-types@2.1.35 want: 1.52.0
537 silly reify moves {}
538 silly audit bulk request {
538 silly audit   bcryptjs: [ '3.0.2' ],
538 silly audit   cors: [ '2.8.5' ],
538 silly audit   dotenv: [ '17.2.3' ],
538 silly audit   express: [ '5.1.0' ],
538 silly audit   jsonwebtoken: [ '9.0.2' ],
538 silly audit   multer: [ '2.0.2' ],
538 silly audit   'object-assign': [ '4.1.1' ],
538 silly audit   vary: [ '1.1.2' ],
538 silly audit   accepts: [ '2.0.0' ],
538 silly audit   'body-parser': [ '2.2.0' ],
538 silly audit   'content-disposition': [ '1.0.0' ],
538 silly audit   'content-type': [ '1.0.5' ],
538 silly audit   cookie: [ '0.7.2' ],
538 silly audit   'cookie-signature': [ '1.2.2' ],
538 silly audit   debug: [ '4.4.3' ],
538 silly audit   encodeurl: [ '2.0.0' ],
538 silly audit   'escape-html': [ '1.0.3' ],
538 silly audit   etag: [ '1.8.1' ],
538 silly audit   finalhandler: [ '2.1.0' ],
538 silly audit   fresh: [ '2.0.0' ],
538 silly audit   'http-errors': [ '2.0.0' ],
538 silly audit   'merge-descriptors': [ '2.0.0' ],
538 silly audit   'mime-types': [ '3.0.1', '2.1.35' ],
538 silly audit   'on-finished': [ '2.4.1' ],
538 silly audit   once: [ '1.4.0' ],
538 silly audit   parseurl: [ '1.3.3' ],
538 silly audit   'proxy-addr': [ '2.0.7' ],
538 silly audit   qs: [ '6.14.0' ],
538 silly audit   'range-parser': [ '1.2.1' ],
538 silly audit   router: [ '2.2.0' ],
538 silly audit   send: [ '1.2.0' ],
538 silly audit   'serve-static': [ '2.2.0' ],
538 silly audit   statuses: [ '2.0.2', '2.0.1' ],
538 silly audit   'type-is': [ '2.0.1', '1.6.18' ],
538 silly audit   negotiator: [ '1.0.0' ],
538 silly audit   bytes: [ '3.1.2' ],
538 silly audit   'iconv-lite': [ '0.6.3', '0.7.0' ],
538 silly audit   'raw-body': [ '3.0.1' ],
538 silly audit   'safe-buffer': [ '5.2.1' ],
538 silly audit   ms: [ '2.1.3' ],
538 silly audit   depd: [ '2.0.0' ],
538 silly audit   inherits: [ '2.0.4' ],
538 silly audit   setprototypeof: [ '1.2.0' ],
538 silly audit   toidentifier: [ '1.0.1' ],
538 silly audit   'safer-buffer': [ '2.1.2' ],
538 silly audit   jws: [ '3.2.2' ],
538 silly audit   'lodash.includes': [ '4.3.0' ],
538 silly audit   'lodash.isboolean': [ '3.0.3' ],
538 silly audit   'lodash.isinteger': [ '4.0.4' ],
538 silly audit   'lodash.isnumber': [ '3.0.3' ],
538 silly audit   'lodash.isplainobject': [ '4.0.6' ],
538 silly audit   'lodash.isstring': [ '4.0.1' ],
538 silly audit   'lodash.once': [ '4.1.1' ],
538 silly audit   semver: [ '7.7.3' ],
538 silly audit   jwa: [ '1.4.2' ],
538 silly audit   'buffer-equal-constant-time': [ '1.0.1' ],
538 silly audit   'ecdsa-sig-formatter': [ '1.0.11' ],
538 silly audit   'mime-db': [ '1.54.0', '1.52.0' ],
538 silly audit   'append-field': [ '1.0.0' ],
538 silly audit   busboy: [ '1.6.0' ],
538 silly audit   'concat-stream': [ '2.0.0' ],
538 silly audit   mkdirp: [ '0.5.6' ],
538 silly audit   xtend: [ '4.0.2' ],
538 silly audit   streamsearch: [ '1.1.0' ],
538 silly audit   'buffer-from': [ '1.1.2' ],
538 silly audit   'readable-stream': [ '3.6.2' ],
538 silly audit   typedarray: [ '0.0.6' ],
538 silly audit   minimist: [ '1.2.8' ],
538 silly audit   'ee-first': [ '1.1.1' ],
538 silly audit   wrappy: [ '1.0.2' ],
538 silly audit   forwarded: [ '0.2.0' ],
538 silly audit   'ipaddr.js': [ '1.9.1' ],
538 silly audit   'side-channel': [ '1.1.0' ],
538 silly audit   unpipe: [ '1.0.0' ],
538 silly audit   string_decoder: [ '1.3.0' ],
538 silly audit   'util-deprecate': [ '1.0.2' ],
538 silly audit   'is-promise': [ '4.0.0' ],
538 silly audit   'path-to-regexp': [ '8.3.0' ],
538 silly audit   'es-errors': [ '1.3.0' ],
538 silly audit   'object-inspect': [ '1.13.4' ],
538 silly audit   'side-channel-list': [ '1.0.0' ],
538 silly audit   'side-channel-map': [ '1.0.1' ],
538 silly audit   'side-channel-weakmap': [ '1.0.2' ],
538 silly audit   'call-bound': [ '1.0.4' ],
538 silly audit   'get-intrinsic': [ '1.3.0' ],
538 silly audit   'call-bind-apply-helpers': [ '1.0.2' ],
538 silly audit   'function-bind': [ '1.1.2' ],
538 silly audit   'es-define-property': [ '1.0.1' ],
538 silly audit   'es-object-atoms': [ '1.1.1' ],
538 silly audit   'get-proto': [ '1.0.1' ],
538 silly audit   gopd: [ '1.2.0' ],
538 silly audit   'has-symbols': [ '1.1.0' ],
538 silly audit   hasown: [ '2.0.2' ],
538 silly audit   'math-intrinsics': [ '1.1.0' ],
538 silly audit   'dunder-proto': [ '1.0.1' ],
538 silly audit   'media-typer': [ '1.1.0', '0.3.0' ]
538 silly audit }
539 http cache media-typer@https://registry.npmjs.org/media-typer/-/media-typer-1.1.0.tgz 0ms (cache hit)
540 http cache dunder-proto@https://registry.npmjs.org/dunder-proto/-/dunder-proto-1.0.1.tgz 0ms (cache hit)
541 http cache math-intrinsics@https://registry.npmjs.org/math-intrinsics/-/math-intrinsics-1.1.0.tgz 0ms (cache hit)
542 http cache hasown@https://registry.npmjs.org/hasown/-/hasown-2.0.2.tgz 0ms (cache hit)
543 http cache has-symbols@https://registry.npmjs.org/has-symbols/-/has-symbols-1.1.0.tgz 0ms (cache hit)
544 http cache gopd@https://registry.npmjs.org/gopd/-/gopd-1.2.0.tgz 0ms (cache hit)
545 http cache get-proto@https://registry.npmjs.org/get-proto/-/get-proto-1.0.1.tgz 1ms (cache hit)
546 http cache es-object-atoms@https://registry.npmjs.org/es-object-atoms/-/es-object-atoms-1.1.1.tgz 0ms (cache hit)
547 http cache es-define-property@https://registry.npmjs.org/es-define-property/-/es-define-property-1.0.1.tgz 0ms (cache hit)
548 http cache function-bind@https://registry.npmjs.org/function-bind/-/function-bind-1.1.2.tgz 0ms (cache hit)
549 http cache get-intrinsic@https://registry.npmjs.org/get-intrinsic/-/get-intrinsic-1.3.0.tgz 0ms (cache hit)
550 http cache call-bind-apply-helpers@https://registry.npmjs.org/call-bind-apply-helpers/-/call-bind-apply-helpers-1.0.2.tgz 0ms (cache hit)
551 http cache call-bound@https://registry.npmjs.org/call-bound/-/call-bound-1.0.4.tgz 0ms (cache hit)
552 http cache side-channel-weakmap@https://registry.npmjs.org/side-channel-weakmap/-/side-channel-weakmap-1.0.2.tgz 1ms (cache hit)
553 http cache side-channel-map@https://registry.npmjs.org/side-channel-map/-/side-channel-map-1.0.1.tgz 0ms (cache hit)
554 http cache side-channel-list@https://registry.npmjs.org/side-channel-list/-/side-channel-list-1.0.0.tgz 0ms (cache hit)
555 http cache object-inspect@https://registry.npmjs.org/object-inspect/-/object-inspect-1.13.4.tgz 1ms (cache hit)
556 http cache es-errors@https://registry.npmjs.org/es-errors/-/es-errors-1.3.0.tgz 0ms (cache hit)
557 http cache path-to-regexp@https://registry.npmjs.org/path-to-regexp/-/path-to-regexp-8.3.0.tgz 0ms (cache hit)
558 http cache is-promise@https://registry.npmjs.org/is-promise/-/is-promise-4.0.0.tgz 0ms (cache hit)
559 http cache util-deprecate@https://registry.npmjs.org/util-deprecate/-/util-deprecate-1.0.2.tgz 0ms (cache hit)
560 http cache string_decoder@https://registry.npmjs.org/string_decoder/-/string_decoder-1.3.0.tgz 0ms (cache hit)
561 http cache unpipe@https://registry.npmjs.org/unpipe/-/unpipe-1.0.0.tgz 0ms (cache hit)
562 http cache side-channel@https://registry.npmjs.org/side-channel/-/side-channel-1.1.0.tgz 0ms (cache hit)
563 http cache ipaddr.js@https://registry.npmjs.org/ipaddr.js/-/ipaddr.js-1.9.1.tgz 0ms (cache hit)
564 http cache forwarded@https://registry.npmjs.org/forwarded/-/forwarded-0.2.0.tgz 0ms (cache hit)
565 http cache wrappy@https://registry.npmjs.org/wrappy/-/wrappy-1.0.2.tgz 0ms (cache hit)
566 http cache ee-first@https://registry.npmjs.org/ee-first/-/ee-first-1.1.1.tgz 0ms (cache hit)
567 http cache minimist@https://registry.npmjs.org/minimist/-/minimist-1.2.8.tgz 0ms (cache hit)
568 http cache typedarray@https://registry.npmjs.org/typedarray/-/typedarray-0.0.6.tgz 0ms (cache hit)
569 http cache readable-stream@https://registry.npmjs.org/readable-stream/-/readable-stream-3.6.2.tgz 0ms (cache hit)
570 http cache buffer-from@https://registry.npmjs.org/buffer-from/-/buffer-from-1.1.2.tgz 0ms (cache hit)
571 http cache streamsearch@https://registry.npmjs.org/streamsearch/-/streamsearch-1.1.0.tgz 0ms (cache hit)
572 http cache xtend@https://registry.npmjs.org/xtend/-/xtend-4.0.2.tgz 0ms (cache hit)
573 http cache mkdirp@https://registry.npmjs.org/mkdirp/-/mkdirp-0.5.6.tgz 0ms (cache hit)
574 http cache concat-stream@https://registry.npmjs.org/concat-stream/-/concat-stream-2.0.0.tgz 0ms (cache hit)
575 http cache busboy@https://registry.npmjs.org/busboy/-/busboy-1.6.0.tgz 0ms (cache hit)
576 http cache append-field@https://registry.npmjs.org/append-field/-/append-field-1.0.0.tgz 0ms (cache hit)
577 http cache mime-db@https://registry.npmjs.org/mime-db/-/mime-db-1.54.0.tgz 0ms (cache hit)
578 http cache ecdsa-sig-formatter@https://registry.npmjs.org/ecdsa-sig-formatter/-/ecdsa-sig-formatter-1.0.11.tgz 0ms (cache hit)
579 http cache buffer-equal-constant-time@https://registry.npmjs.org/buffer-equal-constant-time/-/buffer-equal-constant-time-1.0.1.tgz 0ms (cache hit)
580 http cache jwa@https://registry.npmjs.org/jwa/-/jwa-1.4.2.tgz 0ms (cache hit)
581 http cache semver@https://registry.npmjs.org/semver/-/semver-7.7.3.tgz 0ms (cache hit)
582 http cache lodash.once@https://registry.npmjs.org/lodash.once/-/lodash.once-4.1.1.tgz 0ms (cache hit)
583 http cache lodash.isstring@https://registry.npmjs.org/lodash.isstring/-/lodash.isstring-4.0.1.tgz 0ms (cache hit)
584 http cache lodash.isplainobject@https://registry.npmjs.org/lodash.isplainobject/-/lodash.isplainobject-4.0.6.tgz 1ms (cache hit)
585 http cache lodash.isnumber@https://registry.npmjs.org/lodash.isnumber/-/lodash.isnumber-3.0.3.tgz 0ms (cache hit)
586 http cache lodash.isinteger@https://registry.npmjs.org/lodash.isinteger/-/lodash.isinteger-4.0.4.tgz 0ms (cache hit)
587 http cache lodash.isboolean@https://registry.npmjs.org/lodash.isboolean/-/lodash.isboolean-3.0.3.tgz 0ms (cache hit)
588 http cache lodash.includes@https://registry.npmjs.org/lodash.includes/-/lodash.includes-4.3.0.tgz 0ms (cache hit)
589 http cache jws@https://registry.npmjs.org/jws/-/jws-3.2.2.tgz 0ms (cache hit)
590 http cache safer-buffer@https://registry.npmjs.org/safer-buffer/-/safer-buffer-2.1.2.tgz 0ms (cache hit)
591 http cache toidentifier@https://registry.npmjs.org/toidentifier/-/toidentifier-1.0.1.tgz 0ms (cache hit)
592 http cache setprototypeof@https://registry.npmjs.org/setprototypeof/-/setprototypeof-1.2.0.tgz 0ms (cache hit)
593 http cache inherits@https://registry.npmjs.org/inherits/-/inherits-2.0.4.tgz 0ms (cache hit)
594 http cache depd@https://registry.npmjs.org/depd/-/depd-2.0.0.tgz 0ms (cache hit)
595 http cache ms@https://registry.npmjs.org/ms/-/ms-2.1.3.tgz 0ms (cache hit)
596 http cache safe-buffer@https://registry.npmjs.org/safe-buffer/-/safe-buffer-5.2.1.tgz 1ms (cache hit)
597 http cache raw-body@https://registry.npmjs.org/raw-body/-/raw-body-3.0.1.tgz 0ms (cache hit)
598 http cache iconv-lite@https://registry.npmjs.org/iconv-lite/-/iconv-lite-0.6.3.tgz 0ms (cache hit)
599 http cache bytes@https://registry.npmjs.org/bytes/-/bytes-3.1.2.tgz 0ms (cache hit)
600 http cache negotiator@https://registry.npmjs.org/negotiator/-/negotiator-1.0.0.tgz 0ms (cache hit)
601 http cache type-is@https://registry.npmjs.org/type-is/-/type-is-2.0.1.tgz 0ms (cache hit)
602 http cache statuses@https://registry.npmjs.org/statuses/-/statuses-2.0.2.tgz 0ms (cache hit)
603 http cache serve-static@https://registry.npmjs.org/serve-static/-/serve-static-2.2.0.tgz 0ms (cache hit)
604 http cache send@https://registry.npmjs.org/send/-/send-1.2.0.tgz 0ms (cache hit)
605 http cache router@https://registry.npmjs.org/router/-/router-2.2.0.tgz 0ms (cache hit)
606 http cache range-parser@https://registry.npmjs.org/range-parser/-/range-parser-1.2.1.tgz 0ms (cache hit)
607 http cache qs@https://registry.npmjs.org/qs/-/qs-6.14.0.tgz 0ms (cache hit)
608 http cache proxy-addr@https://registry.npmjs.org/proxy-addr/-/proxy-addr-2.0.7.tgz 0ms (cache hit)
609 http cache parseurl@https://registry.npmjs.org/parseurl/-/parseurl-1.3.3.tgz 0ms (cache hit)
610 http cache once@https://registry.npmjs.org/once/-/once-1.4.0.tgz 0ms (cache hit)
611 http cache on-finished@https://registry.npmjs.org/on-finished/-/on-finished-2.4.1.tgz 0ms (cache hit)
612 http cache mime-types@https://registry.npmjs.org/mime-types/-/mime-types-3.0.1.tgz 0ms (cache hit)
613 http cache merge-descriptors@https://registry.npmjs.org/merge-descriptors/-/merge-descriptors-2.0.0.tgz 0ms (cache hit)
614 http cache http-errors@https://registry.npmjs.org/http-errors/-/http-errors-2.0.0.tgz 0ms (cache hit)
615 http cache fresh@https://registry.npmjs.org/fresh/-/fresh-2.0.0.tgz 0ms (cache hit)
616 http cache finalhandler@https://registry.npmjs.org/finalhandler/-/finalhandler-2.1.0.tgz 0ms (cache hit)
617 http cache etag@https://registry.npmjs.org/etag/-/etag-1.8.1.tgz 0ms (cache hit)
618 http cache escape-html@https://registry.npmjs.org/escape-html/-/escape-html-1.0.3.tgz 0ms (cache hit)
619 http cache encodeurl@https://registry.npmjs.org/encodeurl/-/encodeurl-2.0.0.tgz 0ms (cache hit)
620 http cache debug@https://registry.npmjs.org/debug/-/debug-4.4.3.tgz 0ms (cache hit)
621 http cache cookie-signature@https://registry.npmjs.org/cookie-signature/-/cookie-signature-1.2.2.tgz 0ms (cache hit)
622 http cache content-type@https://registry.npmjs.org/content-type/-/content-type-1.0.5.tgz 0ms (cache hit)
623 http cache content-disposition@https://registry.npmjs.org/content-disposition/-/content-disposition-1.0.0.tgz 0ms (cache hit)
624 http cache body-parser@https://registry.npmjs.org/body-parser/-/body-parser-2.2.0.tgz 0ms (cache hit)
625 http cache accepts@https://registry.npmjs.org/accepts/-/accepts-2.0.0.tgz 0ms (cache hit)
626 http cache vary@https://registry.npmjs.org/vary/-/vary-1.1.2.tgz 0ms (cache hit)
627 http cache object-assign@https://registry.npmjs.org/object-assign/-/object-assign-4.1.1.tgz 0ms (cache hit)
628 http cache multer@https://registry.npmjs.org/multer/-/multer-2.0.2.tgz 0ms (cache hit)
629 http cache jsonwebtoken@https://registry.npmjs.org/jsonwebtoken/-/jsonwebtoken-9.0.2.tgz 0ms (cache hit)
630 http cache express@https://registry.npmjs.org/express/-/express-5.1.0.tgz 0ms (cache hit)
631 http cache dotenv@https://registry.npmjs.org/dotenv/-/dotenv-17.2.3.tgz 0ms (cache hit)
632 http cache cors@https://registry.npmjs.org/cors/-/cors-2.8.5.tgz 0ms (cache hit)
633 http cache bcryptjs@https://registry.npmjs.org/bcryptjs/-/bcryptjs-3.0.2.tgz 0ms (cache hit)
634 http cache iconv-lite@https://registry.npmjs.org/iconv-lite/-/iconv-lite-0.7.0.tgz 0ms (cache hit)
635 http cache statuses@https://registry.npmjs.org/statuses/-/statuses-2.0.1.tgz 0ms (cache hit)
636 http cache mime-db@https://registry.npmjs.org/mime-db/-/mime-db-1.52.0.tgz 0ms (cache hit)
637 http cache media-typer@https://registry.npmjs.org/media-typer/-/media-typer-0.3.0.tgz 0ms (cache hit)
638 http cache mime-types@https://registry.npmjs.org/mime-types/-/mime-types-2.1.35.tgz 0ms (cache hit)
639 http cache type-is@https://registry.npmjs.org/type-is/-/type-is-1.6.18.tgz 0ms (cache hit)
640 http cache cookie@https://registry.npmjs.org/cookie/-/cookie-0.7.2.tgz 0ms (cache hit)
641 http fetch POST 200 https://registry.npmjs.org/-/npm/v1/security/advisories/bulk 1156ms
642 silly audit report {}
643 silly ADD node_modules/media-typer
644 silly ADD node_modules/dunder-proto
645 silly ADD node_modules/math-intrinsics
646 silly ADD node_modules/hasown
647 silly ADD node_modules/has-symbols
648 silly ADD node_modules/gopd
649 silly ADD node_modules/get-proto
650 silly ADD node_modules/es-object-atoms
651 silly ADD node_modules/es-define-property
652 silly ADD node_modules/function-bind
653 silly ADD node_modules/call-bind-apply-helpers
654 silly ADD node_modules/get-intrinsic
655 silly ADD node_modules/call-bound
656 silly ADD node_modules/side-channel-weakmap
657 silly ADD node_modules/side-channel-map
658 silly ADD node_modules/side-channel-list
659 silly ADD node_modules/object-inspect
660 silly ADD node_modules/es-errors
661 silly ADD node_modules/path-to-regexp
662 silly ADD node_modules/is-promise
663 silly ADD node_modules/util-deprecate
664 silly ADD node_modules/string_decoder
665 silly ADD node_modules/unpipe
666 silly ADD node_modules/side-channel
667 silly ADD node_modules/ipaddr.js
668 silly ADD node_modules/forwarded
669 silly ADD node_modules/wrappy
670 silly ADD node_modules/ee-first
671 silly ADD node_modules/minimist
672 silly ADD node_modules/typedarray
673 silly ADD node_modules/readable-stream
674 silly ADD node_modules/buffer-from
675 silly ADD node_modules/streamsearch
676 silly ADD node_modules/xtend
677 silly ADD node_modules/mkdirp
678 silly ADD node_modules/concat-stream
679 silly ADD node_modules/busboy
680 silly ADD node_modules/append-field
681 silly ADD node_modules/mime-db
682 silly ADD node_modules/ecdsa-sig-formatter
683 silly ADD node_modules/buffer-equal-constant-time
684 silly ADD node_modules/jwa
685 silly ADD node_modules/semver
686 silly ADD node_modules/lodash.once
687 silly ADD node_modules/lodash.isstring
688 silly ADD node_modules/lodash.isplainobject
689 silly ADD node_modules/lodash.isnumber
690 silly ADD node_modules/lodash.isinteger
691 silly ADD node_modules/lodash.isboolean
692 silly ADD node_modules/lodash.includes
693 silly ADD node_modules/jws
694 silly ADD node_modules/safer-buffer
695 silly ADD node_modules/toidentifier
696 silly ADD node_modules/setprototypeof
697 silly ADD node_modules/inherits
698 silly ADD node_modules/depd
699 silly ADD node_modules/ms
700 silly ADD node_modules/safe-buffer
701 silly ADD node_modules/raw-body
702 silly ADD node_modules/raw-body/node_modules/iconv-lite
703 silly ADD node_modules/iconv-lite
704 silly ADD node_modules/bytes
705 silly ADD node_modules/negotiator
706 silly ADD node_modules/type-is
707 silly ADD node_modules/statuses
708 silly ADD node_modules/serve-static
709 silly ADD node_modules/send
710 silly ADD node_modules/router
711 silly ADD node_modules/range-parser
712 silly ADD node_modules/qs
713 silly ADD node_modules/proxy-addr
714 silly ADD node_modules/parseurl
715 silly ADD node_modules/once
716 silly ADD node_modules/on-finished
717 silly ADD node_modules/mime-types
718 silly ADD node_modules/merge-descriptors
719 silly ADD node_modules/http-errors
720 silly ADD node_modules/http-errors/node_modules/statuses
721 silly ADD node_modules/fresh
722 silly ADD node_modules/finalhandler
723 silly ADD node_modules/etag
724 silly ADD node_modules/escape-html
725 silly ADD node_modules/encodeurl
726 silly ADD node_modules/debug
727 silly ADD node_modules/cookie-signature
728 silly ADD node_modules/cookie
729 silly ADD node_modules/content-type
730 silly ADD node_modules/content-disposition
731 silly ADD node_modules/body-parser
732 silly ADD node_modules/accepts
733 silly ADD node_modules/vary
734 silly ADD node_modules/object-assign
735 silly ADD node_modules/multer
736 silly ADD node_modules/multer/node_modules/mime-db
737 silly ADD node_modules/multer/node_modules/mime-types
738 silly ADD node_modules/multer/node_modules/media-typer
739 silly ADD node_modules/multer/node_modules/type-is
740 silly ADD node_modules/jsonwebtoken
741 silly ADD node_modules/express
742 silly ADD node_modules/dotenv
743 silly ADD node_modules/cors
744 silly ADD node_modules/bcryptjs
745 verbose cwd /data/data/com.termux/files/home/backend
746 verbose os Linux 5.4.259-qgki-gf6360e97909c
747 verbose node v24.9.0
748 verbose npm  v11.6.0
749 verbose exit 0
750 info ok
