0 verbose cli /data/data/com.termux/files/usr/bin/node /data/data/com.termux/files/usr/bin/npm
1 info using npm@11.6.0
2 info using node@v24.9.0
3 silly config load:file:/data/data/com.termux/files/usr/lib/node_modules/npm/npmrc
4 silly config load:file:/data/data/com.termux/files/home/backend/.npmrc
5 silly config load:file:/data/data/com.termux/files/home/.npmrc
6 silly config load:file:/data/data/com.termux/files/usr/etc/npmrc
7 verbose title npm install express better-sqlite3 cors bcryptjs jsonwebtoken multer dotenv
8 verbose argv "install" "express" "better-sqlite3" "cors" "bcryptjs" "jsonwebtoken" "multer" "dotenv"
9 verbose logfile logs-max:10 dir:/data/data/com.termux/files/home/.npm/_logs/2025-11-02T20_38_09_973Z-
10 verbose logfile /data/data/com.termux/files/home/.npm/_logs/2025-11-02T20_38_09_973Z-debug-0.log
11 silly logfile done cleaning log files
12 silly packumentCache heap:1174405120 maxSize:293601280 maxEntrySize:146800640
13 silly idealTree buildDeps
14 silly fetch manifest express@*
15 silly packumentCache full:https://registry.npmjs.org/express cache-miss
16 http cache https://registry.npmjs.org/express 76ms (cache hit)
17 silly packumentCache full:https://registry.npmjs.org/express set size:796286 disposed:false
18 silly fetch manifest better-sqlite3@*
19 silly packumentCache full:https://registry.npmjs.org/better-sqlite3 cache-miss
20 http fetch GET 200 https://registry.npmjs.org/better-sqlite3 1577ms (cache miss)
21 silly packumentCache full:https://registry.npmjs.org/better-sqlite3 set size:undefined disposed:false
22 silly fetch manifest cors@*
23 silly packumentCache full:https://registry.npmjs.org/cors cache-miss
24 http cache https://registry.npmjs.org/cors 39ms (cache hit)
25 silly packumentCache full:https://registry.npmjs.org/cors set size:73833 disposed:false
26 silly fetch manifest bcryptjs@*
27 silly packumentCache full:https://registry.npmjs.org/bcryptjs cache-miss
28 http cache https://registry.npmjs.org/bcryptjs 36ms (cache hit)
29 silly packumentCache full:https://registry.npmjs.org/bcryptjs set size:77773 disposed:false
30 silly fetch manifest jsonwebtoken@*
31 silly packumentCache full:https://registry.npmjs.org/jsonwebtoken cache-miss
32 http cache https://registry.npmjs.org/jsonwebtoken 49ms (cache hit)
33 silly packumentCache full:https://registry.npmjs.org/jsonwebtoken set size:181359 disposed:false
34 silly fetch manifest multer@*
35 silly packumentCache full:https://registry.npmjs.org/multer cache-miss
36 http cache https://registry.npmjs.org/multer 41ms (cache hit)
37 silly packumentCache full:https://registry.npmjs.org/multer set size:145789 disposed:false
38 silly fetch manifest dotenv@*
39 silly packumentCache full:https://registry.npmjs.org/dotenv cache-miss
40 http cache https://registry.npmjs.org/dotenv 38ms (cache hit)
41 silly packumentCache full:https://registry.npmjs.org/dotenv set size:261324 disposed:false
42 silly placeDep ROOT bcryptjs@3.0.2 OK for: backend@1.0.0 want: *
43 silly placeDep ROOT better-sqlite3@12.4.1 OK for: backend@1.0.0 want: *
44 silly placeDep ROOT cors@2.8.5 OK for: backend@1.0.0 want: *
45 silly placeDep ROOT dotenv@17.2.3 OK for: backend@1.0.0 want: *
46 silly placeDep ROOT express@5.1.0 OK for: backend@1.0.0 want: *
47 silly placeDep ROOT jsonwebtoken@9.0.2 OK for: backend@1.0.0 want: *
48 silly placeDep ROOT multer@2.0.2 OK for: backend@1.0.0 want: *
49 silly fetch manifest bindings@^1.5.0
50 silly packumentCache full:https://registry.npmjs.org/bindings cache-miss
51 silly fetch manifest prebuild-install@^7.1.1
52 silly packumentCache full:https://registry.npmjs.org/prebuild-install cache-miss
53 silly fetch manifest vary@^1
54 silly packumentCache full:https://registry.npmjs.org/vary cache-miss
55 silly fetch manifest object-assign@^4
56 silly packumentCache full:https://registry.npmjs.org/object-assign cache-miss
57 silly fetch manifest qs@^6.14.0
58 silly packumentCache full:https://registry.npmjs.org/qs cache-miss
59 http cache https://registry.npmjs.org/vary 32ms (cache hit)
60 silly packumentCache full:https://registry.npmjs.org/vary set size:16018 disposed:false
61 silly fetch manifest etag@^1.8.1
62 silly packumentCache full:https://registry.npmjs.org/etag cache-miss
63 http cache https://registry.npmjs.org/object-assign 37ms (cache hit)
64 silly packumentCache full:https://registry.npmjs.org/object-assign set size:28988 disposed:false
65 silly fetch manifest once@^1.4.0
66 silly packumentCache full:https://registry.npmjs.org/once cache-miss
67 http cache https://registry.npmjs.org/bindings 49ms (cache hit)
68 silly packumentCache full:https://registry.npmjs.org/bindings set size:31303 disposed:false
69 silly fetch manifest send@^1.1.0
70 silly packumentCache full:https://registry.npmjs.org/send cache-miss
71 http cache https://registry.npmjs.org/qs 50ms (cache hit)
72 silly packumentCache full:https://registry.npmjs.org/qs set size:264677 disposed:false
73 silly fetch manifest vary@^1.1.2
74 silly packumentCache full:https://registry.npmjs.org/vary cache-hit
75 silly fetch manifest debug@^4.4.0
76 silly packumentCache full:https://registry.npmjs.org/debug cache-miss
77 http cache https://registry.npmjs.org/prebuild-install 78ms (cache hit)
78 silly packumentCache full:https://registry.npmjs.org/prebuild-install set size:178807 disposed:false
79 silly fetch manifest fresh@^2.0.0
80 silly packumentCache full:https://registry.npmjs.org/fresh cache-miss
81 http cache https://registry.npmjs.org/etag 56ms (cache hit)
82 silly packumentCache full:https://registry.npmjs.org/etag set size:30032 disposed:false
83 silly fetch manifest cookie@^0.7.1
84 silly packumentCache full:https://registry.npmjs.org/cookie cache-miss
85 http cache https://registry.npmjs.org/once 52ms (cache hit)
86 silly packumentCache full:https://registry.npmjs.org/once set size:11768 disposed:false
87 silly fetch manifest router@^2.2.0
88 silly packumentCache full:https://registry.npmjs.org/router cache-miss
89 http cache https://registry.npmjs.org/send 53ms (cache hit)
90 silly packumentCache full:https://registry.npmjs.org/send set size:147586 disposed:false
91 silly fetch manifest accepts@^2.0.0
92 silly packumentCache full:https://registry.npmjs.org/accepts cache-miss
93 http cache https://registry.npmjs.org/debug 45ms (cache hit)
94 silly packumentCache full:https://registry.npmjs.org/debug set size:195840 disposed:false
95 silly fetch manifest type-is@^2.0.1
96 silly packumentCache full:https://registry.npmjs.org/type-is cache-miss
97 http cache https://registry.npmjs.org/fresh 41ms (cache hit)
98 silly packumentCache full:https://registry.npmjs.org/fresh set size:25427 disposed:false
99 silly fetch manifest parseurl@^1.3.3
100 silly packumentCache full:https://registry.npmjs.org/parseurl cache-miss
101 http cache https://registry.npmjs.org/cookie 41ms (cache hit)
102 silly packumentCache full:https://registry.npmjs.org/cookie set size:67180 disposed:false
103 silly fetch manifest statuses@^2.0.1
104 silly packumentCache full:https://registry.npmjs.org/statuses cache-miss
105 http cache https://registry.npmjs.org/router 43ms (cache hit)
106 silly packumentCache full:https://registry.npmjs.org/router set size:116499 disposed:false
107 silly fetch manifest encodeurl@^2.0.0
108 silly packumentCache full:https://registry.npmjs.org/encodeurl cache-miss
109 http cache https://registry.npmjs.org/accepts 39ms (cache hit)
110 silly packumentCache full:https://registry.npmjs.org/accepts set size:77054 disposed:false
111 silly fetch manifest mime-types@^3.0.0
112 silly packumentCache full:https://registry.npmjs.org/mime-types cache-miss
113 http cache https://registry.npmjs.org/type-is 35ms (cache hit)
114 silly packumentCache full:https://registry.npmjs.org/type-is set size:86196 disposed:false
115 silly fetch manifest proxy-addr@^2.0.7
116 silly packumentCache full:https://registry.npmjs.org/proxy-addr cache-miss
117 http cache https://registry.npmjs.org/parseurl 38ms (cache hit)
118 silly packumentCache full:https://registry.npmjs.org/parseurl set size:24148 disposed:false
119 silly fetch manifest body-parser@^2.2.0
120 silly packumentCache full:https://registry.npmjs.org/body-parser cache-miss
121 http cache https://registry.npmjs.org/encodeurl 27ms (cache hit)
122 silly packumentCache full:https://registry.npmjs.org/encodeurl set size:12296 disposed:false
123 silly fetch manifest escape-html@^1.0.3
124 silly packumentCache full:https://registry.npmjs.org/escape-html cache-miss
125 http cache https://registry.npmjs.org/mime-types 26ms (cache hit)
126 silly packumentCache full:https://registry.npmjs.org/mime-types set size:136716 disposed:false
127 silly fetch manifest http-errors@^2.0.0
128 silly packumentCache full:https://registry.npmjs.org/http-errors cache-miss
129 http cache https://registry.npmjs.org/statuses 42ms (cache hit)
130 silly packumentCache full:https://registry.npmjs.org/statuses set size:37117 disposed:false
131 silly fetch manifest on-finished@^2.4.1
132 silly packumentCache full:https://registry.npmjs.org/on-finished cache-miss
133 http cache https://registry.npmjs.org/proxy-addr 38ms (cache hit)
134 silly packumentCache full:https://registry.npmjs.org/proxy-addr set size:61619 disposed:false
135 silly fetch manifest content-type@^1.0.5
136 silly packumentCache full:https://registry.npmjs.org/content-type cache-miss
137 http cache https://registry.npmjs.org/escape-html 41ms (cache hit)
138 silly packumentCache full:https://registry.npmjs.org/escape-html set size:7345 disposed:false
139 silly fetch manifest finalhandler@^2.1.0
140 silly packumentCache full:https://registry.npmjs.org/finalhandler cache-miss
141 http cache https://registry.npmjs.org/body-parser 55ms (cache hit)
142 silly packumentCache full:https://registry.npmjs.org/body-parser set size:209501 disposed:false
143 silly fetch manifest range-parser@^1.2.1
144 silly packumentCache full:https://registry.npmjs.org/range-parser cache-miss
145 http cache https://registry.npmjs.org/on-finished 48ms (cache hit)
146 silly packumentCache full:https://registry.npmjs.org/on-finished set size:23212 disposed:false
147 silly fetch manifest serve-static@^2.2.0
148 silly packumentCache full:https://registry.npmjs.org/serve-static cache-miss
149 http cache https://registry.npmjs.org/http-errors 56ms (cache hit)
150 silly packumentCache full:https://registry.npmjs.org/http-errors set size:69537 disposed:false
151 silly fetch manifest cookie-signature@^1.2.1
152 silly packumentCache full:https://registry.npmjs.org/cookie-signature cache-miss
153 http cache https://registry.npmjs.org/content-type 50ms (cache hit)
154 silly packumentCache full:https://registry.npmjs.org/content-type set size:17311 disposed:false
155 silly fetch manifest merge-descriptors@^2.0.0
156 silly packumentCache full:https://registry.npmjs.org/merge-descriptors cache-miss
157 http cache https://registry.npmjs.org/finalhandler 42ms (cache hit)
158 silly packumentCache full:https://registry.npmjs.org/finalhandler set size:74406 disposed:false
159 silly fetch manifest content-disposition@^1.0.0
160 silly packumentCache full:https://registry.npmjs.org/content-disposition cache-miss
161 http cache https://registry.npmjs.org/range-parser 37ms (cache hit)
162 silly packumentCache full:https://registry.npmjs.org/range-parser set size:22228 disposed:false
163 silly fetch manifest ms@^2.1.1
164 silly packumentCache full:https://registry.npmjs.org/ms cache-miss
165 http cache https://registry.npmjs.org/serve-static 34ms (cache hit)
166 silly packumentCache full:https://registry.npmjs.org/serve-static set size:145938 disposed:false
167 silly fetch manifest jws@^3.2.2
168 silly packumentCache full:https://registry.npmjs.org/jws cache-miss
169 http cache https://registry.npmjs.org/cookie-signature 44ms (cache hit)
170 silly packumentCache full:https://registry.npmjs.org/cookie-signature set size:21777 disposed:false
171 silly fetch manifest semver@^7.5.4
172 silly packumentCache full:https://registry.npmjs.org/semver cache-miss
173 http cache https://registry.npmjs.org/merge-descriptors 67ms (cache hit)
174 silly packumentCache full:https://registry.npmjs.org/merge-descriptors set size:16527 disposed:false
175 silly fetch manifest lodash.once@^4.0.0
176 silly packumentCache full:https://registry.npmjs.org/lodash.once cache-miss
177 http cache https://registry.npmjs.org/ms 65ms (cache hit)
178 silly packumentCache full:https://registry.npmjs.org/ms set size:92208 disposed:false
179 silly fetch manifest lodash.includes@^4.3.0
180 silly packumentCache full:https://registry.npmjs.org/lodash.includes cache-miss
181 http cache https://registry.npmjs.org/content-disposition 87ms (cache hit)
182 silly packumentCache full:https://registry.npmjs.org/content-disposition set size:26893 disposed:false
183 silly fetch manifest lodash.isnumber@^3.0.3
184 silly packumentCache full:https://registry.npmjs.org/lodash.isnumber cache-miss
185 http cache https://registry.npmjs.org/jws 85ms (cache hit)
186 silly packumentCache full:https://registry.npmjs.org/jws set size:45532 disposed:false
187 silly fetch manifest lodash.isstring@^4.0.1
188 silly packumentCache full:https://registry.npmjs.org/lodash.isstring cache-miss
189 http cache https://registry.npmjs.org/semver 81ms (cache hit)
190 silly packumentCache full:https://registry.npmjs.org/semver set size:226907 disposed:false
191 silly fetch manifest lodash.isboolean@^3.0.3
192 silly packumentCache full:https://registry.npmjs.org/lodash.isboolean cache-miss
193 http cache https://registry.npmjs.org/lodash.once 66ms (cache hit)
194 silly packumentCache full:https://registry.npmjs.org/lodash.once set size:23407 disposed:false
195 silly fetch manifest lodash.isinteger@^4.0.4
196 silly packumentCache full:https://registry.npmjs.org/lodash.isinteger cache-miss
197 http cache https://registry.npmjs.org/lodash.includes 68ms (cache hit)
198 silly packumentCache full:https://registry.npmjs.org/lodash.includes set size:27594 disposed:false
199 silly fetch manifest lodash.isplainobject@^4.0.6
200 silly packumentCache full:https://registry.npmjs.org/lodash.isplainobject cache-miss
201 http cache https://registry.npmjs.org/lodash.isstring 51ms (cache hit)
202 silly packumentCache full:https://registry.npmjs.org/lodash.isstring set size:21368 disposed:false
203 silly fetch manifest append-field@^1.0.0
204 silly packumentCache full:https://registry.npmjs.org/append-field cache-miss
205 http cache https://registry.npmjs.org/lodash.isnumber 67ms (cache hit)
206 silly packumentCache full:https://registry.npmjs.org/lodash.isnumber set size:21368 disposed:false
207 silly fetch manifest busboy@^1.6.0
208 silly packumentCache full:https://registry.npmjs.org/busboy cache-miss
209 http cache https://registry.npmjs.org/lodash.isboolean 55ms (cache hit)
210 silly packumentCache full:https://registry.npmjs.org/lodash.isboolean set size:21437 disposed:false
211 silly fetch manifest concat-stream@^2.0.0
212 silly packumentCache full:https://registry.npmjs.org/concat-stream cache-miss
213 http cache https://registry.npmjs.org/lodash.isinteger 46ms (cache hit)
214 silly packumentCache full:https://registry.npmjs.org/lodash.isinteger set size:10827 disposed:false
215 silly fetch manifest mkdirp@^0.5.6
216 silly packumentCache full:https://registry.npmjs.org/mkdirp cache-miss
217 http cache https://registry.npmjs.org/lodash.isplainobject 39ms (cache hit)
218 silly packumentCache full:https://registry.npmjs.org/lodash.isplainobject set size:38531 disposed:false
219 silly fetch manifest object-assign@^4.1.1
220 silly packumentCache full:https://registry.npmjs.org/object-assign cache-hit
221 silly fetch manifest type-is@^1.6.18
222 silly packumentCache full:https://registry.npmjs.org/type-is cache-hit
223 silly fetch manifest xtend@^4.0.2
224 silly packumentCache full:https://registry.npmjs.org/xtend cache-miss
225 http cache https://registry.npmjs.org/append-field 42ms (cache hit)
226 silly packumentCache full:https://registry.npmjs.org/append-field set size:7798 disposed:false
227 http cache https://registry.npmjs.org/busboy 40ms (cache hit)
228 silly packumentCache full:https://registry.npmjs.org/busboy set size:78925 disposed:false
229 http cache https://registry.npmjs.org/concat-stream 41ms (cache hit)
230 silly packumentCache full:https://registry.npmjs.org/concat-stream set size:63783 disposed:false
231 http cache https://registry.npmjs.org/mkdirp 41ms (cache hit)
232 silly packumentCache full:https://registry.npmjs.org/mkdirp set size:116455 disposed:false
233 http cache https://registry.npmjs.org/xtend 47ms (cache hit)
234 silly packumentCache full:https://registry.npmjs.org/xtend set size:28314 disposed:false
235 silly placeDep ROOT bindings@1.5.0 OK for: better-sqlite3@12.4.1 want: ^1.5.0
236 silly placeDep ROOT prebuild-install@7.1.3 OK for: better-sqlite3@12.4.1 want: ^7.1.1
237 silly fetch manifest file-uri-to-path@1.0.0
238 silly packumentCache full:https://registry.npmjs.org/file-uri-to-path cache-miss
239 silly fetch manifest detect-libc@^2.0.0
240 silly packumentCache full:https://registry.npmjs.org/detect-libc cache-miss
241 silly fetch manifest expand-template@^2.0.3
242 silly packumentCache full:https://registry.npmjs.org/expand-template cache-miss
243 silly fetch manifest github-from-package@0.0.0
244 silly packumentCache full:https://registry.npmjs.org/github-from-package cache-miss
245 silly fetch manifest minimist@^1.2.3
246 silly packumentCache full:https://registry.npmjs.org/minimist cache-miss
247 http cache https://registry.npmjs.org/expand-template 35ms (cache hit)
248 silly packumentCache full:https://registry.npmjs.org/expand-template set size:23203 disposed:false
249 silly fetch manifest mkdirp-classic@^0.5.3
250 silly packumentCache full:https://registry.npmjs.org/mkdirp-classic cache-miss
251 http cache https://registry.npmjs.org/github-from-package 41ms (cache hit)
252 silly packumentCache full:https://registry.npmjs.org/github-from-package set size:3718 disposed:false
253 silly fetch manifest napi-build-utils@^2.0.0
254 silly packumentCache full:https://registry.npmjs.org/napi-build-utils cache-miss
255 http cache https://registry.npmjs.org/detect-libc 48ms (cache hit)
256 silly packumentCache full:https://registry.npmjs.org/detect-libc set size:47861 disposed:false
257 silly fetch manifest node-abi@^3.3.0
258 silly packumentCache full:https://registry.npmjs.org/node-abi cache-miss
259 http cache https://registry.npmjs.org/minimist 48ms (cache hit)
260 silly packumentCache full:https://registry.npmjs.org/minimist set size:77082 disposed:false
261 silly fetch manifest pump@^3.0.0
262 silly packumentCache full:https://registry.npmjs.org/pump cache-miss
263 http cache https://registry.npmjs.org/file-uri-to-path 61ms (cache hit)
264 silly packumentCache full:https://registry.npmjs.org/file-uri-to-path set size:10154 disposed:false
265 silly fetch manifest rc@^1.2.7
266 silly packumentCache full:https://registry.npmjs.org/rc cache-miss
267 http cache https://registry.npmjs.org/node-abi 53ms (cache hit)
268 silly packumentCache full:https://registry.npmjs.org/node-abi set size:315353 disposed:false
269 silly fetch manifest simple-get@^4.0.0
270 silly packumentCache full:https://registry.npmjs.org/simple-get cache-miss
271 http cache https://registry.npmjs.org/mkdirp-classic 78ms (cache hit)
272 silly packumentCache full:https://registry.npmjs.org/mkdirp-classic set size:5503 disposed:false
273 silly fetch manifest tar-fs@^2.0.0
274 silly packumentCache full:https://registry.npmjs.org/tar-fs cache-miss
275 http cache https://registry.npmjs.org/napi-build-utils 76ms (cache hit)
276 silly packumentCache full:https://registry.npmjs.org/napi-build-utils set size:13501 disposed:false
277 silly fetch manifest tunnel-agent@^0.6.0
278 silly packumentCache full:https://registry.npmjs.org/tunnel-agent cache-miss
279 http cache https://registry.npmjs.org/rc 65ms (cache hit)
280 silly packumentCache full:https://registry.npmjs.org/rc set size:70417 disposed:false
281 http cache https://registry.npmjs.org/pump 74ms (cache hit)
282 silly packumentCache full:https://registry.npmjs.org/pump set size:39621 disposed:false
283 http cache https://registry.npmjs.org/tunnel-agent 24ms (cache hit)
284 silly packumentCache full:https://registry.npmjs.org/tunnel-agent set size:12847 disposed:false
285 http cache https://registry.npmjs.org/tar-fs 31ms (cache hit)
286 silly packumentCache full:https://registry.npmjs.org/tar-fs set size:116372 disposed:false
287 http cache https://registry.npmjs.org/simple-get 40ms (cache hit)
288 silly packumentCache full:https://registry.npmjs.org/simple-get set size:90014 disposed:false
289 silly placeDep ROOT file-uri-to-path@1.0.0 OK for: bindings@1.5.0 want: 1.0.0
290 silly placeDep ROOT object-assign@4.1.1 OK for: cors@2.8.5 want: ^4
291 silly placeDep ROOT vary@1.1.2 OK for: cors@2.8.5 want: ^1
292 silly placeDep ROOT accepts@2.0.0 OK for: express@5.1.0 want: ^2.0.0
293 silly placeDep ROOT body-parser@2.2.0 OK for: express@5.1.0 want: ^2.2.0
294 silly placeDep ROOT content-disposition@1.0.0 OK for: express@5.1.0 want: ^1.0.0
295 silly placeDep ROOT content-type@1.0.5 OK for: express@5.1.0 want: ^1.0.5
296 silly placeDep ROOT cookie@0.7.2 OK for: express@5.1.0 want: ^0.7.1
297 silly placeDep ROOT cookie-signature@1.2.2 OK for: express@5.1.0 want: ^1.2.1
298 silly placeDep ROOT debug@4.4.3 OK for: express@5.1.0 want: ^4.4.0
299 silly placeDep ROOT encodeurl@2.0.0 OK for: express@5.1.0 want: ^2.0.0
300 silly placeDep ROOT escape-html@1.0.3 OK for: express@5.1.0 want: ^1.0.3
301 silly placeDep ROOT etag@1.8.1 OK for: express@5.1.0 want: ^1.8.1
302 silly placeDep ROOT finalhandler@2.1.0 OK for: express@5.1.0 want: ^2.1.0
303 silly placeDep ROOT fresh@2.0.0 OK for: express@5.1.0 want: ^2.0.0
304 silly placeDep ROOT http-errors@2.0.0 OK for: express@5.1.0 want: ^2.0.0
305 silly placeDep ROOT merge-descriptors@2.0.0 OK for: express@5.1.0 want: ^2.0.0
306 silly placeDep ROOT mime-types@3.0.1 OK for: express@5.1.0 want: ^3.0.0
307 silly placeDep ROOT on-finished@2.4.1 OK for: express@5.1.0 want: ^2.4.1
308 silly placeDep ROOT once@1.4.0 OK for: express@5.1.0 want: ^1.4.0
309 silly placeDep ROOT parseurl@1.3.3 OK for: express@5.1.0 want: ^1.3.3
310 silly placeDep ROOT proxy-addr@2.0.7 OK for: express@5.1.0 want: ^2.0.7
311 silly placeDep ROOT qs@6.14.0 OK for: express@5.1.0 want: ^6.14.0
312 silly placeDep ROOT range-parser@1.2.1 OK for: express@5.1.0 want: ^1.2.1
313 silly placeDep ROOT router@2.2.0 OK for: express@5.1.0 want: ^2.2.0
314 silly placeDep ROOT send@1.2.0 OK for: express@5.1.0 want: ^1.1.0
315 silly placeDep ROOT serve-static@2.2.0 OK for: express@5.1.0 want: ^2.2.0
316 silly placeDep ROOT statuses@2.0.2 OK for: express@5.1.0 want: ^2.0.1
317 silly placeDep ROOT type-is@2.0.1 OK for: express@5.1.0 want: ^2.0.1
318 silly fetch manifest negotiator@^1.0.0
319 silly packumentCache full:https://registry.npmjs.org/negotiator cache-miss
320 silly fetch manifest bytes@^3.1.2
321 silly packumentCache full:https://registry.npmjs.org/bytes cache-miss
322 silly fetch manifest type-is@^2.0.0
323 silly packumentCache full:https://registry.npmjs.org/type-is cache-hit
324 silly fetch manifest raw-body@^3.0.0
325 silly packumentCache full:https://registry.npmjs.org/raw-body cache-miss
326 silly fetch manifest iconv-lite@^0.6.3
327 silly packumentCache full:https://registry.npmjs.org/iconv-lite cache-miss
328 silly fetch manifest safe-buffer@5.2.1
329 silly packumentCache full:https://registry.npmjs.org/safe-buffer cache-miss
330 http cache https://registry.npmjs.org/negotiator 29ms (cache hit)
331 silly packumentCache full:https://registry.npmjs.org/negotiator set size:48046 disposed:false
332 silly fetch manifest ms@^2.1.3
333 silly packumentCache full:https://registry.npmjs.org/ms cache-hit
334 silly fetch manifest depd@2.0.0
335 silly packumentCache full:https://registry.npmjs.org/depd cache-miss
336 http cache https://registry.npmjs.org/iconv-lite 30ms (cache hit)
337 silly packumentCache full:https://registry.npmjs.org/iconv-lite set size:118890 disposed:false
338 silly fetch manifest inherits@2.0.4
339 silly packumentCache full:https://registry.npmjs.org/inherits cache-miss
340 http cache https://registry.npmjs.org/bytes 55ms (cache hit)
341 silly packumentCache full:https://registry.npmjs.org/bytes set size:37018 disposed:false
342 silly fetch manifest statuses@2.0.1
343 silly packumentCache full:https://registry.npmjs.org/statuses cache-hit
344 silly fetch manifest toidentifier@1.0.1
345 silly packumentCache full:https://registry.npmjs.org/toidentifier cache-miss
346 http cache https://registry.npmjs.org/raw-body 57ms (cache hit)
347 silly packumentCache full:https://registry.npmjs.org/raw-body set size:111234 disposed:false
348 silly fetch manifest setprototypeof@1.2.0
349 silly packumentCache full:https://registry.npmjs.org/setprototypeof cache-miss
350 http cache https://registry.npmjs.org/safe-buffer 58ms (cache hit)
351 silly packumentCache full:https://registry.npmjs.org/safe-buffer set size:41183 disposed:false
352 silly fetch manifest mime-db@^1.54.0
353 silly packumentCache full:https://registry.npmjs.org/mime-db cache-miss
354 http cache https://registry.npmjs.org/depd 48ms (cache hit)
355 silly packumentCache full:https://registry.npmjs.org/depd set size:40182 disposed:false
356 silly fetch manifest ee-first@1.1.1
357 silly packumentCache full:https://registry.npmjs.org/ee-first cache-miss
358 http cache https://registry.npmjs.org/inherits 43ms (cache hit)
359 silly packumentCache full:https://registry.npmjs.org/inherits set size:12925 disposed:false
360 silly fetch manifest wrappy@1
361 silly packumentCache full:https://registry.npmjs.org/wrappy cache-miss
362 http cache https://registry.npmjs.org/setprototypeof 30ms (cache hit)
363 silly packumentCache full:https://registry.npmjs.org/setprototypeof set size:14532 disposed:false
364 silly fetch manifest forwarded@0.2.0
365 silly packumentCache full:https://registry.npmjs.org/forwarded cache-miss
366 http cache https://registry.npmjs.org/mime-db 30ms (cache hit)
367 silly packumentCache full:https://registry.npmjs.org/mime-db set size:164953 disposed:false
368 silly fetch manifest ipaddr.js@1.9.1
369 silly packumentCache full:https://registry.npmjs.org/ipaddr.js cache-miss
370 http cache https://registry.npmjs.org/toidentifier 47ms (cache hit)
371 silly packumentCache full:https://registry.npmjs.org/toidentifier set size:12006 disposed:false
372 silly fetch manifest side-channel@^1.1.0
373 silly packumentCache full:https://registry.npmjs.org/side-channel cache-miss
374 http cache https://registry.npmjs.org/ee-first 33ms (cache hit)
375 silly packumentCache full:https://registry.npmjs.org/ee-first set size:15327 disposed:false
376 silly fetch manifest depd@^2.0.0
377 silly packumentCache full:https://registry.npmjs.org/depd cache-hit
378 silly fetch manifest is-promise@^4.0.0
379 silly packumentCache full:https://registry.npmjs.org/is-promise cache-miss
380 http cache https://registry.npmjs.org/wrappy 34ms (cache hit)
381 silly packumentCache full:https://registry.npmjs.org/wrappy set size:7682 disposed:false
382 silly fetch manifest path-to-regexp@^8.0.0
383 silly packumentCache full:https://registry.npmjs.org/path-to-regexp cache-miss
384 http cache https://registry.npmjs.org/ipaddr.js 28ms (cache hit)
385 silly packumentCache full:https://registry.npmjs.org/ipaddr.js set size:65942 disposed:false
386 silly fetch manifest media-typer@^1.1.0
387 silly packumentCache full:https://registry.npmjs.org/media-typer cache-miss
388 http cache https://registry.npmjs.org/forwarded 41ms (cache hit)
389 silly packumentCache full:https://registry.npmjs.org/forwarded set size:11229 disposed:false
390 http cache https://registry.npmjs.org/side-channel 34ms (cache hit)
391 silly packumentCache full:https://registry.npmjs.org/side-channel set size:24660 disposed:false
392 http cache https://registry.npmjs.org/is-promise 31ms (cache hit)
393 silly packumentCache full:https://registry.npmjs.org/is-promise set size:18599 disposed:false
394 http cache https://registry.npmjs.org/path-to-regexp 33ms (cache hit)
395 silly packumentCache full:https://registry.npmjs.org/path-to-regexp set size:207142 disposed:false
396 http cache https://registry.npmjs.org/media-typer 28ms (cache hit)
397 silly packumentCache full:https://registry.npmjs.org/media-typer set size:20873 disposed:false
398 silly placeDep ROOT negotiator@1.0.0 OK for: accepts@2.0.0 want: ^1.0.0
399 silly placeDep ROOT bytes@3.1.2 OK for: body-parser@2.2.0 want: ^3.1.2
400 silly placeDep ROOT iconv-lite@0.6.3 OK for: body-parser@2.2.0 want: ^0.6.3
401 silly placeDep ROOT raw-body@3.0.1 OK for: body-parser@2.2.0 want: ^3.0.0
402 silly fetch manifest safer-buffer@>= 2.1.2 < 3.0.0
403 silly packumentCache full:https://registry.npmjs.org/safer-buffer cache-miss
404 silly fetch manifest iconv-lite@0.7.0
405 silly packumentCache full:https://registry.npmjs.org/iconv-lite cache-hit
406 silly fetch manifest unpipe@1.0.0
407 silly packumentCache full:https://registry.npmjs.org/unpipe cache-miss
408 http cache https://registry.npmjs.org/unpipe 21ms (cache hit)
409 silly packumentCache full:https://registry.npmjs.org/unpipe set size:3537 disposed:false
410 http cache https://registry.npmjs.org/safer-buffer 25ms (cache hit)
411 silly packumentCache full:https://registry.npmjs.org/safer-buffer set size:18521 disposed:false
412 silly placeDep ROOT safe-buffer@5.2.1 OK for: content-disposition@1.0.0 want: 5.2.1
413 silly placeDep ROOT ms@2.1.3 OK for: debug@4.4.3 want: ^2.1.3
414 silly placeDep ROOT depd@2.0.0 OK for: http-errors@2.0.0 want: 2.0.0
415 silly placeDep ROOT inherits@2.0.4 OK for: http-errors@2.0.0 want: 2.0.4
416 silly placeDep ROOT setprototypeof@1.2.0 OK for: http-errors@2.0.0 want: 1.2.0
417 silly placeDep node_modules/http-errors statuses@2.0.1 OK for: http-errors@2.0.0 want: 2.0.1
418 silly placeDep ROOT toidentifier@1.0.1 OK for: http-errors@2.0.0 want: 1.0.1
419 silly placeDep ROOT safer-buffer@2.1.2 OK for: iconv-lite@0.6.3 want: >= 2.1.2 < 3.0.0
420 silly placeDep ROOT jws@3.2.2 OK for: jsonwebtoken@9.0.2 want: ^3.2.2
421 silly placeDep ROOT lodash.includes@4.3.0 OK for: jsonwebtoken@9.0.2 want: ^4.3.0
422 silly placeDep ROOT lodash.isboolean@3.0.3 OK for: jsonwebtoken@9.0.2 want: ^3.0.3
423 silly placeDep ROOT lodash.isinteger@4.0.4 OK for: jsonwebtoken@9.0.2 want: ^4.0.4
424 silly placeDep ROOT lodash.isnumber@3.0.3 OK for: jsonwebtoken@9.0.2 want: ^3.0.3
425 silly placeDep ROOT lodash.isplainobject@4.0.6 OK for: jsonwebtoken@9.0.2 want: ^4.0.6
426 silly placeDep ROOT lodash.isstring@4.0.1 OK for: jsonwebtoken@9.0.2 want: ^4.0.1
427 silly placeDep ROOT lodash.once@4.1.1 OK for: jsonwebtoken@9.0.2 want: ^4.0.0
428 silly placeDep ROOT semver@7.7.3 OK for: jsonwebtoken@9.0.2 want: ^7.5.4
429 silly fetch manifest jwa@^1.4.1
430 silly packumentCache full:https://registry.npmjs.org/jwa cache-miss
431 http cache https://registry.npmjs.org/jwa 38ms (cache hit)
432 silly packumentCache full:https://registry.npmjs.org/jwa set size:39956 disposed:false
433 silly placeDep ROOT jwa@1.4.2 OK for: jws@3.2.2 want: ^1.4.1
434 silly fetch manifest ecdsa-sig-formatter@1.0.11
435 silly packumentCache full:https://registry.npmjs.org/ecdsa-sig-formatter cache-miss
436 silly fetch manifest buffer-equal-constant-time@^1.0.1
437 silly packumentCache full:https://registry.npmjs.org/buffer-equal-constant-time cache-miss
438 http cache https://registry.npmjs.org/buffer-equal-constant-time 28ms (cache hit)
439 silly packumentCache full:https://registry.npmjs.org/buffer-equal-constant-time set size:4390 disposed:false
440 http cache https://registry.npmjs.org/ecdsa-sig-formatter 32ms (cache hit)
441 silly packumentCache full:https://registry.npmjs.org/ecdsa-sig-formatter set size:23546 disposed:false
442 silly placeDep ROOT buffer-equal-constant-time@1.0.1 OK for: jwa@1.4.2 want: ^1.0.1
443 silly placeDep ROOT ecdsa-sig-formatter@1.0.11 OK for: jwa@1.4.2 want: 1.0.11
444 silly placeDep ROOT mime-db@1.54.0 OK for: mime-types@3.0.1 want: ^1.54.0
445 silly placeDep ROOT append-field@1.0.0 OK for: multer@2.0.2 want: ^1.0.0
446 silly placeDep ROOT busboy@1.6.0 OK for: multer@2.0.2 want: ^1.6.0
447 silly placeDep ROOT concat-stream@2.0.0 OK for: multer@2.0.2 want: ^2.0.0
448 silly placeDep ROOT mkdirp@0.5.6 OK for: multer@2.0.2 want: ^0.5.6
449 silly placeDep node_modules/multer type-is@1.6.18 OK for: multer@2.0.2 want: ^1.6.18
450 silly placeDep ROOT xtend@4.0.2 OK for: multer@2.0.2 want: ^4.0.2
451 silly fetch manifest streamsearch@^1.1.0
452 silly packumentCache full:https://registry.npmjs.org/streamsearch cache-miss
453 silly fetch manifest buffer-from@^1.0.0
454 silly packumentCache full:https://registry.npmjs.org/buffer-from cache-miss
455 silly fetch manifest readable-stream@^3.0.2
456 silly packumentCache full:https://registry.npmjs.org/readable-stream cache-miss
457 silly fetch manifest typedarray@^0.0.6
458 silly packumentCache full:https://registry.npmjs.org/typedarray cache-miss
459 silly fetch manifest minimist@^1.2.6
460 silly packumentCache full:https://registry.npmjs.org/minimist cache-hit
461 silly fetch manifest mime-types@~2.1.24
462 silly packumentCache full:https://registry.npmjs.org/mime-types cache-hit
463 silly fetch manifest media-typer@0.3.0
464 silly packumentCache full:https://registry.npmjs.org/media-typer cache-hit
465 http cache https://registry.npmjs.org/streamsearch 36ms (cache hit)
466 silly packumentCache full:https://registry.npmjs.org/streamsearch set size:27372 disposed:false
467 http cache https://registry.npmjs.org/buffer-from 37ms (cache hit)
468 silly packumentCache full:https://registry.npmjs.org/buffer-from set size:15463 disposed:false
469 http cache https://registry.npmjs.org/typedarray 37ms (cache hit)
470 silly packumentCache full:https://registry.npmjs.org/typedarray set size:18469 disposed:false
471 http cache https://registry.npmjs.org/readable-stream 41ms (cache hit)
472 silly packumentCache full:https://registry.npmjs.org/readable-stream set size:261096 disposed:false
473 silly placeDep ROOT streamsearch@1.1.0 OK for: busboy@1.6.0 want: ^1.1.0
474 silly placeDep ROOT buffer-from@1.1.2 OK for: concat-stream@2.0.0 want: ^1.0.0
475 silly placeDep ROOT readable-stream@3.6.2 OK for: concat-stream@2.0.0 want: ^3.0.2
476 silly placeDep ROOT typedarray@0.0.6 OK for: concat-stream@2.0.0 want: ^0.0.6
477 silly fetch manifest string_decoder@^1.1.1
478 silly packumentCache full:https://registry.npmjs.org/string_decoder cache-miss
479 silly fetch manifest util-deprecate@^1.0.1
480 silly packumentCache full:https://registry.npmjs.org/util-deprecate cache-miss
481 http cache https://registry.npmjs.org/util-deprecate 11ms (cache hit)
482 silly packumentCache full:https://registry.npmjs.org/util-deprecate set size:6674 disposed:false
483 http cache https://registry.npmjs.org/string_decoder 14ms (cache hit)
484 silly packumentCache full:https://registry.npmjs.org/string_decoder set size:28441 disposed:false
485 silly placeDep ROOT minimist@1.2.8 OK for: mkdirp@0.5.6 want: ^1.2.6
486 silly placeDep ROOT ee-first@1.1.1 OK for: on-finished@2.4.1 want: 1.1.1
487 silly placeDep ROOT wrappy@1.0.2 OK for: once@1.4.0 want: 1
488 silly placeDep ROOT detect-libc@2.1.2 OK for: prebuild-install@7.1.3 want: ^2.0.0
489 silly placeDep ROOT expand-template@2.0.3 OK for: prebuild-install@7.1.3 want: ^2.0.3
490 silly placeDep ROOT github-from-package@0.0.0 OK for: prebuild-install@7.1.3 want: 0.0.0
491 silly placeDep ROOT mkdirp-classic@0.5.3 OK for: prebuild-install@7.1.3 want: ^0.5.3
492 silly placeDep ROOT napi-build-utils@2.0.0 OK for: prebuild-install@7.1.3 want: ^2.0.0
493 silly placeDep ROOT node-abi@3.80.0 OK for: prebuild-install@7.1.3 want: ^3.3.0
494 silly placeDep ROOT pump@3.0.3 OK for: prebuild-install@7.1.3 want: ^3.0.0
495 silly placeDep ROOT rc@1.2.8 OK for: prebuild-install@7.1.3 want: ^1.2.7
496 silly placeDep ROOT simple-get@4.0.1 OK for: prebuild-install@7.1.3 want: ^4.0.0
497 silly placeDep ROOT tar-fs@2.1.4 OK for: prebuild-install@7.1.3 want: ^2.0.0
498 silly placeDep ROOT tunnel-agent@0.6.0 OK for: prebuild-install@7.1.3 want: ^0.6.0
499 silly fetch manifest end-of-stream@^1.1.0
500 silly packumentCache full:https://registry.npmjs.org/end-of-stream cache-miss
501 silly fetch manifest ini@~1.3.0
502 silly packumentCache full:https://registry.npmjs.org/ini cache-miss
503 silly fetch manifest deep-extend@^0.6.0
504 silly packumentCache full:https://registry.npmjs.org/deep-extend cache-miss
505 silly fetch manifest strip-json-comments@~2.0.1
506 silly packumentCache full:https://registry.npmjs.org/strip-json-comments cache-miss
507 silly fetch manifest decompress-response@^6.0.0
508 silly packumentCache full:https://registry.npmjs.org/decompress-response cache-miss
509 http cache https://registry.npmjs.org/end-of-stream 18ms (cache hit)
510 silly packumentCache full:https://registry.npmjs.org/end-of-stream set size:27842 disposed:false
511 silly fetch manifest simple-concat@^1.0.0
512 silly packumentCache full:https://registry.npmjs.org/simple-concat cache-miss
513 http cache https://registry.npmjs.org/deep-extend 21ms (cache hit)
514 silly packumentCache full:https://registry.npmjs.org/deep-extend set size:34472 disposed:false
515 silly fetch manifest chownr@^1.1.1
516 silly packumentCache full:https://registry.npmjs.org/chownr cache-miss
517 http cache https://registry.npmjs.org/ini 27ms (cache hit)
518 silly packumentCache full:https://registry.npmjs.org/ini set size:57019 disposed:false
519 silly fetch manifest tar-stream@^2.1.4
520 silly packumentCache full:https://registry.npmjs.org/tar-stream cache-miss
521 http cache https://registry.npmjs.org/decompress-response 29ms (cache hit)
522 silly packumentCache full:https://registry.npmjs.org/decompress-response set size:36213 disposed:false
523 http cache https://registry.npmjs.org/strip-json-comments 34ms (cache hit)
524 silly packumentCache full:https://registry.npmjs.org/strip-json-comments set size:43569 disposed:false
525 http cache https://registry.npmjs.org/chownr 21ms (cache hit)
526 silly packumentCache full:https://registry.npmjs.org/chownr set size:22157 disposed:false
527 http cache https://registry.npmjs.org/simple-concat 29ms (cache hit)
528 silly packumentCache full:https://registry.npmjs.org/simple-concat set size:6304 disposed:false
529 http cache https://registry.npmjs.org/tar-stream 24ms (cache hit)
530 silly packumentCache full:https://registry.npmjs.org/tar-stream set size:132352 disposed:false
531 silly placeDep ROOT forwarded@0.2.0 OK for: proxy-addr@2.0.7 want: 0.2.0
532 silly placeDep ROOT ipaddr.js@1.9.1 OK for: proxy-addr@2.0.7 want: 1.9.1
533 silly placeDep ROOT end-of-stream@1.4.5 OK for: pump@3.0.3 want: ^1.1.0
534 silly placeDep ROOT side-channel@1.1.0 OK for: qs@6.14.0 want: ^1.1.0
535 silly fetch manifest es-errors@^1.3.0
536 silly packumentCache full:https://registry.npmjs.org/es-errors cache-miss
537 silly fetch manifest object-inspect@^1.13.3
538 silly packumentCache full:https://registry.npmjs.org/object-inspect cache-miss
539 silly fetch manifest side-channel-list@^1.0.0
540 silly packumentCache full:https://registry.npmjs.org/side-channel-list cache-miss
541 silly fetch manifest side-channel-map@^1.0.1
542 silly packumentCache full:https://registry.npmjs.org/side-channel-map cache-miss
543 silly fetch manifest side-channel-weakmap@^1.0.2
544 silly packumentCache full:https://registry.npmjs.org/side-channel-weakmap cache-miss
545 http cache https://registry.npmjs.org/side-channel-map 18ms (cache hit)
546 silly packumentCache full:https://registry.npmjs.org/side-channel-map set size:9126 disposed:false
547 http cache https://registry.npmjs.org/es-errors 24ms (cache hit)
548 silly packumentCache full:https://registry.npmjs.org/es-errors set size:16918 disposed:false
549 http cache https://registry.npmjs.org/side-channel-list 25ms (cache hit)
550 silly packumentCache full:https://registry.npmjs.org/side-channel-list set size:6005 disposed:false
551 http cache https://registry.npmjs.org/side-channel-weakmap 25ms (cache hit)
552 silly packumentCache full:https://registry.npmjs.org/side-channel-weakmap set size:12620 disposed:false
553 http cache https://registry.npmjs.org/object-inspect 31ms (cache hit)
554 silly packumentCache full:https://registry.npmjs.org/object-inspect set size:101912 disposed:false
555 silly placeDep node_modules/raw-body iconv-lite@0.7.0 OK for: raw-body@3.0.1 want: 0.7.0
556 silly placeDep ROOT unpipe@1.0.0 OK for: raw-body@3.0.1 want: 1.0.0
557 silly placeDep ROOT deep-extend@0.6.0 OK for: rc@1.2.8 want: ^0.6.0
558 silly placeDep ROOT ini@1.3.8 OK for: rc@1.2.8 want: ~1.3.0
559 silly placeDep ROOT strip-json-comments@2.0.1 OK for: rc@1.2.8 want: ~2.0.1
560 silly placeDep ROOT string_decoder@1.3.0 OK for: readable-stream@3.6.2 want: ^1.1.1
561 silly placeDep ROOT util-deprecate@1.0.2 OK for: readable-stream@3.6.2 want: ^1.0.1
562 silly placeDep ROOT is-promise@4.0.0 OK for: router@2.2.0 want: ^4.0.0
563 silly placeDep ROOT path-to-regexp@8.3.0 OK for: router@2.2.0 want: ^8.0.0
564 silly placeDep ROOT es-errors@1.3.0 OK for: side-channel@1.1.0 want: ^1.3.0
565 silly placeDep ROOT object-inspect@1.13.4 OK for: side-channel@1.1.0 want: ^1.13.3
566 silly placeDep ROOT side-channel-list@1.0.0 OK for: side-channel@1.1.0 want: ^1.0.0
567 silly placeDep ROOT side-channel-map@1.0.1 OK for: side-channel@1.1.0 want: ^1.0.1
568 silly placeDep ROOT side-channel-weakmap@1.0.2 OK for: side-channel@1.1.0 want: ^1.0.2
569 silly fetch manifest call-bound@^1.0.2
570 silly packumentCache full:https://registry.npmjs.org/call-bound cache-miss
571 silly fetch manifest get-intrinsic@^1.2.5
572 silly packumentCache full:https://registry.npmjs.org/get-intrinsic cache-miss
573 silly fetch manifest call-bound@^1.0.2
574 silly packumentCache full:https://registry.npmjs.org/call-bound cache-miss
575 silly fetch manifest get-intrinsic@^1.2.5
576 silly packumentCache full:https://registry.npmjs.org/get-intrinsic cache-miss
577 http cache https://registry.npmjs.org/call-bound 32ms (cache hit)
578 silly packumentCache full:https://registry.npmjs.org/call-bound set size:15317 disposed:false
579 http cache https://registry.npmjs.org/call-bound 39ms (cache hit)
580 silly packumentCache full:https://registry.npmjs.org/call-bound set size:15317 disposed:false
581 silly packumentCache full:https://registry.npmjs.org/call-bound dispose
582 http cache https://registry.npmjs.org/get-intrinsic 50ms (cache hit)
583 silly packumentCache full:https://registry.npmjs.org/get-intrinsic set size:60985 disposed:false
584 http cache https://registry.npmjs.org/get-intrinsic 56ms (cache hit)
585 silly packumentCache full:https://registry.npmjs.org/get-intrinsic set size:60985 disposed:false
586 silly packumentCache full:https://registry.npmjs.org/get-intrinsic dispose
587 silly placeDep ROOT call-bound@1.0.4 OK for: side-channel-map@1.0.1 want: ^1.0.2
588 silly placeDep ROOT get-intrinsic@1.3.0 OK for: side-channel-map@1.0.1 want: ^1.2.5
589 silly fetch manifest call-bind-apply-helpers@^1.0.2
590 silly packumentCache full:https://registry.npmjs.org/call-bind-apply-helpers cache-miss
591 silly fetch manifest get-intrinsic@^1.3.0
592 silly packumentCache full:https://registry.npmjs.org/get-intrinsic cache-hit
593 silly fetch manifest gopd@^1.2.0
594 silly packumentCache full:https://registry.npmjs.org/gopd cache-miss
595 silly fetch manifest hasown@^2.0.2
596 silly packumentCache full:https://registry.npmjs.org/hasown cache-miss
597 silly fetch manifest get-proto@^1.0.1
598 silly packumentCache full:https://registry.npmjs.org/get-proto cache-miss
599 silly fetch manifest has-symbols@^1.1.0
600 silly packumentCache full:https://registry.npmjs.org/has-symbols cache-miss
601 http cache https://registry.npmjs.org/gopd 60ms (cache hit)
602 silly packumentCache full:https://registry.npmjs.org/gopd set size:11458 disposed:false
603 silly fetch manifest function-bind@^1.1.2
604 silly packumentCache full:https://registry.npmjs.org/function-bind cache-miss
605 http cache https://registry.npmjs.org/get-proto 60ms (cache hit)
606 silly packumentCache full:https://registry.npmjs.org/get-proto set size:8300 disposed:false
607 silly fetch manifest es-object-atoms@^1.1.1
608 silly packumentCache full:https://registry.npmjs.org/es-object-atoms cache-miss
609 http cache https://registry.npmjs.org/call-bind-apply-helpers 84ms (cache hit)
610 silly packumentCache full:https://registry.npmjs.org/call-bind-apply-helpers set size:12744 disposed:false
611 silly fetch manifest math-intrinsics@^1.1.0
612 silly packumentCache full:https://registry.npmjs.org/math-intrinsics cache-miss
613 http cache https://registry.npmjs.org/hasown 79ms (cache hit)
614 silly packumentCache full:https://registry.npmjs.org/hasown set size:12476 disposed:false
615 silly fetch manifest es-define-property@^1.0.1
616 silly packumentCache full:https://registry.npmjs.org/es-define-property cache-miss
617 http cache https://registry.npmjs.org/has-symbols 77ms (cache hit)
618 silly packumentCache full:https://registry.npmjs.org/has-symbols set size:21550 disposed:false
619 http cache https://registry.npmjs.org/es-object-atoms 73ms (cache hit)
620 silly packumentCache full:https://registry.npmjs.org/es-object-atoms set size:15304 disposed:false
621 http cache https://registry.npmjs.org/function-bind 88ms (cache hit)
622 silly packumentCache full:https://registry.npmjs.org/function-bind set size:15733 disposed:false
623 http cache https://registry.npmjs.org/es-define-property 74ms (cache hit)
624 silly packumentCache full:https://registry.npmjs.org/es-define-property set size:8542 disposed:false
625 http cache https://registry.npmjs.org/math-intrinsics 90ms (cache hit)
626 silly packumentCache full:https://registry.npmjs.org/math-intrinsics set size:9265 disposed:false
627 silly placeDep ROOT call-bind-apply-helpers@1.0.2 OK for: call-bound@1.0.4 want: ^1.0.2
628 silly placeDep ROOT function-bind@1.1.2 OK for: call-bind-apply-helpers@1.0.2 want: ^1.1.2
629 silly placeDep ROOT es-define-property@1.0.1 OK for: get-intrinsic@1.3.0 want: ^1.0.1
630 silly placeDep ROOT es-object-atoms@1.1.1 OK for: get-intrinsic@1.3.0 want: ^1.1.1
631 silly placeDep ROOT get-proto@1.0.1 OK for: get-intrinsic@1.3.0 want: ^1.0.1
632 silly placeDep ROOT gopd@1.2.0 OK for: get-intrinsic@1.3.0 want: ^1.2.0
633 silly placeDep ROOT has-symbols@1.1.0 OK for: get-intrinsic@1.3.0 want: ^1.1.0
634 silly placeDep ROOT hasown@2.0.2 OK for: get-intrinsic@1.3.0 want: ^2.0.2
635 silly placeDep ROOT math-intrinsics@1.1.0 OK for: get-intrinsic@1.3.0 want: ^1.1.0
636 silly fetch manifest dunder-proto@^1.0.1
637 silly packumentCache full:https://registry.npmjs.org/dunder-proto cache-miss
638 http cache https://registry.npmjs.org/dunder-proto 20ms (cache hit)
639 silly packumentCache full:https://registry.npmjs.org/dunder-proto set size:8256 disposed:false
640 silly placeDep ROOT dunder-proto@1.0.1 OK for: get-proto@1.0.1 want: ^1.0.1
641 silly placeDep ROOT decompress-response@6.0.0 OK for: simple-get@4.0.1 want: ^6.0.0
642 silly placeDep ROOT simple-concat@1.0.1 OK for: simple-get@4.0.1 want: ^1.0.0
643 silly fetch manifest mimic-response@^3.1.0
644 silly packumentCache full:https://registry.npmjs.org/mimic-response cache-miss
645 http cache https://registry.npmjs.org/mimic-response 8ms (cache hit)
646 silly packumentCache full:https://registry.npmjs.org/mimic-response set size:20174 disposed:false
647 silly placeDep ROOT mimic-response@3.1.0 OK for: decompress-response@6.0.0 want: ^3.1.0
648 silly placeDep ROOT chownr@1.1.4 OK for: tar-fs@2.1.4 want: ^1.1.1
649 silly placeDep ROOT tar-stream@2.2.0 OK for: tar-fs@2.1.4 want: ^2.1.4
650 silly fetch manifest bl@^4.0.3
651 silly packumentCache full:https://registry.npmjs.org/bl cache-miss
652 silly fetch manifest fs-constants@^1.0.0
653 silly packumentCache full:https://registry.npmjs.org/fs-constants cache-miss
654 http cache https://registry.npmjs.org/fs-constants 14ms (cache hit)
655 silly packumentCache full:https://registry.npmjs.org/fs-constants set size:3522 disposed:false
656 http cache https://registry.npmjs.org/bl 21ms (cache hit)
657 silly packumentCache full:https://registry.npmjs.org/bl set size:183142 disposed:false
658 silly placeDep ROOT bl@4.1.0 OK for: tar-stream@2.2.0 want: ^4.0.3
659 silly placeDep ROOT fs-constants@1.0.0 OK for: tar-stream@2.2.0 want: ^1.0.0
660 silly fetch manifest buffer@^5.5.0
661 silly packumentCache full:https://registry.npmjs.org/buffer cache-miss
662 http cache https://registry.npmjs.org/buffer 10ms (cache hit)
663 silly packumentCache full:https://registry.npmjs.org/buffer set size:280480 disposed:false
664 silly placeDep ROOT buffer@5.7.1 OK for: bl@4.1.0 want: ^5.5.0
665 silly fetch manifest base64-js@^1.3.1
666 silly packumentCache full:https://registry.npmjs.org/base64-js cache-miss
667 silly fetch manifest ieee754@^1.1.13
668 silly packumentCache full:https://registry.npmjs.org/ieee754 cache-miss
669 http cache https://registry.npmjs.org/ieee754 20ms (cache hit)
670 silly packumentCache full:https://registry.npmjs.org/ieee754 set size:34910 disposed:false
671 http cache https://registry.npmjs.org/base64-js 29ms (cache hit)
672 silly packumentCache full:https://registry.npmjs.org/base64-js set size:41270 disposed:false
673 silly placeDep ROOT base64-js@1.5.1 OK for: buffer@5.7.1 want: ^1.3.1
674 silly placeDep ROOT ieee754@1.2.1 OK for: buffer@5.7.1 want: ^1.1.13
675 silly placeDep ROOT media-typer@1.1.0 OK for: type-is@2.0.1 want: ^1.1.0
676 silly placeDep node_modules/multer media-typer@0.3.0 OK for: type-is@1.6.18 want: 0.3.0
677 silly placeDep node_modules/multer mime-types@2.1.35 OK for: type-is@1.6.18 want: ~2.1.24
678 silly fetch manifest mime-db@1.52.0
679 silly packumentCache full:https://registry.npmjs.org/mime-db cache-hit
680 silly placeDep node_modules/multer mime-db@1.52.0 OK for: mime-types@2.1.35 want: 1.52.0
681 silly reify moves {}
682 silly audit bulk request {
682 silly audit   bcryptjs: [ '3.0.2' ],
682 silly audit   'better-sqlite3': [ '12.4.1' ],
682 silly audit   cors: [ '2.8.5' ],
682 silly audit   dotenv: [ '17.2.3' ],
682 silly audit   express: [ '5.1.0' ],
682 silly audit   jsonwebtoken: [ '9.0.2' ],
682 silly audit   multer: [ '2.0.2' ],
682 silly audit   bindings: [ '1.5.0' ],
682 silly audit   'prebuild-install': [ '7.1.3' ],
682 silly audit   'file-uri-to-path': [ '1.0.0' ],
682 silly audit   'object-assign': [ '4.1.1' ],
682 silly audit   vary: [ '1.1.2' ],
682 silly audit   accepts: [ '2.0.0' ],
682 silly audit   'body-parser': [ '2.2.0' ],
682 silly audit   'content-disposition': [ '1.0.0' ],
682 silly audit   'content-type': [ '1.0.5' ],
682 silly audit   cookie: [ '0.7.2' ],
682 silly audit   'cookie-signature': [ '1.2.2' ],
682 silly audit   debug: [ '4.4.3' ],
682 silly audit   encodeurl: [ '2.0.0' ],
682 silly audit   'escape-html': [ '1.0.3' ],
682 silly audit   etag: [ '1.8.1' ],
682 silly audit   finalhandler: [ '2.1.0' ],
682 silly audit   fresh: [ '2.0.0' ],
682 silly audit   'http-errors': [ '2.0.0' ],
682 silly audit   'merge-descriptors': [ '2.0.0' ],
682 silly audit   'mime-types': [ '3.0.1', '2.1.35' ],
682 silly audit   'on-finished': [ '2.4.1' ],
682 silly audit   once: [ '1.4.0' ],
682 silly audit   parseurl: [ '1.3.3' ],
682 silly audit   'proxy-addr': [ '2.0.7' ],
682 silly audit   qs: [ '6.14.0' ],
682 silly audit   'range-parser': [ '1.2.1' ],
682 silly audit   router: [ '2.2.0' ],
682 silly audit   send: [ '1.2.0' ],
682 silly audit   'serve-static': [ '2.2.0' ],
682 silly audit   statuses: [ '2.0.2', '2.0.1' ],
682 silly audit   'type-is': [ '2.0.1', '1.6.18' ],
682 silly audit   negotiator: [ '1.0.0' ],
682 silly audit   bytes: [ '3.1.2' ],
682 silly audit   'iconv-lite': [ '0.6.3', '0.7.0' ],
682 silly audit   'raw-body': [ '3.0.1' ],
682 silly audit   'safe-buffer': [ '5.2.1' ],
682 silly audit   ms: [ '2.1.3' ],
682 silly audit   depd: [ '2.0.0' ],
682 silly audit   inherits: [ '2.0.4' ],
682 silly audit   setprototypeof: [ '1.2.0' ],
682 silly audit   toidentifier: [ '1.0.1' ],
682 silly audit   'safer-buffer': [ '2.1.2' ],
682 silly audit   jws: [ '3.2.2' ],
682 silly audit   'lodash.includes': [ '4.3.0' ],
682 silly audit   'lodash.isboolean': [ '3.0.3' ],
682 silly audit   'lodash.isinteger': [ '4.0.4' ],
682 silly audit   'lodash.isnumber': [ '3.0.3' ],
682 silly audit   'lodash.isplainobject': [ '4.0.6' ],
682 silly audit   'lodash.isstring': [ '4.0.1' ],
682 silly audit   'lodash.once': [ '4.1.1' ],
682 silly audit   semver: [ '7.7.3' ],
682 silly audit   jwa: [ '1.4.2' ],
682 silly audit   'buffer-equal-constant-time': [ '1.0.1' ],
682 silly audit   'ecdsa-sig-formatter': [ '1.0.11' ],
682 silly audit   'mime-db': [ '1.54.0', '1.52.0' ],
682 silly audit   'append-field': [ '1.0.0' ],
682 silly audit   busboy: [ '1.6.0' ],
682 silly audit   'concat-stream': [ '2.0.0' ],
682 silly audit   mkdirp: [ '0.5.6' ],
682 silly audit   xtend: [ '4.0.2' ],
682 silly audit   streamsearch: [ '1.1.0' ],
682 silly audit   'buffer-from': [ '1.1.2' ],
682 silly audit   'readable-stream': [ '3.6.2' ],
682 silly audit   typedarray: [ '0.0.6' ],
682 silly audit   minimist: [ '1.2.8' ],
682 silly audit   'ee-first': [ '1.1.1' ],
682 silly audit   wrappy: [ '1.0.2' ],
682 silly audit   'detect-libc': [ '2.1.2' ],
682 silly audit   'expand-template': [ '2.0.3' ],
682 silly audit   'github-from-package': [ '0.0.0' ],
682 silly audit   'mkdirp-classic': [ '0.5.3' ],
682 silly audit   'napi-build-utils': [ '2.0.0' ],
682 silly audit   'node-abi': [ '3.80.0' ],
682 silly audit   pump: [ '3.0.3' ],
682 silly audit   rc: [ '1.2.8' ],
682 silly audit   'simple-get': [ '4.0.1' ],
682 silly audit   'tar-fs': [ '2.1.4' ],
682 silly audit   'tunnel-agent': [ '0.6.0' ],
682 silly audit   forwarded: [ '0.2.0' ],
682 silly audit   'ipaddr.js': [ '1.9.1' ],
682 silly audit   'end-of-stream': [ '1.4.5' ],
682 silly audit   'side-channel': [ '1.1.0' ],
682 silly audit   unpipe: [ '1.0.0' ],
682 silly audit   'deep-extend': [ '0.6.0' ],
682 silly audit   ini: [ '1.3.8' ],
682 silly audit   'strip-json-comments': [ '2.0.1' ],
682 silly audit   string_decoder: [ '1.3.0' ],
682 silly audit   'util-deprecate': [ '1.0.2' ],
682 silly audit   'is-promise': [ '4.0.0' ],
682 silly audit   'path-to-regexp': [ '8.3.0' ],
682 silly audit   'es-errors': [ '1.3.0' ],
682 silly audit   'object-inspect': [ '1.13.4' ],
682 silly audit   'side-channel-list': [ '1.0.0' ],
682 silly audit   'side-channel-map': [ '1.0.1' ],
682 silly audit   'side-channel-weakmap': [ '1.0.2' ],
682 silly audit   'call-bound': [ '1.0.4' ],
682 silly audit   'get-intrinsic': [ '1.3.0' ],
682 silly audit   'call-bind-apply-helpers': [ '1.0.2' ],
682 silly audit   'function-bind': [ '1.1.2' ],
682 silly audit   'es-define-property': [ '1.0.1' ],
682 silly audit   'es-object-atoms': [ '1.1.1' ],
682 silly audit   'get-proto': [ '1.0.1' ],
682 silly audit   gopd: [ '1.2.0' ],
682 silly audit   'has-symbols': [ '1.1.0' ],
682 silly audit   hasown: [ '2.0.2' ],
682 silly audit   'math-intrinsics': [ '1.1.0' ],
682 silly audit   'dunder-proto': [ '1.0.1' ],
682 silly audit   'decompress-response': [ '6.0.0' ],
682 silly audit   'simple-concat': [ '1.0.1' ],
682 silly audit   'mimic-response': [ '3.1.0' ],
682 silly audit   chownr: [ '1.1.4' ],
682 silly audit   'tar-stream': [ '2.2.0' ],
682 silly audit   bl: [ '4.1.0' ],
682 silly audit   'fs-constants': [ '1.0.0' ],
682 silly audit   buffer: [ '5.7.1' ],
682 silly audit   'base64-js': [ '1.5.1' ],
682 silly audit   ieee754: [ '1.2.1' ],
682 silly audit   'media-typer': [ '1.1.0', '0.3.0' ]
682 silly audit }
683 http cache media-typer@https://registry.npmjs.org/media-typer/-/media-typer-1.1.0.tgz 0ms (cache hit)
684 http cache ieee754@https://registry.npmjs.org/ieee754/-/ieee754-1.2.1.tgz 0ms (cache hit)
685 http cache base64-js@https://registry.npmjs.org/base64-js/-/base64-js-1.5.1.tgz 0ms (cache hit)
686 http cache buffer@https://registry.npmjs.org/buffer/-/buffer-5.7.1.tgz 0ms (cache hit)
687 http cache fs-constants@https://registry.npmjs.org/fs-constants/-/fs-constants-1.0.0.tgz 0ms (cache hit)
688 http cache bl@https://registry.npmjs.org/bl/-/bl-4.1.0.tgz 0ms (cache hit)
689 http cache tar-stream@https://registry.npmjs.org/tar-stream/-/tar-stream-2.2.0.tgz 0ms (cache hit)
690 http cache chownr@https://registry.npmjs.org/chownr/-/chownr-1.1.4.tgz 0ms (cache hit)
691 http cache simple-concat@https://registry.npmjs.org/simple-concat/-/simple-concat-1.0.1.tgz 0ms (cache hit)
692 http cache mimic-response@https://registry.npmjs.org/mimic-response/-/mimic-response-3.1.0.tgz 0ms (cache hit)
693 http cache decompress-response@https://registry.npmjs.org/decompress-response/-/decompress-response-6.0.0.tgz 0ms (cache hit)
694 http cache dunder-proto@https://registry.npmjs.org/dunder-proto/-/dunder-proto-1.0.1.tgz 0ms (cache hit)
695 http cache math-intrinsics@https://registry.npmjs.org/math-intrinsics/-/math-intrinsics-1.1.0.tgz 0ms (cache hit)
696 http cache hasown@https://registry.npmjs.org/hasown/-/hasown-2.0.2.tgz 0ms (cache hit)
697 http cache has-symbols@https://registry.npmjs.org/has-symbols/-/has-symbols-1.1.0.tgz 0ms (cache hit)
698 http cache gopd@https://registry.npmjs.org/gopd/-/gopd-1.2.0.tgz 0ms (cache hit)
699 http cache get-proto@https://registry.npmjs.org/get-proto/-/get-proto-1.0.1.tgz 0ms (cache hit)
700 http cache es-object-atoms@https://registry.npmjs.org/es-object-atoms/-/es-object-atoms-1.1.1.tgz 0ms (cache hit)
701 http cache es-define-property@https://registry.npmjs.org/es-define-property/-/es-define-property-1.0.1.tgz 0ms (cache hit)
702 http cache function-bind@https://registry.npmjs.org/function-bind/-/function-bind-1.1.2.tgz 0ms (cache hit)
703 http cache call-bind-apply-helpers@https://registry.npmjs.org/call-bind-apply-helpers/-/call-bind-apply-helpers-1.0.2.tgz 0ms (cache hit)
704 http cache get-intrinsic@https://registry.npmjs.org/get-intrinsic/-/get-intrinsic-1.3.0.tgz 0ms (cache hit)
705 http cache call-bound@https://registry.npmjs.org/call-bound/-/call-bound-1.0.4.tgz 0ms (cache hit)
706 http cache side-channel-weakmap@https://registry.npmjs.org/side-channel-weakmap/-/side-channel-weakmap-1.0.2.tgz 0ms (cache hit)
707 http cache side-channel-map@https://registry.npmjs.org/side-channel-map/-/side-channel-map-1.0.1.tgz 0ms (cache hit)
708 http cache side-channel-list@https://registry.npmjs.org/side-channel-list/-/side-channel-list-1.0.0.tgz 0ms (cache hit)
709 http cache object-inspect@https://registry.npmjs.org/object-inspect/-/object-inspect-1.13.4.tgz 0ms (cache hit)
710 http cache es-errors@https://registry.npmjs.org/es-errors/-/es-errors-1.3.0.tgz 0ms (cache hit)
711 http cache path-to-regexp@https://registry.npmjs.org/path-to-regexp/-/path-to-regexp-8.3.0.tgz 0ms (cache hit)
712 http cache is-promise@https://registry.npmjs.org/is-promise/-/is-promise-4.0.0.tgz 0ms (cache hit)
713 http cache util-deprecate@https://registry.npmjs.org/util-deprecate/-/util-deprecate-1.0.2.tgz 0ms (cache hit)
714 http cache string_decoder@https://registry.npmjs.org/string_decoder/-/string_decoder-1.3.0.tgz 0ms (cache hit)
715 http cache strip-json-comments@https://registry.npmjs.org/strip-json-comments/-/strip-json-comments-2.0.1.tgz 0ms (cache hit)
716 http cache ini@https://registry.npmjs.org/ini/-/ini-1.3.8.tgz 0ms (cache hit)
717 http cache deep-extend@https://registry.npmjs.org/deep-extend/-/deep-extend-0.6.0.tgz 0ms (cache hit)
718 http cache side-channel@https://registry.npmjs.org/side-channel/-/side-channel-1.1.0.tgz 0ms (cache hit)
719 http cache unpipe@https://registry.npmjs.org/unpipe/-/unpipe-1.0.0.tgz 0ms (cache hit)
720 http cache end-of-stream@https://registry.npmjs.org/end-of-stream/-/end-of-stream-1.4.5.tgz 0ms (cache hit)
721 http cache ipaddr.js@https://registry.npmjs.org/ipaddr.js/-/ipaddr.js-1.9.1.tgz 0ms (cache hit)
722 http cache forwarded@https://registry.npmjs.org/forwarded/-/forwarded-0.2.0.tgz 0ms (cache hit)
723 http cache tunnel-agent@https://registry.npmjs.org/tunnel-agent/-/tunnel-agent-0.6.0.tgz 0ms (cache hit)
724 http cache tar-fs@https://registry.npmjs.org/tar-fs/-/tar-fs-2.1.4.tgz 0ms (cache hit)
725 http cache simple-get@https://registry.npmjs.org/simple-get/-/simple-get-4.0.1.tgz 0ms (cache hit)
726 http cache rc@https://registry.npmjs.org/rc/-/rc-1.2.8.tgz 0ms (cache hit)
727 http cache pump@https://registry.npmjs.org/pump/-/pump-3.0.3.tgz 0ms (cache hit)
728 http cache node-abi@https://registry.npmjs.org/node-abi/-/node-abi-3.80.0.tgz 1ms (cache hit)
729 http cache napi-build-utils@https://registry.npmjs.org/napi-build-utils/-/napi-build-utils-2.0.0.tgz 0ms (cache hit)
730 http cache mkdirp-classic@https://registry.npmjs.org/mkdirp-classic/-/mkdirp-classic-0.5.3.tgz 0ms (cache hit)
731 http cache github-from-package@https://registry.npmjs.org/github-from-package/-/github-from-package-0.0.0.tgz 0ms (cache hit)
732 http cache expand-template@https://registry.npmjs.org/expand-template/-/expand-template-2.0.3.tgz 0ms (cache hit)
733 http cache detect-libc@https://registry.npmjs.org/detect-libc/-/detect-libc-2.1.2.tgz 0ms (cache hit)
734 http cache wrappy@https://registry.npmjs.org/wrappy/-/wrappy-1.0.2.tgz 0ms (cache hit)
735 http cache ee-first@https://registry.npmjs.org/ee-first/-/ee-first-1.1.1.tgz 0ms (cache hit)
736 http cache minimist@https://registry.npmjs.org/minimist/-/minimist-1.2.8.tgz 0ms (cache hit)
737 http cache typedarray@https://registry.npmjs.org/typedarray/-/typedarray-0.0.6.tgz 0ms (cache hit)
738 http cache readable-stream@https://registry.npmjs.org/readable-stream/-/readable-stream-3.6.2.tgz 0ms (cache hit)
739 http cache buffer-from@https://registry.npmjs.org/buffer-from/-/buffer-from-1.1.2.tgz 0ms (cache hit)
740 http cache mkdirp@https://registry.npmjs.org/mkdirp/-/mkdirp-0.5.6.tgz 0ms (cache hit)
741 http cache xtend@https://registry.npmjs.org/xtend/-/xtend-4.0.2.tgz 0ms (cache hit)
742 http cache streamsearch@https://registry.npmjs.org/streamsearch/-/streamsearch-1.1.0.tgz 0ms (cache hit)
743 http cache concat-stream@https://registry.npmjs.org/concat-stream/-/concat-stream-2.0.0.tgz 0ms (cache hit)
744 http cache busboy@https://registry.npmjs.org/busboy/-/busboy-1.6.0.tgz 0ms (cache hit)
745 http cache append-field@https://registry.npmjs.org/append-field/-/append-field-1.0.0.tgz 0ms (cache hit)
746 http cache mime-db@https://registry.npmjs.org/mime-db/-/mime-db-1.54.0.tgz 0ms (cache hit)
747 http cache ecdsa-sig-formatter@https://registry.npmjs.org/ecdsa-sig-formatter/-/ecdsa-sig-formatter-1.0.11.tgz 0ms (cache hit)
748 http cache buffer-equal-constant-time@https://registry.npmjs.org/buffer-equal-constant-time/-/buffer-equal-constant-time-1.0.1.tgz 0ms (cache hit)
749 http cache jwa@https://registry.npmjs.org/jwa/-/jwa-1.4.2.tgz 0ms (cache hit)
750 http cache semver@https://registry.npmjs.org/semver/-/semver-7.7.3.tgz 0ms (cache hit)
751 http cache lodash.once@https://registry.npmjs.org/lodash.once/-/lodash.once-4.1.1.tgz 0ms (cache hit)
752 http cache lodash.isstring@https://registry.npmjs.org/lodash.isstring/-/lodash.isstring-4.0.1.tgz 0ms (cache hit)
753 http cache lodash.isplainobject@https://registry.npmjs.org/lodash.isplainobject/-/lodash.isplainobject-4.0.6.tgz 0ms (cache hit)
754 http cache lodash.isnumber@https://registry.npmjs.org/lodash.isnumber/-/lodash.isnumber-3.0.3.tgz 0ms (cache hit)
755 http cache lodash.isinteger@https://registry.npmjs.org/lodash.isinteger/-/lodash.isinteger-4.0.4.tgz 0ms (cache hit)
756 http cache lodash.isboolean@https://registry.npmjs.org/lodash.isboolean/-/lodash.isboolean-3.0.3.tgz 0ms (cache hit)
757 http cache lodash.includes@https://registry.npmjs.org/lodash.includes/-/lodash.includes-4.3.0.tgz 0ms (cache hit)
758 http cache jws@https://registry.npmjs.org/jws/-/jws-3.2.2.tgz 0ms (cache hit)
759 http cache safer-buffer@https://registry.npmjs.org/safer-buffer/-/safer-buffer-2.1.2.tgz 0ms (cache hit)
760 http cache toidentifier@https://registry.npmjs.org/toidentifier/-/toidentifier-1.0.1.tgz 0ms (cache hit)
761 http cache setprototypeof@https://registry.npmjs.org/setprototypeof/-/setprototypeof-1.2.0.tgz 0ms (cache hit)
762 http cache inherits@https://registry.npmjs.org/inherits/-/inherits-2.0.4.tgz 0ms (cache hit)
763 http cache depd@https://registry.npmjs.org/depd/-/depd-2.0.0.tgz 0ms (cache hit)
764 http cache ms@https://registry.npmjs.org/ms/-/ms-2.1.3.tgz 0ms (cache hit)
765 http cache safe-buffer@https://registry.npmjs.org/safe-buffer/-/safe-buffer-5.2.1.tgz 0ms (cache hit)
766 http cache raw-body@https://registry.npmjs.org/raw-body/-/raw-body-3.0.1.tgz 0ms (cache hit)
767 http cache iconv-lite@https://registry.npmjs.org/iconv-lite/-/iconv-lite-0.6.3.tgz 0ms (cache hit)
768 http cache bytes@https://registry.npmjs.org/bytes/-/bytes-3.1.2.tgz 0ms (cache hit)
769 http cache negotiator@https://registry.npmjs.org/negotiator/-/negotiator-1.0.0.tgz 0ms (cache hit)
770 http cache type-is@https://registry.npmjs.org/type-is/-/type-is-2.0.1.tgz 0ms (cache hit)
771 http cache statuses@https://registry.npmjs.org/statuses/-/statuses-2.0.2.tgz 0ms (cache hit)
772 http cache serve-static@https://registry.npmjs.org/serve-static/-/serve-static-2.2.0.tgz 0ms (cache hit)
773 http cache send@https://registry.npmjs.org/send/-/send-1.2.0.tgz 0ms (cache hit)
774 http cache router@https://registry.npmjs.org/router/-/router-2.2.0.tgz 0ms (cache hit)
775 http cache range-parser@https://registry.npmjs.org/range-parser/-/range-parser-1.2.1.tgz 0ms (cache hit)
776 http cache parseurl@https://registry.npmjs.org/parseurl/-/parseurl-1.3.3.tgz 0ms (cache hit)
777 http cache once@https://registry.npmjs.org/once/-/once-1.4.0.tgz 0ms (cache hit)
778 http cache on-finished@https://registry.npmjs.org/on-finished/-/on-finished-2.4.1.tgz 0ms (cache hit)
779 http cache mime-types@https://registry.npmjs.org/mime-types/-/mime-types-3.0.1.tgz 0ms (cache hit)
780 http cache merge-descriptors@https://registry.npmjs.org/merge-descriptors/-/merge-descriptors-2.0.0.tgz 0ms (cache hit)
781 http cache http-errors@https://registry.npmjs.org/http-errors/-/http-errors-2.0.0.tgz 0ms (cache hit)
782 http cache fresh@https://registry.npmjs.org/fresh/-/fresh-2.0.0.tgz 0ms (cache hit)
783 http cache finalhandler@https://registry.npmjs.org/finalhandler/-/finalhandler-2.1.0.tgz 0ms (cache hit)
784 http cache etag@https://registry.npmjs.org/etag/-/etag-1.8.1.tgz 0ms (cache hit)
785 http cache escape-html@https://registry.npmjs.org/escape-html/-/escape-html-1.0.3.tgz 0ms (cache hit)
786 http cache encodeurl@https://registry.npmjs.org/encodeurl/-/encodeurl-2.0.0.tgz 0ms (cache hit)
787 http cache debug@https://registry.npmjs.org/debug/-/debug-4.4.3.tgz 0ms (cache hit)
788 http cache cookie-signature@https://registry.npmjs.org/cookie-signature/-/cookie-signature-1.2.2.tgz 0ms (cache hit)
789 http cache cookie@https://registry.npmjs.org/cookie/-/cookie-0.7.2.tgz 0ms (cache hit)
790 http cache content-type@https://registry.npmjs.org/content-type/-/content-type-1.0.5.tgz 0ms (cache hit)
791 http cache content-disposition@https://registry.npmjs.org/content-disposition/-/content-disposition-1.0.0.tgz 0ms (cache hit)
792 http cache body-parser@https://registry.npmjs.org/body-parser/-/body-parser-2.2.0.tgz 0ms (cache hit)
793 http cache accepts@https://registry.npmjs.org/accepts/-/accepts-2.0.0.tgz 0ms (cache hit)
794 http cache vary@https://registry.npmjs.org/vary/-/vary-1.1.2.tgz 0ms (cache hit)
795 http cache object-assign@https://registry.npmjs.org/object-assign/-/object-assign-4.1.1.tgz 0ms (cache hit)
796 http cache file-uri-to-path@https://registry.npmjs.org/file-uri-to-path/-/file-uri-to-path-1.0.0.tgz 0ms (cache hit)
797 http cache prebuild-install@https://registry.npmjs.org/prebuild-install/-/prebuild-install-7.1.3.tgz 0ms (cache hit)
798 http cache bindings@https://registry.npmjs.org/bindings/-/bindings-1.5.0.tgz 0ms (cache hit)
799 http cache multer@https://registry.npmjs.org/multer/-/multer-2.0.2.tgz 0ms (cache hit)
800 http cache jsonwebtoken@https://registry.npmjs.org/jsonwebtoken/-/jsonwebtoken-9.0.2.tgz 0ms (cache hit)
801 http cache express@https://registry.npmjs.org/express/-/express-5.1.0.tgz 0ms (cache hit)
802 http cache dotenv@https://registry.npmjs.org/dotenv/-/dotenv-17.2.3.tgz 0ms (cache hit)
803 http cache cors@https://registry.npmjs.org/cors/-/cors-2.8.5.tgz 0ms (cache hit)
804 http cache better-sqlite3@https://registry.npmjs.org/better-sqlite3/-/better-sqlite3-12.4.1.tgz 0ms (cache hit)
805 http cache bcryptjs@https://registry.npmjs.org/bcryptjs/-/bcryptjs-3.0.2.tgz 0ms (cache hit)
806 http cache iconv-lite@https://registry.npmjs.org/iconv-lite/-/iconv-lite-0.7.0.tgz 0ms (cache hit)
807 http cache statuses@https://registry.npmjs.org/statuses/-/statuses-2.0.1.tgz 0ms (cache hit)
808 http cache mime-db@https://registry.npmjs.org/mime-db/-/mime-db-1.52.0.tgz 0ms (cache hit)
809 http cache mime-types@https://registry.npmjs.org/mime-types/-/mime-types-2.1.35.tgz 0ms (cache hit)
810 http cache media-typer@https://registry.npmjs.org/media-typer/-/media-typer-0.3.0.tgz 0ms (cache hit)
811 http cache type-is@https://registry.npmjs.org/type-is/-/type-is-1.6.18.tgz 0ms (cache hit)
812 http cache qs@https://registry.npmjs.org/qs/-/qs-6.14.0.tgz 0ms (cache hit)
813 http cache proxy-addr@https://registry.npmjs.org/proxy-addr/-/proxy-addr-2.0.7.tgz 0ms (cache hit)
814 silly tarball no local data for better-sqlite3@https://registry.npmjs.org/better-sqlite3/-/better-sqlite3-12.4.1.tgz. Extracting by manifest.
815 http fetch POST 200 https://registry.npmjs.org/-/npm/v1/security/advisories/bulk 1176ms
816 silly audit report {}
817 http fetch GET 200 https://registry.npmjs.org/better-sqlite3/-/better-sqlite3-12.4.1.tgz 11308ms (cache miss)
818 info run better-sqlite3@12.4.1 install node_modules/better-sqlite3 prebuild-install || node-gyp rebuild --release
819 info run better-sqlite3@12.4.1 install { code: 1, signal: null }
820 verbose stack Error: command failed
820 verbose stack     at promiseSpawn (/data/data/com.termux/files/usr/lib/node_modules/npm/node_modules/@npmcli/promise-spawn/lib/index.js:22:22)
820 verbose stack     at spawnWithShell (/data/data/com.termux/files/usr/lib/node_modules/npm/node_modules/@npmcli/promise-spawn/lib/index.js:124:10)
820 verbose stack     at promiseSpawn (/data/data/com.termux/files/usr/lib/node_modules/npm/node_modules/@npmcli/promise-spawn/lib/index.js:12:12)
820 verbose stack     at runScriptPkg (/data/data/com.termux/files/usr/lib/node_modules/npm/node_modules/@npmcli/run-script/lib/run-script-pkg.js:79:13)
820 verbose stack     at runScript (/data/data/com.termux/files/usr/lib/node_modules/npm/node_modules/@npmcli/run-script/lib/run-script.js:9:12)
820 verbose stack     at /data/data/com.termux/files/usr/lib/node_modules/npm/node_modules/@npmcli/arborist/lib/arborist/rebuild.js:331:17
820 verbose stack     at run (/data/data/com.termux/files/usr/lib/node_modules/npm/node_modules/promise-call-limit/dist/commonjs/index.js:67:22)
820 verbose stack     at /data/data/com.termux/files/usr/lib/node_modules/npm/node_modules/promise-call-limit/dist/commonjs/index.js:84:9
820 verbose stack     at new Promise (<anonymous>)
820 verbose stack     at callLimit (/data/data/com.termux/files/usr/lib/node_modules/npm/node_modules/promise-call-limit/dist/commonjs/index.js:35:69)
821 verbose pkgid better-sqlite3@12.4.1
822 error code 1
823 error path /data/data/com.termux/files/home/backend/node_modules/better-sqlite3
824 error command failed
825 error command sh -c prebuild-install || node-gyp rebuild --release
826 silly unfinished npm timer reify 1762115890969
827 silly unfinished npm timer reify:build 1762115906939
828 silly unfinished npm timer build 1762115906940
829 silly unfinished npm timer build:deps 1762115906941
830 silly unfinished npm timer build:run:install 1762115906991
831 silly unfinished npm timer build:run:install:node_modules/better-sqlite3 1762115906992
832 verbose cwd /data/data/com.termux/files/home/backend
833 verbose os Linux 5.4.259-qgki-gf6360e97909c
834 verbose node v24.9.0
835 verbose npm  v11.6.0
836 verbose exit 1
837 verbose code 1
838 error A complete log of this run can be found in: /data/data/com.termux/files/home/.npm/_logs/2025-11-02T20_38_09_973Z-debug-0.log
