0 verbose cli /data/data/com.termux/files/usr/bin/node /data/data/com.termux/files/usr/bin/npm
1 info using npm@11.6.0
2 info using node@v24.9.0
3 silly config load:file:/data/data/com.termux/files/usr/lib/node_modules/npm/npmrc
4 silly config load:file:/data/data/com.termux/files/usr/tmp/.create-expo-app/template-cache/.npmrc
5 silly config load:file:/data/data/com.termux/files/home/.npmrc
6 silly config load:file:/data/data/com.termux/files/usr/etc/npmrc
7 verbose title npm pack expo-template-blank@latest
8 verbose argv "pack" "expo-template-blank@latest" "--json"
9 verbose logfile logs-max:10 dir:/data/data/com.termux/files/home/.npm/_logs/2025-11-02T21_00_42_094Z-
10 verbose logfile /data/data/com.termux/files/home/.npm/_logs/2025-11-02T21_00_42_094Z-debug-0.log
11 silly logfile start cleaning logs, removing 1 files
12 silly logfile done cleaning log files
13 http cache https://registry.npmjs.org/expo-template-blank 63ms (cache hit)
14 http cache https://registry.npmjs.org/expo-template-blank 11ms (cache hit)
15 http cache https://registry.npmjs.org/expo-template-blank/-/expo-template-blank-54.0.31.tgz 0ms (cache hit)
16 verbose cwd /data/data/com.termux/files/usr/tmp/.create-expo-app/template-cache
17 verbose os Linux 5.4.259-qgki-gf6360e97909c
18 verbose node v24.9.0
19 verbose npm  v11.6.0
20 verbose exit 0
21 info ok
