0 verbose cli /data/data/com.termux/files/usr/bin/node /data/data/com.termux/files/usr/bin/npm
1 info using npm@11.6.0
2 info using node@v24.9.0
3 silly config load:file:/data/data/com.termux/files/usr/lib/node_modules/npm/npmrc
4 silly config load:file:/data/data/com.termux/files/home/xeab-platform-pro/.npmrc
5 silly config load:file:/data/data/com.termux/files/home/.npmrc
6 silly config load:file:/data/data/com.termux/files/usr/etc/npmrc
7 verbose title npm install
8 verbose argv "install"
9 verbose logfile logs-max:10 dir:/data/data/com.termux/files/home/.npm/_logs/2025-11-02T22_39_43_668Z-
10 verbose logfile /data/data/com.termux/files/home/.npm/_logs/2025-11-02T22_39_43_668Z-debug-0.log
11 silly logfile start cleaning logs, removing 1 files
12 silly packumentCache heap:1174405120 maxSize:293601280 maxEntrySize:146800640
13 silly logfile done cleaning log files
14 silly idealTree buildDeps
15 silly fetch manifest express@^4.18.2
16 silly packumentCache full:https://registry.npmjs.org/express cache-miss
17 http cache https://registry.npmjs.org/express 77ms (cache hit)
18 silly packumentCache full:https://registry.npmjs.org/express set size:796286 disposed:false
19 silly fetch manifest cors@^2.8.5
20 silly packumentCache full:https://registry.npmjs.org/cors cache-miss
21 http cache https://registry.npmjs.org/cors 15ms (cache hit)
22 silly packumentCache full:https://registry.npmjs.org/cors set size:73833 disposed:false
23 silly fetch manifest bcryptjs@^2.4.3
24 silly packumentCache full:https://registry.npmjs.org/bcryptjs cache-miss
25 http cache https://registry.npmjs.org/bcryptjs 46ms (cache hit)
26 silly packumentCache full:https://registry.npmjs.org/bcryptjs set size:80409 disposed:false
27 silly fetch manifest jsonwebtoken@^8.5.1
28 silly packumentCache full:https://registry.npmjs.org/jsonwebtoken cache-miss
29 http cache https://registry.npmjs.org/jsonwebtoken 55ms (cache hit)
30 silly packumentCache full:https://registry.npmjs.org/jsonwebtoken set size:181359 disposed:false
31 silly fetch manifest multer@^1.4.4
32 silly packumentCache full:https://registry.npmjs.org/multer cache-miss
33 http cache https://registry.npmjs.org/multer 59ms (cache hit)
34 silly packumentCache full:https://registry.npmjs.org/multer set size:145789 disposed:false
35 silly fetch manifest dotenv@^16.0.3
36 silly packumentCache full:https://registry.npmjs.org/dotenv cache-miss
37 http cache https://registry.npmjs.org/dotenv 28ms (cache hit)
38 silly packumentCache full:https://registry.npmjs.org/dotenv set size:261324 disposed:false
39 silly placeDep ROOT bcryptjs@2.4.3 OK for: xeab-platform-pro@2.0.0 want: ^2.4.3
40 silly placeDep ROOT cors@2.8.5 OK for: xeab-platform-pro@2.0.0 want: ^2.8.5
41 silly placeDep ROOT dotenv@16.6.1 OK for: xeab-platform-pro@2.0.0 want: ^16.0.3
42 silly placeDep ROOT express@4.21.2 OK for: xeab-platform-pro@2.0.0 want: ^4.18.2
43 silly placeDep ROOT jsonwebtoken@8.5.1 OK for: xeab-platform-pro@2.0.0 want: ^8.5.1
44 silly placeDep ROOT multer@1.4.4 OK for: xeab-platform-pro@2.0.0 want: ^1.4.4
45 silly fetch manifest vary@^1
46 silly packumentCache full:https://registry.npmjs.org/vary cache-miss
47 silly fetch manifest object-assign@^4
48 silly packumentCache full:https://registry.npmjs.org/object-assign cache-miss
49 silly fetch manifest qs@6.13.0
50 silly packumentCache full:https://registry.npmjs.org/qs cache-miss
51 silly fetch manifest depd@2.0.0
52 silly packumentCache full:https://registry.npmjs.org/depd cache-miss
53 silly fetch manifest etag@~1.8.1
54 silly packumentCache full:https://registry.npmjs.org/etag cache-miss
55 silly fetch manifest send@0.19.0
56 silly packumentCache full:https://registry.npmjs.org/send cache-miss
57 silly fetch manifest vary@~1.1.2
58 silly packumentCache full:https://registry.npmjs.org/vary cache-miss
59 http cache https://registry.npmjs.org/vary 44ms (cache hit)
60 silly packumentCache full:https://registry.npmjs.org/vary set size:16018 disposed:false
61 silly fetch manifest debug@2.6.9
62 silly packumentCache full:https://registry.npmjs.org/debug cache-miss
63 http cache https://registry.npmjs.org/etag 42ms (cache hit)
64 silly packumentCache full:https://registry.npmjs.org/etag set size:30032 disposed:false
65 silly fetch manifest fresh@0.5.2
66 silly packumentCache full:https://registry.npmjs.org/fresh cache-miss
67 http cache https://registry.npmjs.org/vary 46ms (cache hit)
68 silly packumentCache full:https://registry.npmjs.org/vary set size:16018 disposed:false
69 silly packumentCache full:https://registry.npmjs.org/vary dispose
70 silly fetch manifest cookie@0.7.1
71 silly packumentCache full:https://registry.npmjs.org/cookie cache-miss
72 http cache https://registry.npmjs.org/object-assign 58ms (cache hit)
73 silly packumentCache full:https://registry.npmjs.org/object-assign set size:28988 disposed:false
74 silly fetch manifest accepts@~1.3.8
75 silly packumentCache full:https://registry.npmjs.org/accepts cache-miss
76 http cache https://registry.npmjs.org/qs 70ms (cache hit)
77 silly packumentCache full:https://registry.npmjs.org/qs set size:264677 disposed:false
78 silly fetch manifest methods@~1.1.2
79 silly packumentCache full:https://registry.npmjs.org/methods cache-miss
80 http cache https://registry.npmjs.org/depd 78ms (cache hit)
81 silly packumentCache full:https://registry.npmjs.org/depd set size:40182 disposed:false
82 silly fetch manifest type-is@~1.6.18
83 silly packumentCache full:https://registry.npmjs.org/type-is cache-miss
84 http cache https://registry.npmjs.org/send 79ms (cache hit)
85 silly packumentCache full:https://registry.npmjs.org/send set size:147586 disposed:false
86 silly fetch manifest parseurl@~1.3.3
87 silly packumentCache full:https://registry.npmjs.org/parseurl cache-miss
88 http cache https://registry.npmjs.org/fresh 53ms (cache hit)
89 silly packumentCache full:https://registry.npmjs.org/fresh set size:25427 disposed:false
90 silly fetch manifest statuses@2.0.1
91 silly packumentCache full:https://registry.npmjs.org/statuses cache-miss
92 http cache https://registry.npmjs.org/accepts 47ms (cache hit)
93 silly packumentCache full:https://registry.npmjs.org/accepts set size:77054 disposed:false
94 silly fetch manifest encodeurl@~2.0.0
95 silly packumentCache full:https://registry.npmjs.org/encodeurl cache-miss
96 http cache https://registry.npmjs.org/debug 69ms (cache hit)
97 silly packumentCache full:https://registry.npmjs.org/debug set size:195840 disposed:false
98 silly fetch manifest proxy-addr@~2.0.7
99 silly packumentCache full:https://registry.npmjs.org/proxy-addr cache-miss
100 http cache https://registry.npmjs.org/type-is 39ms (cache hit)
101 silly packumentCache full:https://registry.npmjs.org/type-is set size:86196 disposed:false
102 silly fetch manifest body-parser@1.20.3
103 silly packumentCache full:https://registry.npmjs.org/body-parser cache-miss
104 http cache https://registry.npmjs.org/cookie 71ms (cache hit)
105 silly packumentCache full:https://registry.npmjs.org/cookie set size:67180 disposed:false
106 silly fetch manifest escape-html@~1.0.3
107 silly packumentCache full:https://registry.npmjs.org/escape-html cache-miss
108 http cache https://registry.npmjs.org/methods 55ms (cache hit)
109 silly packumentCache full:https://registry.npmjs.org/methods set size:12600 disposed:false
110 silly fetch manifest http-errors@2.0.0
111 silly packumentCache full:https://registry.npmjs.org/http-errors cache-miss
112 http cache https://registry.npmjs.org/parseurl 48ms (cache hit)
113 silly packumentCache full:https://registry.npmjs.org/parseurl set size:24148 disposed:false
114 silly fetch manifest on-finished@2.4.1
115 silly packumentCache full:https://registry.npmjs.org/on-finished cache-miss
116 http cache https://registry.npmjs.org/statuses 49ms (cache hit)
117 silly packumentCache full:https://registry.npmjs.org/statuses set size:37117 disposed:false
118 silly fetch manifest safe-buffer@5.2.1
119 silly packumentCache full:https://registry.npmjs.org/safe-buffer cache-miss
120 http cache https://registry.npmjs.org/body-parser 34ms (cache hit)
121 silly packumentCache full:https://registry.npmjs.org/body-parser set size:209501 disposed:false
122 silly fetch manifest utils-merge@1.0.1
123 silly packumentCache full:https://registry.npmjs.org/utils-merge cache-miss
124 http cache https://registry.npmjs.org/encodeurl 55ms (cache hit)
125 silly packumentCache full:https://registry.npmjs.org/encodeurl set size:12296 disposed:false
126 silly fetch manifest content-type@~1.0.4
127 silly packumentCache full:https://registry.npmjs.org/content-type cache-miss
128 http cache https://registry.npmjs.org/escape-html 40ms (cache hit)
129 silly packumentCache full:https://registry.npmjs.org/escape-html set size:7345 disposed:false
130 silly fetch manifest finalhandler@1.3.1
131 silly packumentCache full:https://registry.npmjs.org/finalhandler cache-miss
132 http cache https://registry.npmjs.org/proxy-addr 54ms (cache hit)
133 silly packumentCache full:https://registry.npmjs.org/proxy-addr set size:61619 disposed:false
134 silly fetch manifest range-parser@~1.2.1
135 silly packumentCache full:https://registry.npmjs.org/range-parser cache-miss
136 http cache https://registry.npmjs.org/on-finished 40ms (cache hit)
137 silly packumentCache full:https://registry.npmjs.org/on-finished set size:23212 disposed:false
138 silly fetch manifest serve-static@1.16.2
139 silly packumentCache full:https://registry.npmjs.org/serve-static cache-miss
140 http cache https://registry.npmjs.org/http-errors 47ms (cache hit)
141 silly packumentCache full:https://registry.npmjs.org/http-errors set size:69537 disposed:false
142 silly fetch manifest array-flatten@1.1.1
143 silly packumentCache full:https://registry.npmjs.org/array-flatten cache-miss
144 http cache https://registry.npmjs.org/content-type 33ms (cache hit)
145 silly packumentCache full:https://registry.npmjs.org/content-type set size:17311 disposed:false
146 silly fetch manifest path-to-regexp@0.1.12
147 silly packumentCache full:https://registry.npmjs.org/path-to-regexp cache-miss
148 http cache https://registry.npmjs.org/safe-buffer 49ms (cache hit)
149 silly packumentCache full:https://registry.npmjs.org/safe-buffer set size:41183 disposed:false
150 silly fetch manifest setprototypeof@1.2.0
151 silly packumentCache full:https://registry.npmjs.org/setprototypeof cache-miss
152 http cache https://registry.npmjs.org/utils-merge 45ms (cache hit)
153 silly packumentCache full:https://registry.npmjs.org/utils-merge set size:5237 disposed:false
154 silly fetch manifest cookie-signature@1.0.6
155 silly packumentCache full:https://registry.npmjs.org/cookie-signature cache-miss
156 http cache https://registry.npmjs.org/finalhandler 43ms (cache hit)
157 silly packumentCache full:https://registry.npmjs.org/finalhandler set size:74406 disposed:false
158 silly fetch manifest merge-descriptors@1.0.3
159 silly packumentCache full:https://registry.npmjs.org/merge-descriptors cache-miss
160 http cache https://registry.npmjs.org/serve-static 39ms (cache hit)
161 silly packumentCache full:https://registry.npmjs.org/serve-static set size:145938 disposed:false
162 silly fetch manifest content-disposition@0.5.4
163 silly packumentCache full:https://registry.npmjs.org/content-disposition cache-miss
164 http cache https://registry.npmjs.org/range-parser 50ms (cache hit)
165 silly packumentCache full:https://registry.npmjs.org/range-parser set size:22228 disposed:false
166 silly fetch manifest ms@^2.1.1
167 silly packumentCache full:https://registry.npmjs.org/ms cache-miss
168 http cache https://registry.npmjs.org/array-flatten 46ms (cache hit)
169 silly packumentCache full:https://registry.npmjs.org/array-flatten set size:24005 disposed:false
170 silly fetch manifest jws@^3.2.2
171 silly packumentCache full:https://registry.npmjs.org/jws cache-miss
172 http cache https://registry.npmjs.org/setprototypeof 48ms (cache hit)
173 silly packumentCache full:https://registry.npmjs.org/setprototypeof set size:14532 disposed:false
174 silly fetch manifest semver@^5.6.0
175 silly packumentCache full:https://registry.npmjs.org/semver cache-miss
176 http cache https://registry.npmjs.org/path-to-regexp 57ms (cache hit)
177 silly packumentCache full:https://registry.npmjs.org/path-to-regexp set size:207142 disposed:false
178 silly fetch manifest lodash.once@^4.0.0
179 silly packumentCache full:https://registry.npmjs.org/lodash.once cache-miss
180 http cache https://registry.npmjs.org/ms 52ms (cache hit)
181 silly packumentCache full:https://registry.npmjs.org/ms set size:92208 disposed:false
182 silly fetch manifest lodash.includes@^4.3.0
183 silly packumentCache full:https://registry.npmjs.org/lodash.includes cache-miss
184 http cache https://registry.npmjs.org/content-disposition 62ms (cache hit)
185 silly packumentCache full:https://registry.npmjs.org/content-disposition set size:26893 disposed:false
186 silly fetch manifest lodash.isnumber@^3.0.3
187 silly packumentCache full:https://registry.npmjs.org/lodash.isnumber cache-miss
188 http cache https://registry.npmjs.org/cookie-signature 79ms (cache hit)
189 silly packumentCache full:https://registry.npmjs.org/cookie-signature set size:21777 disposed:false
190 silly fetch manifest lodash.isstring@^4.0.1
191 silly packumentCache full:https://registry.npmjs.org/lodash.isstring cache-miss
192 http cache https://registry.npmjs.org/merge-descriptors 77ms (cache hit)
193 silly packumentCache full:https://registry.npmjs.org/merge-descriptors set size:16527 disposed:false
194 silly fetch manifest lodash.isboolean@^3.0.3
195 silly packumentCache full:https://registry.npmjs.org/lodash.isboolean cache-miss
196 http cache https://registry.npmjs.org/jws 65ms (cache hit)
197 silly packumentCache full:https://registry.npmjs.org/jws set size:45532 disposed:false
198 silly fetch manifest lodash.isinteger@^4.0.4
199 silly packumentCache full:https://registry.npmjs.org/lodash.isinteger cache-miss
200 http cache https://registry.npmjs.org/semver 57ms (cache hit)
201 silly packumentCache full:https://registry.npmjs.org/semver set size:226907 disposed:false
202 silly fetch manifest lodash.isplainobject@^4.0.6
203 silly packumentCache full:https://registry.npmjs.org/lodash.isplainobject cache-miss
204 http cache https://registry.npmjs.org/lodash.once 56ms (cache hit)
205 silly packumentCache full:https://registry.npmjs.org/lodash.once set size:23407 disposed:false
206 silly fetch manifest xtend@^4.0.0
207 silly packumentCache full:https://registry.npmjs.org/xtend cache-miss
208 http cache https://registry.npmjs.org/lodash.isnumber 41ms (cache hit)
209 silly packumentCache full:https://registry.npmjs.org/lodash.isnumber set size:21368 disposed:false
210 silly fetch manifest busboy@^0.2.11
211 silly packumentCache full:https://registry.npmjs.org/busboy cache-miss
212 http cache https://registry.npmjs.org/lodash.includes 51ms (cache hit)
213 silly packumentCache full:https://registry.npmjs.org/lodash.includes set size:27594 disposed:false
214 silly fetch manifest mkdirp@^0.5.4
215 silly packumentCache full:https://registry.npmjs.org/mkdirp cache-miss
216 http cache https://registry.npmjs.org/lodash.isstring 46ms (cache hit)
217 silly packumentCache full:https://registry.npmjs.org/lodash.isstring set size:21368 disposed:false
218 silly fetch manifest type-is@^1.6.4
219 silly packumentCache full:https://registry.npmjs.org/type-is cache-hit
220 silly fetch manifest on-finished@^2.3.0
221 silly packumentCache full:https://registry.npmjs.org/on-finished cache-hit
222 silly fetch manifest append-field@^1.0.0
223 silly packumentCache full:https://registry.npmjs.org/append-field cache-miss
224 http cache https://registry.npmjs.org/lodash.isboolean 51ms (cache hit)
225 silly packumentCache full:https://registry.npmjs.org/lodash.isboolean set size:21437 disposed:false
226 silly fetch manifest concat-stream@^1.5.2
227 silly packumentCache full:https://registry.npmjs.org/concat-stream cache-miss
228 http cache https://registry.npmjs.org/lodash.isinteger 49ms (cache hit)
229 silly packumentCache full:https://registry.npmjs.org/lodash.isinteger set size:10827 disposed:false
230 silly fetch manifest object-assign@^4.1.1
231 silly packumentCache full:https://registry.npmjs.org/object-assign cache-hit
232 http cache https://registry.npmjs.org/lodash.isplainobject 139ms (cache hit)
233 silly packumentCache full:https://registry.npmjs.org/lodash.isplainobject set size:38531 disposed:false
234 http fetch GET 200 https://registry.npmjs.org/concat-stream 1305ms (cache revalidated)
235 silly packumentCache full:https://registry.npmjs.org/concat-stream set size:63783 disposed:false
236 http fetch GET 200 https://registry.npmjs.org/xtend 1592ms (cache revalidated)
237 silly packumentCache full:https://registry.npmjs.org/xtend set size:28314 disposed:false
238 http fetch GET 200 https://registry.npmjs.org/busboy 1589ms (cache revalidated)
239 silly packumentCache full:https://registry.npmjs.org/busboy set size:78925 disposed:false
240 http fetch GET 200 https://registry.npmjs.org/mkdirp 1589ms (cache revalidated)
241 silly packumentCache full:https://registry.npmjs.org/mkdirp set size:116455 disposed:false
242 http fetch GET 200 https://registry.npmjs.org/append-field 1601ms (cache revalidated)
243 silly packumentCache full:https://registry.npmjs.org/append-field set size:7798 disposed:false
244 silly placeDep ROOT object-assign@4.1.1 OK for: cors@2.8.5 want: ^4
245 silly placeDep ROOT vary@1.1.2 OK for: cors@2.8.5 want: ^1
246 silly placeDep ROOT accepts@1.3.8 OK for: express@4.21.2 want: ~1.3.8
247 silly placeDep ROOT array-flatten@1.1.1 OK for: express@4.21.2 want: 1.1.1
248 silly placeDep ROOT body-parser@1.20.3 OK for: express@4.21.2 want: 1.20.3
249 silly placeDep ROOT content-disposition@0.5.4 OK for: express@4.21.2 want: 0.5.4
250 silly placeDep ROOT content-type@1.0.5 OK for: express@4.21.2 want: ~1.0.4
251 silly placeDep ROOT cookie@0.7.1 OK for: express@4.21.2 want: 0.7.1
252 silly placeDep ROOT cookie-signature@1.0.6 OK for: express@4.21.2 want: 1.0.6
253 silly placeDep ROOT debug@2.6.9 OK for: express@4.21.2 want: 2.6.9
254 silly placeDep ROOT depd@2.0.0 OK for: express@4.21.2 want: 2.0.0
255 silly placeDep ROOT encodeurl@2.0.0 OK for: express@4.21.2 want: ~2.0.0
256 silly placeDep ROOT escape-html@1.0.3 OK for: express@4.21.2 want: ~1.0.3
257 silly placeDep ROOT etag@1.8.1 OK for: express@4.21.2 want: ~1.8.1
258 silly placeDep ROOT finalhandler@1.3.1 OK for: express@4.21.2 want: 1.3.1
259 silly placeDep ROOT fresh@0.5.2 OK for: express@4.21.2 want: 0.5.2
260 silly placeDep ROOT http-errors@2.0.0 OK for: express@4.21.2 want: 2.0.0
261 silly placeDep ROOT merge-descriptors@1.0.3 OK for: express@4.21.2 want: 1.0.3
262 silly placeDep ROOT methods@1.1.2 OK for: express@4.21.2 want: ~1.1.2
263 silly placeDep ROOT on-finished@2.4.1 OK for: express@4.21.2 want: 2.4.1
264 silly placeDep ROOT parseurl@1.3.3 OK for: express@4.21.2 want: ~1.3.3
265 silly placeDep ROOT path-to-regexp@0.1.12 OK for: express@4.21.2 want: 0.1.12
266 silly placeDep ROOT proxy-addr@2.0.7 OK for: express@4.21.2 want: ~2.0.7
267 silly placeDep ROOT qs@6.13.0 OK for: express@4.21.2 want: 6.13.0
268 silly placeDep ROOT range-parser@1.2.1 OK for: express@4.21.2 want: ~1.2.1
269 silly placeDep ROOT safe-buffer@5.2.1 OK for: express@4.21.2 want: 5.2.1
270 silly placeDep ROOT send@0.19.0 OK for: express@4.21.2 want: 0.19.0
271 silly placeDep ROOT serve-static@1.16.2 OK for: express@4.21.2 want: 1.16.2
272 silly placeDep ROOT setprototypeof@1.2.0 OK for: express@4.21.2 want: 1.2.0
273 silly placeDep ROOT statuses@2.0.1 OK for: express@4.21.2 want: 2.0.1
274 silly placeDep ROOT type-is@1.6.18 OK for: express@4.21.2 want: ~1.6.18
275 silly placeDep ROOT utils-merge@1.0.1 OK for: express@4.21.2 want: 1.0.1
276 silly fetch manifest mime-types@~2.1.34
277 silly packumentCache full:https://registry.npmjs.org/mime-types cache-miss
278 silly fetch manifest negotiator@0.6.3
279 silly packumentCache full:https://registry.npmjs.org/negotiator cache-miss
280 silly fetch manifest bytes@3.1.2
281 silly packumentCache full:https://registry.npmjs.org/bytes cache-miss
282 silly fetch manifest unpipe@1.0.0
283 silly packumentCache full:https://registry.npmjs.org/unpipe cache-miss
284 silly fetch manifest destroy@1.2.0
285 silly packumentCache full:https://registry.npmjs.org/destroy cache-miss
286 silly fetch manifest raw-body@2.5.2
287 silly packumentCache full:https://registry.npmjs.org/raw-body cache-miss
288 silly fetch manifest iconv-lite@0.4.24
289 silly packumentCache full:https://registry.npmjs.org/iconv-lite cache-miss
290 http cache https://registry.npmjs.org/bytes 44ms (cache hit)
291 silly packumentCache full:https://registry.npmjs.org/bytes set size:37018 disposed:false
292 silly fetch manifest content-type@~1.0.5
293 silly packumentCache full:https://registry.npmjs.org/content-type cache-hit
294 silly fetch manifest ms@2.0.0
295 silly packumentCache full:https://registry.npmjs.org/ms cache-hit
296 silly fetch manifest unpipe@~1.0.0
297 silly packumentCache full:https://registry.npmjs.org/unpipe cache-miss
298 http cache https://registry.npmjs.org/negotiator 63ms (cache hit)
299 silly packumentCache full:https://registry.npmjs.org/negotiator set size:48046 disposed:false
300 silly fetch manifest inherits@2.0.4
301 silly packumentCache full:https://registry.npmjs.org/inherits cache-miss
302 http cache https://registry.npmjs.org/unpipe 61ms (cache hit)
303 silly packumentCache full:https://registry.npmjs.org/unpipe set size:3537 disposed:false
304 silly fetch manifest toidentifier@1.0.1
305 silly packumentCache full:https://registry.npmjs.org/toidentifier cache-miss
306 http cache https://registry.npmjs.org/mime-types 73ms (cache hit)
307 silly packumentCache full:https://registry.npmjs.org/mime-types set size:136716 disposed:false
308 silly fetch manifest ee-first@1.1.1
309 silly packumentCache full:https://registry.npmjs.org/ee-first cache-miss
310 http cache https://registry.npmjs.org/raw-body 68ms (cache hit)
311 silly packumentCache full:https://registry.npmjs.org/raw-body set size:111234 disposed:false
312 silly fetch manifest forwarded@0.2.0
313 silly packumentCache full:https://registry.npmjs.org/forwarded cache-miss
314 http cache https://registry.npmjs.org/iconv-lite 71ms (cache hit)
315 silly packumentCache full:https://registry.npmjs.org/iconv-lite set size:118890 disposed:false
316 silly fetch manifest ipaddr.js@1.9.1
317 silly packumentCache full:https://registry.npmjs.org/ipaddr.js cache-miss
318 http cache https://registry.npmjs.org/destroy 85ms (cache hit)
319 silly packumentCache full:https://registry.npmjs.org/destroy set size:15683 disposed:false
320 silly fetch manifest side-channel@^1.0.6
321 silly packumentCache full:https://registry.npmjs.org/side-channel cache-miss
322 http cache https://registry.npmjs.org/unpipe 57ms (cache hit)
323 silly packumentCache full:https://registry.npmjs.org/unpipe set size:3537 disposed:false
324 silly packumentCache full:https://registry.npmjs.org/unpipe dispose
325 silly fetch manifest ms@2.1.3
326 silly packumentCache full:https://registry.npmjs.org/ms cache-hit
327 silly fetch manifest mime@1.6.0
328 silly packumentCache full:https://registry.npmjs.org/mime cache-miss
329 http cache https://registry.npmjs.org/inherits 65ms (cache hit)
330 silly packumentCache full:https://registry.npmjs.org/inherits set size:12925 disposed:false
331 silly fetch manifest encodeurl@~1.0.2
332 silly packumentCache full:https://registry.npmjs.org/encodeurl cache-hit
333 silly fetch manifest mime-types@~2.1.24
334 silly packumentCache full:https://registry.npmjs.org/mime-types cache-hit
335 silly fetch manifest media-typer@0.3.0
336 silly packumentCache full:https://registry.npmjs.org/media-typer cache-miss
337 http cache https://registry.npmjs.org/ipaddr.js 51ms (cache hit)
338 silly packumentCache full:https://registry.npmjs.org/ipaddr.js set size:65942 disposed:false
339 http cache https://registry.npmjs.org/toidentifier 78ms (cache hit)
340 silly packumentCache full:https://registry.npmjs.org/toidentifier set size:12006 disposed:false
341 http cache https://registry.npmjs.org/forwarded 67ms (cache hit)
342 silly packumentCache full:https://registry.npmjs.org/forwarded set size:11229 disposed:false
343 http cache https://registry.npmjs.org/ee-first 75ms (cache hit)
344 silly packumentCache full:https://registry.npmjs.org/ee-first set size:15327 disposed:false
345 http cache https://registry.npmjs.org/side-channel 63ms (cache hit)
346 silly packumentCache full:https://registry.npmjs.org/side-channel set size:24660 disposed:false
347 http cache https://registry.npmjs.org/media-typer 28ms (cache hit)
348 silly packumentCache full:https://registry.npmjs.org/media-typer set size:20873 disposed:false
349 http cache https://registry.npmjs.org/mime 45ms (cache hit)
350 silly packumentCache full:https://registry.npmjs.org/mime set size:119236 disposed:false
351 silly placeDep ROOT mime-types@2.1.35 OK for: accepts@1.3.8 want: ~2.1.34
352 silly placeDep ROOT negotiator@0.6.3 OK for: accepts@1.3.8 want: 0.6.3
353 silly fetch manifest mime-db@1.52.0
354 silly packumentCache full:https://registry.npmjs.org/mime-db cache-miss
355 http cache https://registry.npmjs.org/mime-db 12ms (cache hit)
356 silly packumentCache full:https://registry.npmjs.org/mime-db set size:164953 disposed:false
357 silly placeDep ROOT bytes@3.1.2 OK for: body-parser@1.20.3 want: 3.1.2
358 silly placeDep ROOT destroy@1.2.0 OK for: body-parser@1.20.3 want: 1.2.0
359 silly placeDep ROOT iconv-lite@0.4.24 OK for: body-parser@1.20.3 want: 0.4.24
360 silly placeDep ROOT raw-body@2.5.2 OK for: body-parser@1.20.3 want: 2.5.2
361 silly placeDep ROOT unpipe@1.0.0 OK for: body-parser@1.20.3 want: 1.0.0
362 silly fetch manifest safer-buffer@>= 2.1.2 < 3
363 silly packumentCache full:https://registry.npmjs.org/safer-buffer cache-miss
364 http cache https://registry.npmjs.org/safer-buffer 7ms (cache hit)
365 silly packumentCache full:https://registry.npmjs.org/safer-buffer set size:18521 disposed:false
366 silly placeDep ROOT ms@2.0.0 OK for: debug@2.6.9 want: 2.0.0
367 silly placeDep ROOT inherits@2.0.4 OK for: http-errors@2.0.0 want: 2.0.4
368 silly placeDep ROOT toidentifier@1.0.1 OK for: http-errors@2.0.0 want: 1.0.1
369 silly placeDep ROOT safer-buffer@2.1.2 OK for: iconv-lite@0.4.24 want: >= 2.1.2 < 3
370 silly placeDep ROOT jws@3.2.2 OK for: jsonwebtoken@8.5.1 want: ^3.2.2
371 silly placeDep ROOT lodash.includes@4.3.0 OK for: jsonwebtoken@8.5.1 want: ^4.3.0
372 silly placeDep ROOT lodash.isboolean@3.0.3 OK for: jsonwebtoken@8.5.1 want: ^3.0.3
373 silly placeDep ROOT lodash.isinteger@4.0.4 OK for: jsonwebtoken@8.5.1 want: ^4.0.4
374 silly placeDep ROOT lodash.isnumber@3.0.3 OK for: jsonwebtoken@8.5.1 want: ^3.0.3
375 silly placeDep ROOT lodash.isplainobject@4.0.6 OK for: jsonwebtoken@8.5.1 want: ^4.0.6
376 silly placeDep ROOT lodash.isstring@4.0.1 OK for: jsonwebtoken@8.5.1 want: ^4.0.1
377 silly placeDep ROOT lodash.once@4.1.1 OK for: jsonwebtoken@8.5.1 want: ^4.0.0
378 silly placeDep node_modules/jsonwebtoken ms@2.1.3 OK for: jsonwebtoken@8.5.1 want: ^2.1.1
379 silly placeDep ROOT semver@5.7.2 OK for: jsonwebtoken@8.5.1 want: ^5.6.0
380 silly fetch manifest jwa@^1.4.1
381 silly packumentCache full:https://registry.npmjs.org/jwa cache-miss
382 http cache https://registry.npmjs.org/jwa 8ms (cache hit)
383 silly packumentCache full:https://registry.npmjs.org/jwa set size:39956 disposed:false
384 silly placeDep ROOT jwa@1.4.2 OK for: jws@3.2.2 want: ^1.4.1
385 silly fetch manifest ecdsa-sig-formatter@1.0.11
386 silly packumentCache full:https://registry.npmjs.org/ecdsa-sig-formatter cache-miss
387 silly fetch manifest buffer-equal-constant-time@^1.0.1
388 silly packumentCache full:https://registry.npmjs.org/buffer-equal-constant-time cache-miss
389 http cache https://registry.npmjs.org/ecdsa-sig-formatter 10ms (cache hit)
390 silly packumentCache full:https://registry.npmjs.org/ecdsa-sig-formatter set size:23546 disposed:false
391 http cache https://registry.npmjs.org/buffer-equal-constant-time 12ms (cache hit)
392 silly packumentCache full:https://registry.npmjs.org/buffer-equal-constant-time set size:4390 disposed:false
393 silly placeDep ROOT buffer-equal-constant-time@1.0.1 OK for: jwa@1.4.2 want: ^1.0.1
394 silly placeDep ROOT ecdsa-sig-formatter@1.0.11 OK for: jwa@1.4.2 want: 1.0.11
395 silly placeDep ROOT mime-db@1.52.0 OK for: mime-types@2.1.35 want: 1.52.0
396 silly placeDep ROOT append-field@1.0.0 OK for: multer@1.4.4 want: ^1.0.0
397 silly placeDep ROOT busboy@0.2.14 OK for: multer@1.4.4 want: ^0.2.11
398 silly placeDep ROOT concat-stream@1.6.2 OK for: multer@1.4.4 want: ^1.5.2
399 silly placeDep ROOT mkdirp@0.5.6 OK for: multer@1.4.4 want: ^0.5.4
400 silly placeDep ROOT xtend@4.0.2 OK for: multer@1.4.4 want: ^4.0.0
401 silly fetch manifest dicer@0.2.5
402 silly packumentCache full:https://registry.npmjs.org/dicer cache-miss
403 silly fetch manifest readable-stream@1.1.x
404 silly packumentCache full:https://registry.npmjs.org/readable-stream cache-miss
405 silly fetch manifest buffer-from@^1.0.0
406 silly packumentCache full:https://registry.npmjs.org/buffer-from cache-miss
407 silly fetch manifest readable-stream@^2.2.2
408 silly packumentCache full:https://registry.npmjs.org/readable-stream cache-miss
409 silly fetch manifest typedarray@^0.0.6
410 silly packumentCache full:https://registry.npmjs.org/typedarray cache-miss
411 silly fetch manifest minimist@^1.2.6
412 silly packumentCache full:https://registry.npmjs.org/minimist cache-miss
413 http fetch GET 200 https://registry.npmjs.org/readable-stream 328ms (cache revalidated)
414 silly packumentCache full:https://registry.npmjs.org/readable-stream set size:261096 disposed:false
415 http fetch GET 200 https://registry.npmjs.org/readable-stream 340ms (cache revalidated)
416 silly packumentCache full:https://registry.npmjs.org/readable-stream set size:261096 disposed:false
417 silly packumentCache full:https://registry.npmjs.org/readable-stream dispose
418 http fetch GET 200 https://registry.npmjs.org/buffer-from 357ms (cache revalidated)
419 silly packumentCache full:https://registry.npmjs.org/buffer-from set size:15463 disposed:false
420 http fetch GET 200 https://registry.npmjs.org/typedarray 358ms (cache revalidated)
421 silly packumentCache full:https://registry.npmjs.org/typedarray set size:18469 disposed:false
422 http fetch GET 200 https://registry.npmjs.org/dicer 374ms (cache miss)
423 silly packumentCache full:https://registry.npmjs.org/dicer set size:undefined disposed:false
424 http fetch GET 200 https://registry.npmjs.org/minimist 1191ms (cache revalidated)
425 silly packumentCache full:https://registry.npmjs.org/minimist set size:77082 disposed:false
426 silly placeDep ROOT dicer@0.2.5 OK for: busboy@0.2.14 want: 0.2.5
427 silly placeDep ROOT readable-stream@1.1.14 OK for: busboy@0.2.14 want: 1.1.x
428 silly fetch manifest streamsearch@0.1.2
429 silly packumentCache full:https://registry.npmjs.org/streamsearch cache-miss
430 silly fetch manifest isarray@0.0.1
431 silly packumentCache full:https://registry.npmjs.org/isarray cache-miss
432 silly fetch manifest core-util-is@~1.0.0
433 silly packumentCache full:https://registry.npmjs.org/core-util-is cache-miss
434 silly fetch manifest string_decoder@~0.10.x
435 silly packumentCache full:https://registry.npmjs.org/string_decoder cache-miss
436 http fetch GET 200 https://registry.npmjs.org/core-util-is 212ms (cache revalidated)
437 silly packumentCache full:https://registry.npmjs.org/core-util-is set size:7163 disposed:false
438 http fetch GET 200 https://registry.npmjs.org/string_decoder 216ms (cache revalidated)
439 silly packumentCache full:https://registry.npmjs.org/string_decoder set size:28441 disposed:false
440 http fetch GET 200 https://registry.npmjs.org/isarray 223ms (cache revalidated)
441 silly packumentCache full:https://registry.npmjs.org/isarray set size:17392 disposed:false
442 http fetch GET 200 https://registry.npmjs.org/streamsearch 237ms (cache revalidated)
443 silly packumentCache full:https://registry.npmjs.org/streamsearch set size:27372 disposed:false
444 silly placeDep ROOT buffer-from@1.1.2 OK for: concat-stream@1.6.2 want: ^1.0.0
445 silly placeDep node_modules/concat-stream readable-stream@2.3.8 OK for: concat-stream@1.6.2 want: ^2.2.2
446 silly placeDep ROOT typedarray@0.0.6 OK for: concat-stream@1.6.2 want: ^0.0.6
447 silly fetch manifest isarray@~1.0.0
448 silly packumentCache full:https://registry.npmjs.org/isarray cache-hit
449 silly fetch manifest safe-buffer@~5.1.1
450 silly packumentCache full:https://registry.npmjs.org/safe-buffer cache-hit
451 silly fetch manifest string_decoder@~1.1.1
452 silly packumentCache full:https://registry.npmjs.org/string_decoder cache-hit
453 silly fetch manifest util-deprecate@~1.0.1
454 silly packumentCache full:https://registry.npmjs.org/util-deprecate cache-miss
455 silly fetch manifest process-nextick-args@~2.0.0
456 silly packumentCache full:https://registry.npmjs.org/process-nextick-args cache-miss
457 http fetch GET 200 https://registry.npmjs.org/util-deprecate 208ms (cache revalidated)
458 silly packumentCache full:https://registry.npmjs.org/util-deprecate set size:6674 disposed:false
459 http fetch GET 200 https://registry.npmjs.org/process-nextick-args 214ms (cache revalidated)
460 silly packumentCache full:https://registry.npmjs.org/process-nextick-args set size:15428 disposed:false
461 silly placeDep ROOT streamsearch@0.1.2 OK for: dicer@0.2.5 want: 0.1.2
462 silly placeDep ROOT minimist@1.2.8 OK for: mkdirp@0.5.6 want: ^1.2.6
463 silly placeDep ROOT ee-first@1.1.1 OK for: on-finished@2.4.1 want: 1.1.1
464 silly placeDep ROOT forwarded@0.2.0 OK for: proxy-addr@2.0.7 want: 0.2.0
465 silly placeDep ROOT ipaddr.js@1.9.1 OK for: proxy-addr@2.0.7 want: 1.9.1
466 silly placeDep ROOT side-channel@1.1.0 OK for: qs@6.13.0 want: ^1.0.6
467 silly fetch manifest es-errors@^1.3.0
468 silly packumentCache full:https://registry.npmjs.org/es-errors cache-miss
469 silly fetch manifest object-inspect@^1.13.3
470 silly packumentCache full:https://registry.npmjs.org/object-inspect cache-miss
471 silly fetch manifest side-channel-list@^1.0.0
472 silly packumentCache full:https://registry.npmjs.org/side-channel-list cache-miss
473 silly fetch manifest side-channel-map@^1.0.1
474 silly packumentCache full:https://registry.npmjs.org/side-channel-map cache-miss
475 silly fetch manifest side-channel-weakmap@^1.0.2
476 silly packumentCache full:https://registry.npmjs.org/side-channel-weakmap cache-miss
477 http cache https://registry.npmjs.org/side-channel-weakmap 32ms (cache hit)
478 silly packumentCache full:https://registry.npmjs.org/side-channel-weakmap set size:12620 disposed:false
479 http cache https://registry.npmjs.org/side-channel-list 39ms (cache hit)
480 silly packumentCache full:https://registry.npmjs.org/side-channel-list set size:6005 disposed:false
481 http cache https://registry.npmjs.org/object-inspect 44ms (cache hit)
482 silly packumentCache full:https://registry.npmjs.org/object-inspect set size:101912 disposed:false
483 http cache https://registry.npmjs.org/side-channel-map 47ms (cache hit)
484 silly packumentCache full:https://registry.npmjs.org/side-channel-map set size:9126 disposed:false
485 http cache https://registry.npmjs.org/es-errors 53ms (cache hit)
486 silly packumentCache full:https://registry.npmjs.org/es-errors set size:16918 disposed:false
487 silly placeDep ROOT core-util-is@1.0.3 OK for: readable-stream@1.1.14 want: ~1.0.0
488 silly placeDep ROOT isarray@0.0.1 OK for: readable-stream@1.1.14 want: 0.0.1
489 silly placeDep ROOT string_decoder@0.10.31 OK for: readable-stream@1.1.14 want: ~0.10.x
490 silly placeDep node_modules/send encodeurl@1.0.2 OK for: send@0.19.0 want: ~1.0.2
491 silly placeDep ROOT mime@1.6.0 OK for: send@0.19.0 want: 1.6.0
492 silly placeDep node_modules/send ms@2.1.3 OK for: send@0.19.0 want: 2.1.3
493 silly placeDep ROOT es-errors@1.3.0 OK for: side-channel@1.1.0 want: ^1.3.0
494 silly placeDep ROOT object-inspect@1.13.4 OK for: side-channel@1.1.0 want: ^1.13.3
495 silly placeDep ROOT side-channel-list@1.0.0 OK for: side-channel@1.1.0 want: ^1.0.0
496 silly placeDep ROOT side-channel-map@1.0.1 OK for: side-channel@1.1.0 want: ^1.0.1
497 silly placeDep ROOT side-channel-weakmap@1.0.2 OK for: side-channel@1.1.0 want: ^1.0.2
498 silly fetch manifest call-bound@^1.0.2
499 silly packumentCache full:https://registry.npmjs.org/call-bound cache-miss
500 silly fetch manifest get-intrinsic@^1.2.5
501 silly packumentCache full:https://registry.npmjs.org/get-intrinsic cache-miss
502 silly fetch manifest call-bound@^1.0.2
503 silly packumentCache full:https://registry.npmjs.org/call-bound cache-miss
504 silly fetch manifest get-intrinsic@^1.2.5
505 silly packumentCache full:https://registry.npmjs.org/get-intrinsic cache-miss
506 http cache https://registry.npmjs.org/call-bound 18ms (cache hit)
507 silly packumentCache full:https://registry.npmjs.org/call-bound set size:15317 disposed:false
508 http cache https://registry.npmjs.org/get-intrinsic 22ms (cache hit)
509 silly packumentCache full:https://registry.npmjs.org/get-intrinsic set size:60985 disposed:false
510 http cache https://registry.npmjs.org/call-bound 27ms (cache hit)
511 silly packumentCache full:https://registry.npmjs.org/call-bound set size:15317 disposed:false
512 silly packumentCache full:https://registry.npmjs.org/call-bound dispose
513 http cache https://registry.npmjs.org/get-intrinsic 26ms (cache hit)
514 silly packumentCache full:https://registry.npmjs.org/get-intrinsic set size:60985 disposed:false
515 silly packumentCache full:https://registry.npmjs.org/get-intrinsic dispose
516 silly placeDep ROOT call-bound@1.0.4 OK for: side-channel-map@1.0.1 want: ^1.0.2
517 silly placeDep ROOT get-intrinsic@1.3.0 OK for: side-channel-map@1.0.1 want: ^1.2.5
518 silly fetch manifest call-bind-apply-helpers@^1.0.2
519 silly packumentCache full:https://registry.npmjs.org/call-bind-apply-helpers cache-miss
520 silly fetch manifest get-intrinsic@^1.3.0
521 silly packumentCache full:https://registry.npmjs.org/get-intrinsic cache-hit
522 silly fetch manifest gopd@^1.2.0
523 silly packumentCache full:https://registry.npmjs.org/gopd cache-miss
524 silly fetch manifest hasown@^2.0.2
525 silly packumentCache full:https://registry.npmjs.org/hasown cache-miss
526 silly fetch manifest get-proto@^1.0.1
527 silly packumentCache full:https://registry.npmjs.org/get-proto cache-miss
528 silly fetch manifest has-symbols@^1.1.0
529 silly packumentCache full:https://registry.npmjs.org/has-symbols cache-miss
530 silly fetch manifest function-bind@^1.1.2
531 silly packumentCache full:https://registry.npmjs.org/function-bind cache-miss
532 silly fetch manifest es-object-atoms@^1.1.1
533 silly packumentCache full:https://registry.npmjs.org/es-object-atoms cache-miss
534 http cache https://registry.npmjs.org/hasown 30ms (cache hit)
535 silly packumentCache full:https://registry.npmjs.org/hasown set size:12476 disposed:false
536 silly fetch manifest math-intrinsics@^1.1.0
537 silly packumentCache full:https://registry.npmjs.org/math-intrinsics cache-miss
538 http cache https://registry.npmjs.org/get-proto 32ms (cache hit)
539 silly packumentCache full:https://registry.npmjs.org/get-proto set size:8300 disposed:false
540 silly fetch manifest es-define-property@^1.0.1
541 silly packumentCache full:https://registry.npmjs.org/es-define-property cache-miss
542 http cache https://registry.npmjs.org/call-bind-apply-helpers 39ms (cache hit)
543 silly packumentCache full:https://registry.npmjs.org/call-bind-apply-helpers set size:12744 disposed:false
544 http cache https://registry.npmjs.org/has-symbols 37ms (cache hit)
545 silly packumentCache full:https://registry.npmjs.org/has-symbols set size:21550 disposed:false
546 http cache https://registry.npmjs.org/function-bind 38ms (cache hit)
547 silly packumentCache full:https://registry.npmjs.org/function-bind set size:15733 disposed:false
548 http cache https://registry.npmjs.org/es-object-atoms 37ms (cache hit)
549 silly packumentCache full:https://registry.npmjs.org/es-object-atoms set size:15304 disposed:false
550 http cache https://registry.npmjs.org/gopd 47ms (cache hit)
551 silly packumentCache full:https://registry.npmjs.org/gopd set size:11458 disposed:false
552 http cache https://registry.npmjs.org/math-intrinsics 22ms (cache hit)
553 silly packumentCache full:https://registry.npmjs.org/math-intrinsics set size:9265 disposed:false
554 http cache https://registry.npmjs.org/es-define-property 21ms (cache hit)
555 silly packumentCache full:https://registry.npmjs.org/es-define-property set size:8542 disposed:false
556 silly placeDep ROOT call-bind-apply-helpers@1.0.2 OK for: call-bound@1.0.4 want: ^1.0.2
557 silly placeDep ROOT function-bind@1.1.2 OK for: call-bind-apply-helpers@1.0.2 want: ^1.1.2
558 silly placeDep ROOT es-define-property@1.0.1 OK for: get-intrinsic@1.3.0 want: ^1.0.1
559 silly placeDep ROOT es-object-atoms@1.1.1 OK for: get-intrinsic@1.3.0 want: ^1.1.1
560 silly placeDep ROOT get-proto@1.0.1 OK for: get-intrinsic@1.3.0 want: ^1.0.1
561 silly placeDep ROOT gopd@1.2.0 OK for: get-intrinsic@1.3.0 want: ^1.2.0
562 silly placeDep ROOT has-symbols@1.1.0 OK for: get-intrinsic@1.3.0 want: ^1.1.0
563 silly placeDep ROOT hasown@2.0.2 OK for: get-intrinsic@1.3.0 want: ^2.0.2
564 silly placeDep ROOT math-intrinsics@1.1.0 OK for: get-intrinsic@1.3.0 want: ^1.1.0
565 silly fetch manifest dunder-proto@^1.0.1
566 silly packumentCache full:https://registry.npmjs.org/dunder-proto cache-miss
567 http cache https://registry.npmjs.org/dunder-proto 39ms (cache hit)
568 silly packumentCache full:https://registry.npmjs.org/dunder-proto set size:8256 disposed:false
569 silly placeDep ROOT dunder-proto@1.0.1 OK for: get-proto@1.0.1 want: ^1.0.1
570 silly placeDep ROOT media-typer@0.3.0 OK for: type-is@1.6.18 want: 0.3.0
571 silly placeDep node_modules/concat-stream isarray@1.0.0 OK for: readable-stream@2.3.8 want: ~1.0.0
572 silly placeDep ROOT process-nextick-args@2.0.1 OK for: readable-stream@2.3.8 want: ~2.0.0
573 silly placeDep node_modules/concat-stream safe-buffer@5.1.2 OK for: readable-stream@2.3.8 want: ~5.1.1
574 silly placeDep node_modules/concat-stream string_decoder@1.1.1 OK for: readable-stream@2.3.8 want: ~1.1.1
575 silly placeDep ROOT util-deprecate@1.0.2 OK for: readable-stream@2.3.8 want: ~1.0.1
576 silly reify moves {}
577 silly audit bulk request {
577 silly audit   bcryptjs: [ '2.4.3' ],
577 silly audit   cors: [ '2.8.5' ],
577 silly audit   dotenv: [ '16.6.1' ],
577 silly audit   express: [ '4.21.2' ],
577 silly audit   jsonwebtoken: [ '8.5.1' ],
577 silly audit   multer: [ '1.4.4' ],
577 silly audit   'object-assign': [ '4.1.1' ],
577 silly audit   vary: [ '1.1.2' ],
577 silly audit   accepts: [ '1.3.8' ],
577 silly audit   'array-flatten': [ '1.1.1' ],
577 silly audit   'body-parser': [ '1.20.3' ],
577 silly audit   'content-disposition': [ '0.5.4' ],
577 silly audit   'content-type': [ '1.0.5' ],
577 silly audit   cookie: [ '0.7.1' ],
577 silly audit   'cookie-signature': [ '1.0.6' ],
577 silly audit   debug: [ '2.6.9' ],
577 silly audit   depd: [ '2.0.0' ],
577 silly audit   encodeurl: [ '2.0.0', '1.0.2' ],
577 silly audit   'escape-html': [ '1.0.3' ],
577 silly audit   etag: [ '1.8.1' ],
577 silly audit   finalhandler: [ '1.3.1' ],
577 silly audit   fresh: [ '0.5.2' ],
577 silly audit   'http-errors': [ '2.0.0' ],
577 silly audit   'merge-descriptors': [ '1.0.3' ],
577 silly audit   methods: [ '1.1.2' ],
577 silly audit   'on-finished': [ '2.4.1' ],
577 silly audit   parseurl: [ '1.3.3' ],
577 silly audit   'path-to-regexp': [ '0.1.12' ],
577 silly audit   'proxy-addr': [ '2.0.7' ],
577 silly audit   qs: [ '6.13.0' ],
577 silly audit   'range-parser': [ '1.2.1' ],
577 silly audit   'safe-buffer': [ '5.2.1', '5.1.2' ],
577 silly audit   send: [ '0.19.0' ],
577 silly audit   'serve-static': [ '1.16.2' ],
577 silly audit   setprototypeof: [ '1.2.0' ],
577 silly audit   statuses: [ '2.0.1' ],
577 silly audit   'type-is': [ '1.6.18' ],
577 silly audit   'utils-merge': [ '1.0.1' ],
577 silly audit   'mime-types': [ '2.1.35' ],
577 silly audit   negotiator: [ '0.6.3' ],
577 silly audit   bytes: [ '3.1.2' ],
577 silly audit   destroy: [ '1.2.0' ],
577 silly audit   'iconv-lite': [ '0.4.24' ],
577 silly audit   'raw-body': [ '2.5.2' ],
577 silly audit   unpipe: [ '1.0.0' ],
577 silly audit   ms: [ '2.0.0', '2.1.3' ],
577 silly audit   inherits: [ '2.0.4' ],
577 silly audit   toidentifier: [ '1.0.1' ],
577 silly audit   'safer-buffer': [ '2.1.2' ],
577 silly audit   jws: [ '3.2.2' ],
577 silly audit   'lodash.includes': [ '4.3.0' ],
577 silly audit   'lodash.isboolean': [ '3.0.3' ],
577 silly audit   'lodash.isinteger': [ '4.0.4' ],
577 silly audit   'lodash.isnumber': [ '3.0.3' ],
577 silly audit   'lodash.isplainobject': [ '4.0.6' ],
577 silly audit   'lodash.isstring': [ '4.0.1' ],
577 silly audit   'lodash.once': [ '4.1.1' ],
577 silly audit   semver: [ '5.7.2' ],
577 silly audit   jwa: [ '1.4.2' ],
577 silly audit   'buffer-equal-constant-time': [ '1.0.1' ],
577 silly audit   'ecdsa-sig-formatter': [ '1.0.11' ],
577 silly audit   'mime-db': [ '1.52.0' ],
577 silly audit   'append-field': [ '1.0.0' ],
577 silly audit   busboy: [ '0.2.14' ],
577 silly audit   'concat-stream': [ '1.6.2' ],
577 silly audit   mkdirp: [ '0.5.6' ],
577 silly audit   xtend: [ '4.0.2' ],
577 silly audit   dicer: [ '0.2.5' ],
577 silly audit   'readable-stream': [ '1.1.14', '2.3.8' ],
577 silly audit   'buffer-from': [ '1.1.2' ],
577 silly audit   typedarray: [ '0.0.6' ],
577 silly audit   streamsearch: [ '0.1.2' ],
577 silly audit   minimist: [ '1.2.8' ],
577 silly audit   'ee-first': [ '1.1.1' ],
577 silly audit   forwarded: [ '0.2.0' ],
577 silly audit   'ipaddr.js': [ '1.9.1' ],
577 silly audit   'side-channel': [ '1.1.0' ],
577 silly audit   'core-util-is': [ '1.0.3' ],
577 silly audit   isarray: [ '0.0.1', '1.0.0' ],
577 silly audit   string_decoder: [ '0.10.31', '1.1.1' ],
577 silly audit   mime: [ '1.6.0' ],
577 silly audit   'es-errors': [ '1.3.0' ],
577 silly audit   'object-inspect': [ '1.13.4' ],
577 silly audit   'side-channel-list': [ '1.0.0' ],
577 silly audit   'side-channel-map': [ '1.0.1' ],
577 silly audit   'side-channel-weakmap': [ '1.0.2' ],
577 silly audit   'call-bound': [ '1.0.4' ],
577 silly audit   'get-intrinsic': [ '1.3.0' ],
577 silly audit   'call-bind-apply-helpers': [ '1.0.2' ],
577 silly audit   'function-bind': [ '1.1.2' ],
577 silly audit   'es-define-property': [ '1.0.1' ],
577 silly audit   'es-object-atoms': [ '1.1.1' ],
577 silly audit   'get-proto': [ '1.0.1' ],
577 silly audit   gopd: [ '1.2.0' ],
577 silly audit   'has-symbols': [ '1.1.0' ],
577 silly audit   hasown: [ '2.0.2' ],
577 silly audit   'math-intrinsics': [ '1.1.0' ],
577 silly audit   'dunder-proto': [ '1.0.1' ],
577 silly audit   'media-typer': [ '0.3.0' ],
577 silly audit   'process-nextick-args': [ '2.0.1' ],
577 silly audit   'util-deprecate': [ '1.0.2' ]
577 silly audit }
578 http cache util-deprecate@https://registry.npmjs.org/util-deprecate/-/util-deprecate-1.0.2.tgz 0ms (cache hit)
579 http cache process-nextick-args@https://registry.npmjs.org/process-nextick-args/-/process-nextick-args-2.0.1.tgz 0ms (cache hit)
580 http cache media-typer@https://registry.npmjs.org/media-typer/-/media-typer-0.3.0.tgz 0ms (cache hit)
581 http cache dunder-proto@https://registry.npmjs.org/dunder-proto/-/dunder-proto-1.0.1.tgz 0ms (cache hit)
582 http cache math-intrinsics@https://registry.npmjs.org/math-intrinsics/-/math-intrinsics-1.1.0.tgz 0ms (cache hit)
583 http cache hasown@https://registry.npmjs.org/hasown/-/hasown-2.0.2.tgz 0ms (cache hit)
584 http cache has-symbols@https://registry.npmjs.org/has-symbols/-/has-symbols-1.1.0.tgz 0ms (cache hit)
585 http cache gopd@https://registry.npmjs.org/gopd/-/gopd-1.2.0.tgz 0ms (cache hit)
586 http cache get-proto@https://registry.npmjs.org/get-proto/-/get-proto-1.0.1.tgz 0ms (cache hit)
587 http cache es-object-atoms@https://registry.npmjs.org/es-object-atoms/-/es-object-atoms-1.1.1.tgz 0ms (cache hit)
588 http cache es-define-property@https://registry.npmjs.org/es-define-property/-/es-define-property-1.0.1.tgz 0ms (cache hit)
589 http cache function-bind@https://registry.npmjs.org/function-bind/-/function-bind-1.1.2.tgz 0ms (cache hit)
590 http cache call-bind-apply-helpers@https://registry.npmjs.org/call-bind-apply-helpers/-/call-bind-apply-helpers-1.0.2.tgz 0ms (cache hit)
591 http cache get-intrinsic@https://registry.npmjs.org/get-intrinsic/-/get-intrinsic-1.3.0.tgz 0ms (cache hit)
592 http cache call-bound@https://registry.npmjs.org/call-bound/-/call-bound-1.0.4.tgz 0ms (cache hit)
593 http cache side-channel-weakmap@https://registry.npmjs.org/side-channel-weakmap/-/side-channel-weakmap-1.0.2.tgz 0ms (cache hit)
594 http cache side-channel-map@https://registry.npmjs.org/side-channel-map/-/side-channel-map-1.0.1.tgz 1ms (cache hit)
595 http cache side-channel-list@https://registry.npmjs.org/side-channel-list/-/side-channel-list-1.0.0.tgz 0ms (cache hit)
596 http cache object-inspect@https://registry.npmjs.org/object-inspect/-/object-inspect-1.13.4.tgz 0ms (cache hit)
597 http cache es-errors@https://registry.npmjs.org/es-errors/-/es-errors-1.3.0.tgz 0ms (cache hit)
598 http cache mime@https://registry.npmjs.org/mime/-/mime-1.6.0.tgz 0ms (cache hit)
599 http cache string_decoder@https://registry.npmjs.org/string_decoder/-/string_decoder-0.10.31.tgz 0ms (cache hit)
600 http cache isarray@https://registry.npmjs.org/isarray/-/isarray-0.0.1.tgz 0ms (cache hit)
601 http cache core-util-is@https://registry.npmjs.org/core-util-is/-/core-util-is-1.0.3.tgz 0ms (cache hit)
602 http cache side-channel@https://registry.npmjs.org/side-channel/-/side-channel-1.1.0.tgz 0ms (cache hit)
603 http cache ipaddr.js@https://registry.npmjs.org/ipaddr.js/-/ipaddr.js-1.9.1.tgz 0ms (cache hit)
604 http cache forwarded@https://registry.npmjs.org/forwarded/-/forwarded-0.2.0.tgz 0ms (cache hit)
605 http cache ee-first@https://registry.npmjs.org/ee-first/-/ee-first-1.1.1.tgz 0ms (cache hit)
606 http cache minimist@https://registry.npmjs.org/minimist/-/minimist-1.2.8.tgz 0ms (cache hit)
607 http cache streamsearch@https://registry.npmjs.org/streamsearch/-/streamsearch-0.1.2.tgz 0ms (cache hit)
608 http cache typedarray@https://registry.npmjs.org/typedarray/-/typedarray-0.0.6.tgz 0ms (cache hit)
609 http cache buffer-from@https://registry.npmjs.org/buffer-from/-/buffer-from-1.1.2.tgz 0ms (cache hit)
610 http cache readable-stream@https://registry.npmjs.org/readable-stream/-/readable-stream-1.1.14.tgz 0ms (cache hit)
611 http cache dicer@https://registry.npmjs.org/dicer/-/dicer-0.2.5.tgz 0ms (cache hit)
612 http cache xtend@https://registry.npmjs.org/xtend/-/xtend-4.0.2.tgz 0ms (cache hit)
613 http cache mkdirp@https://registry.npmjs.org/mkdirp/-/mkdirp-0.5.6.tgz 0ms (cache hit)
614 http cache concat-stream@https://registry.npmjs.org/concat-stream/-/concat-stream-1.6.2.tgz 0ms (cache hit)
615 http cache busboy@https://registry.npmjs.org/busboy/-/busboy-0.2.14.tgz 0ms (cache hit)
616 http cache append-field@https://registry.npmjs.org/append-field/-/append-field-1.0.0.tgz 0ms (cache hit)
617 http cache mime-db@https://registry.npmjs.org/mime-db/-/mime-db-1.52.0.tgz 0ms (cache hit)
618 http cache ecdsa-sig-formatter@https://registry.npmjs.org/ecdsa-sig-formatter/-/ecdsa-sig-formatter-1.0.11.tgz 0ms (cache hit)
619 http cache buffer-equal-constant-time@https://registry.npmjs.org/buffer-equal-constant-time/-/buffer-equal-constant-time-1.0.1.tgz 0ms (cache hit)
620 http cache jwa@https://registry.npmjs.org/jwa/-/jwa-1.4.2.tgz 0ms (cache hit)
621 http cache semver@https://registry.npmjs.org/semver/-/semver-5.7.2.tgz 0ms (cache hit)
622 http cache lodash.once@https://registry.npmjs.org/lodash.once/-/lodash.once-4.1.1.tgz 0ms (cache hit)
623 http cache lodash.isstring@https://registry.npmjs.org/lodash.isstring/-/lodash.isstring-4.0.1.tgz 0ms (cache hit)
624 http cache lodash.isplainobject@https://registry.npmjs.org/lodash.isplainobject/-/lodash.isplainobject-4.0.6.tgz 0ms (cache hit)
625 http cache lodash.isnumber@https://registry.npmjs.org/lodash.isnumber/-/lodash.isnumber-3.0.3.tgz 0ms (cache hit)
626 http cache lodash.isinteger@https://registry.npmjs.org/lodash.isinteger/-/lodash.isinteger-4.0.4.tgz 0ms (cache hit)
627 http cache lodash.isboolean@https://registry.npmjs.org/lodash.isboolean/-/lodash.isboolean-3.0.3.tgz 0ms (cache hit)
628 http cache lodash.includes@https://registry.npmjs.org/lodash.includes/-/lodash.includes-4.3.0.tgz 0ms (cache hit)
629 http cache jws@https://registry.npmjs.org/jws/-/jws-3.2.2.tgz 0ms (cache hit)
630 http cache safer-buffer@https://registry.npmjs.org/safer-buffer/-/safer-buffer-2.1.2.tgz 1ms (cache hit)
631 http cache toidentifier@https://registry.npmjs.org/toidentifier/-/toidentifier-1.0.1.tgz 0ms (cache hit)
632 http cache inherits@https://registry.npmjs.org/inherits/-/inherits-2.0.4.tgz 0ms (cache hit)
633 http cache ms@https://registry.npmjs.org/ms/-/ms-2.0.0.tgz 0ms (cache hit)
634 http cache unpipe@https://registry.npmjs.org/unpipe/-/unpipe-1.0.0.tgz 0ms (cache hit)
635 http cache raw-body@https://registry.npmjs.org/raw-body/-/raw-body-2.5.2.tgz 0ms (cache hit)
636 http cache iconv-lite@https://registry.npmjs.org/iconv-lite/-/iconv-lite-0.4.24.tgz 0ms (cache hit)
637 http cache destroy@https://registry.npmjs.org/destroy/-/destroy-1.2.0.tgz 0ms (cache hit)
638 http cache bytes@https://registry.npmjs.org/bytes/-/bytes-3.1.2.tgz 1ms (cache hit)
639 http cache negotiator@https://registry.npmjs.org/negotiator/-/negotiator-0.6.3.tgz 0ms (cache hit)
640 http cache mime-types@https://registry.npmjs.org/mime-types/-/mime-types-2.1.35.tgz 0ms (cache hit)
641 http cache utils-merge@https://registry.npmjs.org/utils-merge/-/utils-merge-1.0.1.tgz 0ms (cache hit)
642 http cache type-is@https://registry.npmjs.org/type-is/-/type-is-1.6.18.tgz 0ms (cache hit)
643 http cache statuses@https://registry.npmjs.org/statuses/-/statuses-2.0.1.tgz 0ms (cache hit)
644 http cache setprototypeof@https://registry.npmjs.org/setprototypeof/-/setprototypeof-1.2.0.tgz 0ms (cache hit)
645 http cache serve-static@https://registry.npmjs.org/serve-static/-/serve-static-1.16.2.tgz 0ms (cache hit)
646 http cache send@https://registry.npmjs.org/send/-/send-0.19.0.tgz 0ms (cache hit)
647 http cache safe-buffer@https://registry.npmjs.org/safe-buffer/-/safe-buffer-5.2.1.tgz 0ms (cache hit)
648 http cache range-parser@https://registry.npmjs.org/range-parser/-/range-parser-1.2.1.tgz 0ms (cache hit)
649 http cache qs@https://registry.npmjs.org/qs/-/qs-6.13.0.tgz 0ms (cache hit)
650 http cache proxy-addr@https://registry.npmjs.org/proxy-addr/-/proxy-addr-2.0.7.tgz 0ms (cache hit)
651 http cache path-to-regexp@https://registry.npmjs.org/path-to-regexp/-/path-to-regexp-0.1.12.tgz 0ms (cache hit)
652 http cache parseurl@https://registry.npmjs.org/parseurl/-/parseurl-1.3.3.tgz 0ms (cache hit)
653 http cache on-finished@https://registry.npmjs.org/on-finished/-/on-finished-2.4.1.tgz 0ms (cache hit)
654 http cache methods@https://registry.npmjs.org/methods/-/methods-1.1.2.tgz 0ms (cache hit)
655 http cache merge-descriptors@https://registry.npmjs.org/merge-descriptors/-/merge-descriptors-1.0.3.tgz 0ms (cache hit)
656 http cache http-errors@https://registry.npmjs.org/http-errors/-/http-errors-2.0.0.tgz 0ms (cache hit)
657 http cache fresh@https://registry.npmjs.org/fresh/-/fresh-0.5.2.tgz 0ms (cache hit)
658 http cache finalhandler@https://registry.npmjs.org/finalhandler/-/finalhandler-1.3.1.tgz 0ms (cache hit)
659 http cache etag@https://registry.npmjs.org/etag/-/etag-1.8.1.tgz 0ms (cache hit)
660 http cache escape-html@https://registry.npmjs.org/escape-html/-/escape-html-1.0.3.tgz 0ms (cache hit)
661 http cache encodeurl@https://registry.npmjs.org/encodeurl/-/encodeurl-2.0.0.tgz 0ms (cache hit)
662 http cache depd@https://registry.npmjs.org/depd/-/depd-2.0.0.tgz 0ms (cache hit)
663 http cache debug@https://registry.npmjs.org/debug/-/debug-2.6.9.tgz 0ms (cache hit)
664 http cache cookie-signature@https://registry.npmjs.org/cookie-signature/-/cookie-signature-1.0.6.tgz 0ms (cache hit)
665 http cache cookie@https://registry.npmjs.org/cookie/-/cookie-0.7.1.tgz 0ms (cache hit)
666 http cache content-type@https://registry.npmjs.org/content-type/-/content-type-1.0.5.tgz 0ms (cache hit)
667 http cache content-disposition@https://registry.npmjs.org/content-disposition/-/content-disposition-0.5.4.tgz 0ms (cache hit)
668 http cache body-parser@https://registry.npmjs.org/body-parser/-/body-parser-1.20.3.tgz 0ms (cache hit)
669 http cache array-flatten@https://registry.npmjs.org/array-flatten/-/array-flatten-1.1.1.tgz 0ms (cache hit)
670 http cache accepts@https://registry.npmjs.org/accepts/-/accepts-1.3.8.tgz 0ms (cache hit)
671 http cache vary@https://registry.npmjs.org/vary/-/vary-1.1.2.tgz 0ms (cache hit)
672 http cache object-assign@https://registry.npmjs.org/object-assign/-/object-assign-4.1.1.tgz 0ms (cache hit)
673 http cache multer@https://registry.npmjs.org/multer/-/multer-1.4.4.tgz 0ms (cache hit)
674 http cache jsonwebtoken@https://registry.npmjs.org/jsonwebtoken/-/jsonwebtoken-8.5.1.tgz 0ms (cache hit)
675 http cache express@https://registry.npmjs.org/express/-/express-4.21.2.tgz 0ms (cache hit)
676 http cache dotenv@https://registry.npmjs.org/dotenv/-/dotenv-16.6.1.tgz 0ms (cache hit)
677 http cache cors@https://registry.npmjs.org/cors/-/cors-2.8.5.tgz 0ms (cache hit)
678 http cache bcryptjs@https://registry.npmjs.org/bcryptjs/-/bcryptjs-2.4.3.tgz 0ms (cache hit)
679 http cache safe-buffer@https://registry.npmjs.org/safe-buffer/-/safe-buffer-5.1.2.tgz 0ms (cache hit)
680 http cache isarray@https://registry.npmjs.org/isarray/-/isarray-1.0.0.tgz 0ms (cache hit)
681 http cache readable-stream@https://registry.npmjs.org/readable-stream/-/readable-stream-2.3.8.tgz 0ms (cache hit)
682 http cache ms@https://registry.npmjs.org/ms/-/ms-2.1.3.tgz 0ms (cache hit)
683 http cache encodeurl@https://registry.npmjs.org/encodeurl/-/encodeurl-1.0.2.tgz 0ms (cache hit)
684 http cache string_decoder@https://registry.npmjs.org/string_decoder/-/string_decoder-1.1.1.tgz 0ms (cache hit)
685 http cache ms@https://registry.npmjs.org/ms/-/ms-2.1.3.tgz 0ms (cache hit)
686 silly tarball no local data for string_decoder@https://registry.npmjs.org/string_decoder/-/string_decoder-0.10.31.tgz. Extracting by manifest.
687 silly tarball no local data for isarray@https://registry.npmjs.org/isarray/-/isarray-0.0.1.tgz. Extracting by manifest.
688 silly tarball no local data for streamsearch@https://registry.npmjs.org/streamsearch/-/streamsearch-0.1.2.tgz. Extracting by manifest.
689 silly tarball no local data for readable-stream@https://registry.npmjs.org/readable-stream/-/readable-stream-1.1.14.tgz. Extracting by manifest.
690 silly tarball no local data for dicer@https://registry.npmjs.org/dicer/-/dicer-0.2.5.tgz. Extracting by manifest.
691 silly tarball no local data for busboy@https://registry.npmjs.org/busboy/-/busboy-0.2.14.tgz. Extracting by manifest.
692 silly tarball no local data for multer@https://registry.npmjs.org/multer/-/multer-1.4.4.tgz. Extracting by manifest.
693 silly tarball no local data for jsonwebtoken@https://registry.npmjs.org/jsonwebtoken/-/jsonwebtoken-8.5.1.tgz. Extracting by manifest.
694 silly tarball no local data for dotenv@https://registry.npmjs.org/dotenv/-/dotenv-16.6.1.tgz. Extracting by manifest.
695 silly tarball no local data for bcryptjs@https://registry.npmjs.org/bcryptjs/-/bcryptjs-2.4.3.tgz. Extracting by manifest.
696 http fetch POST 200 https://registry.npmjs.org/-/npm/v1/security/advisories/bulk 565ms
697 silly audit report {
697 silly audit report   jsonwebtoken: [
697 silly audit report     {
697 silly audit report       id: 1102458,
697 silly audit report       url: 'https://github.com/advisories/GHSA-qwph-4952-7xr6',
697 silly audit report       title: 'jsonwebtoken vulnerable to signature validation bypass due to insecure default algorithm in jwt.verify()',
697 silly audit report       severity: 'moderate',
697 silly audit report       vulnerable_versions: '<9.0.0',
697 silly audit report       cwe: [Array],
697 silly audit report       cvss: [Object]
697 silly audit report     },
697 silly audit report     {
697 silly audit report       id: 1097690,
697 silly audit report       url: 'https://github.com/advisories/GHSA-8cf7-32gw-wr33',
697 silly audit report       title: 'jsonwebtoken unrestricted key type could lead to legacy keys usage ',
697 silly audit report       severity: 'high',
697 silly audit report       vulnerable_versions: '<=8.5.1',
697 silly audit report       cwe: [Array],
697 silly audit report       cvss: [Object]
697 silly audit report     },
697 silly audit report     {
697 silly audit report       id: 1097694,
697 silly audit report       url: 'https://github.com/advisories/GHSA-hjrf-2m68-5959',
697 silly audit report       title: "jsonwebtoken's insecure implementation of key retrieval function could lead to Forgeable Public/Private Tokens from RSA to HMAC",
697 silly audit report       severity: 'moderate',
697 silly audit report       vulnerable_versions: '<=8.5.1',
697 silly audit report       cwe: [Array],
697 silly audit report       cvss: [Object]
697 silly audit report     }
697 silly audit report   ],
697 silly audit report   multer: [
697 silly audit report     {
697 silly audit report       id: 1104780,
697 silly audit report       url: 'https://github.com/advisories/GHSA-4pg4-qvpc-4q3h',
697 silly audit report       title: 'Multer vulnerable to Denial of Service from maliciously crafted requests',
697 silly audit report       severity: 'high',
697 silly audit report       vulnerable_versions: '>=1.4.4-lts.1 <2.0.0',
697 silly audit report       cwe: [Array],
697 silly audit report       cvss: [Object]
697 silly audit report     },
697 silly audit report     {
697 silly audit report       id: 1105262,
697 silly audit report       url: 'https://github.com/advisories/GHSA-g5hg-p3ph-g8qg',
697 silly audit report       title: 'Multer vulnerable to Denial of Service via unhandled exception',
697 silly audit report       severity: 'high',
697 silly audit report       vulnerable_versions: '>=1.4.4-lts.1 <2.0.1',
697 silly audit report       cwe: [Array],
697 silly audit report       cvss: [Object]
697 silly audit report     },
697 silly audit report     {
697 silly audit report       id: 1105267,
697 silly audit report       url: 'https://github.com/advisories/GHSA-44fp-w29j-9vj5',
697 silly audit report       title: 'Multer vulnerable to Denial of Service via memory leaks from unclosed streams',
697 silly audit report       severity: 'high',
697 silly audit report       vulnerable_versions: '<2.0.0',
697 silly audit report       cwe: [Array],
697 silly audit report       cvss: [Object]
697 silly audit report     },
697 silly audit report     {
697 silly audit report       id: 1106463,
697 silly audit report       url: 'https://github.com/advisories/GHSA-fjgf-rc76-4x9p',
697 silly audit report       title: 'Multer vulnerable to Denial of Service via unhandled exception from malformed request',
697 silly audit report       severity: 'high',
697 silly audit report       vulnerable_versions: '>=1.4.4-lts.1 <2.0.2',
697 silly audit report       cwe: [Array],
697 silly audit report       cvss: [Object]
697 silly audit report     }
697 silly audit report   ],
697 silly audit report   dicer: [
697 silly audit report     {
697 silly audit report       id: 1093150,
697 silly audit report       url: 'https://github.com/advisories/GHSA-wm7h-9275-46v2',
697 silly audit report       title: 'Crash in HeaderParser in dicer',
697 silly audit report       severity: 'high',
697 silly audit report       vulnerable_versions: '<=0.3.1',
697 silly audit report       cwe: [Array],
697 silly audit report       cvss: [Object]
697 silly audit report     }
697 silly audit report   ]
697 silly audit report }
698 silly packumentCache corgi:https://registry.npmjs.org/jsonwebtoken cache-miss
699 silly packumentCache corgi:https://registry.npmjs.org/multer cache-miss
700 silly packumentCache corgi:https://registry.npmjs.org/dicer cache-miss
701 http fetch GET 200 https://registry.npmjs.org/isarray/-/isarray-0.0.1.tgz 811ms (cache miss)
702 http fetch GET 200 https://registry.npmjs.org/streamsearch/-/streamsearch-0.1.2.tgz 816ms (cache miss)
703 http fetch GET 200 https://registry.npmjs.org/string_decoder/-/string_decoder-0.10.31.tgz 823ms (cache miss)
704 http fetch GET 200 https://registry.npmjs.org/readable-stream/-/readable-stream-1.1.14.tgz 905ms (cache miss)
705 http fetch GET 200 https://registry.npmjs.org/dicer/-/dicer-0.2.5.tgz 1018ms (cache miss)
706 http fetch GET 200 https://registry.npmjs.org/dicer 621ms (cache miss)
707 silly packumentCache corgi:https://registry.npmjs.org/dicer set size:undefined disposed:false
708 http fetch GET 200 https://registry.npmjs.org/multer/-/multer-1.4.4.tgz 1078ms (cache miss)
709 warn deprecated multer@1.4.4: Multer 1.x is affected by CVE-2022-24434. This is fixed in v1.4.4-lts.1 which drops support for versions of Node.js before 6. Please upgrade to at least Node.js 6 and version 1.4.4-lts.1 of Multer. If you need support for older versions of Node.js, we are open to accepting patches that would fix the CVE on the main 1.x release line, whilst maintaining compatibility with Node.js 0.10.
710 http fetch GET 200 https://registry.npmjs.org/jsonwebtoken 665ms (cache miss)
711 silly packumentCache corgi:https://registry.npmjs.org/jsonwebtoken set size:undefined disposed:false
712 http fetch GET 200 https://registry.npmjs.org/multer 674ms (cache miss)
713 silly packumentCache corgi:https://registry.npmjs.org/multer set size:undefined disposed:false
714 http fetch GET 200 https://registry.npmjs.org/jsonwebtoken/-/jsonwebtoken-8.5.1.tgz 1110ms (cache miss)
715 http fetch GET 200 https://registry.npmjs.org/dotenv/-/dotenv-16.6.1.tgz 1116ms (cache miss)
716 silly packumentCache corgi:https://registry.npmjs.org/busboy cache-miss
717 http fetch GET 200 https://registry.npmjs.org/bcryptjs/-/bcryptjs-2.4.3.tgz 1271ms (cache miss)
718 http fetch GET 200 https://registry.npmjs.org/busboy 231ms (cache miss)
719 silly packumentCache corgi:https://registry.npmjs.org/busboy set size:undefined disposed:false
720 http fetch GET 200 https://registry.npmjs.org/busboy/-/busboy-0.2.14.tgz 1505ms (cache miss)
721 silly ADD node_modules/util-deprecate
722 silly ADD node_modules/process-nextick-args
723 silly ADD node_modules/media-typer
724 silly ADD node_modules/dunder-proto
725 silly ADD node_modules/math-intrinsics
726 silly ADD node_modules/hasown
727 silly ADD node_modules/has-symbols
728 silly ADD node_modules/gopd
729 silly ADD node_modules/get-proto
730 silly ADD node_modules/es-object-atoms
731 silly ADD node_modules/es-define-property
732 silly ADD node_modules/function-bind
733 silly ADD node_modules/call-bind-apply-helpers
734 silly ADD node_modules/get-intrinsic
735 silly ADD node_modules/call-bound
736 silly ADD node_modules/side-channel-weakmap
737 silly ADD node_modules/side-channel-map
738 silly ADD node_modules/side-channel-list
739 silly ADD node_modules/object-inspect
740 silly ADD node_modules/es-errors
741 silly ADD node_modules/mime
742 silly ADD node_modules/string_decoder
743 silly ADD node_modules/isarray
744 silly ADD node_modules/core-util-is
745 silly ADD node_modules/side-channel
746 silly ADD node_modules/ipaddr.js
747 silly ADD node_modules/forwarded
748 silly ADD node_modules/ee-first
749 silly ADD node_modules/minimist
750 silly ADD node_modules/streamsearch
751 silly ADD node_modules/typedarray
752 silly ADD node_modules/buffer-from
753 silly ADD node_modules/readable-stream
754 silly ADD node_modules/dicer
755 silly ADD node_modules/xtend
756 silly ADD node_modules/mkdirp
757 silly ADD node_modules/concat-stream
758 silly ADD node_modules/concat-stream/node_modules/string_decoder
759 silly ADD node_modules/concat-stream/node_modules/safe-buffer
760 silly ADD node_modules/concat-stream/node_modules/isarray
761 silly ADD node_modules/concat-stream/node_modules/readable-stream
762 silly ADD node_modules/busboy
763 silly ADD node_modules/append-field
764 silly ADD node_modules/mime-db
765 silly ADD node_modules/ecdsa-sig-formatter
766 silly ADD node_modules/buffer-equal-constant-time
767 silly ADD node_modules/jwa
768 silly ADD node_modules/semver
769 silly ADD node_modules/lodash.once
770 silly ADD node_modules/lodash.isstring
771 silly ADD node_modules/lodash.isplainobject
772 silly ADD node_modules/lodash.isnumber
773 silly ADD node_modules/lodash.isinteger
774 silly ADD node_modules/lodash.isboolean
775 silly ADD node_modules/lodash.includes
776 silly ADD node_modules/jws
777 silly ADD node_modules/safer-buffer
778 silly ADD node_modules/toidentifier
779 silly ADD node_modules/inherits
780 silly ADD node_modules/ms
781 silly ADD node_modules/unpipe
782 silly ADD node_modules/raw-body
783 silly ADD node_modules/iconv-lite
784 silly ADD node_modules/destroy
785 silly ADD node_modules/bytes
786 silly ADD node_modules/negotiator
787 silly ADD node_modules/mime-types
788 silly ADD node_modules/utils-merge
789 silly ADD node_modules/type-is
790 silly ADD node_modules/statuses
791 silly ADD node_modules/setprototypeof
792 silly ADD node_modules/serve-static
793 silly ADD node_modules/send
794 silly ADD node_modules/send/node_modules/ms
795 silly ADD node_modules/send/node_modules/encodeurl
796 silly ADD node_modules/safe-buffer
797 silly ADD node_modules/range-parser
798 silly ADD node_modules/qs
799 silly ADD node_modules/proxy-addr
800 silly ADD node_modules/path-to-regexp
801 silly ADD node_modules/parseurl
802 silly ADD node_modules/on-finished
803 silly ADD node_modules/methods
804 silly ADD node_modules/merge-descriptors
805 silly ADD node_modules/http-errors
806 silly ADD node_modules/fresh
807 silly ADD node_modules/finalhandler
808 silly ADD node_modules/etag
809 silly ADD node_modules/escape-html
810 silly ADD node_modules/encodeurl
811 silly ADD node_modules/depd
812 silly ADD node_modules/debug
813 silly ADD node_modules/cookie-signature
814 silly ADD node_modules/cookie
815 silly ADD node_modules/content-type
816 silly ADD node_modules/content-disposition
817 silly ADD node_modules/body-parser
818 silly ADD node_modules/array-flatten
819 silly ADD node_modules/accepts
820 silly ADD node_modules/vary
821 silly ADD node_modules/object-assign
822 silly ADD node_modules/multer
823 silly ADD node_modules/jsonwebtoken
824 silly ADD node_modules/jsonwebtoken/node_modules/ms
825 silly ADD node_modules/express
826 silly ADD node_modules/dotenv
827 silly ADD node_modules/cors
828 silly ADD node_modules/bcryptjs
829 verbose cwd /data/data/com.termux/files/home/xeab-platform-pro
830 verbose os Linux 5.4.259-qgki-gf6360e97909c
831 verbose node v24.9.0
832 verbose npm  v11.6.0
833 verbose exit 0
834 info ok
