0 verbose cli /data/data/com.termux/files/usr/bin/node /data/data/com.termux/files/usr/bin/npm
1 info using npm@11.6.0
2 info using node@v24.9.0
3 silly config load:file:/data/data/com.termux/files/usr/lib/node_modules/npm/npmrc
4 silly config load:file:/data/data/com.termux/files/home/xeab-platform-pro/.npmrc
5 silly config load:file:/data/data/com.termux/files/home/.npmrc
6 silly config load:file:/data/data/com.termux/files/usr/etc/npmrc
7 verbose title npm install
8 verbose argv "install"
9 verbose logfile logs-max:10 dir:/data/data/com.termux/files/home/.npm/_logs/2025-11-02T22_37_18_833Z-
10 verbose logfile /data/data/com.termux/files/home/.npm/_logs/2025-11-02T22_37_18_833Z-debug-0.log
11 silly logfile start cleaning logs, removing 1 files
12 silly logfile done cleaning log files
13 silly packumentCache heap:1174405120 maxSize:293601280 maxEntrySize:146800640
14 silly idealTree buildDeps
15 silly fetch manifest express@^4.18.2
16 silly packumentCache full:https://registry.npmjs.org/express cache-miss
17 http cache https://registry.npmjs.org/express 52ms (cache hit)
18 silly packumentCache full:https://registry.npmjs.org/express set size:796286 disposed:false
19 silly fetch manifest cors@^2.8.5
20 silly packumentCache full:https://registry.npmjs.org/cors cache-miss
21 http cache https://registry.npmjs.org/cors 19ms (cache hit)
22 silly packumentCache full:https://registry.npmjs.org/cors set size:73833 disposed:false
23 silly fetch manifest bcryptjs@^2.4.3
24 silly packumentCache full:https://registry.npmjs.org/bcryptjs cache-miss
25 http cache https://registry.npmjs.org/bcryptjs 9ms (cache hit)
26 silly packumentCache full:https://registry.npmjs.org/bcryptjs set size:80409 disposed:false
27 silly fetch manifest jsonwebtoken@^9.0.0
28 silly packumentCache full:https://registry.npmjs.org/jsonwebtoken cache-miss
29 http cache https://registry.npmjs.org/jsonwebtoken 9ms (cache hit)
30 silly packumentCache full:https://registry.npmjs.org/jsonwebtoken set size:181359 disposed:false
31 silly fetch manifest multer@^1.4.5
32 silly packumentCache full:https://registry.npmjs.org/multer cache-miss
33 http cache https://registry.npmjs.org/multer 22ms (cache hit)
34 silly packumentCache full:https://registry.npmjs.org/multer set size:145789 disposed:false
35 silly fetch manifest dotenv@^16.0.3
36 silly packumentCache full:https://registry.npmjs.org/dotenv cache-miss
37 http cache https://registry.npmjs.org/dotenv 12ms (cache hit)
38 silly packumentCache full:https://registry.npmjs.org/dotenv set size:261324 disposed:false
39 silly fetch manifest express-rate-limit@^6.8.1
40 silly packumentCache full:https://registry.npmjs.org/express-rate-limit cache-miss
41 http cache https://registry.npmjs.org/express-rate-limit 13ms (cache hit)
42 silly packumentCache full:https://registry.npmjs.org/express-rate-limit set size:399017 disposed:false
43 silly fetch manifest helmet@^7.0.0
44 silly packumentCache full:https://registry.npmjs.org/helmet cache-miss
45 http cache https://registry.npmjs.org/helmet 11ms (cache hit)
46 silly packumentCache full:https://registry.npmjs.org/helmet set size:341488 disposed:false
47 silly fetch manifest compression@^1.7.4
48 silly packumentCache full:https://registry.npmjs.org/compression cache-miss
49 http cache https://registry.npmjs.org/compression 20ms (cache hit)
50 silly packumentCache full:https://registry.npmjs.org/compression set size:98467 disposed:false
51 silly placeDep ROOT bcryptjs@2.4.3 OK for: xeab-platform-pro@2.0.0 want: ^2.4.3
52 silly placeDep ROOT compression@1.8.1 OK for: xeab-platform-pro@2.0.0 want: ^1.7.4
53 silly placeDep ROOT cors@2.8.5 OK for: xeab-platform-pro@2.0.0 want: ^2.8.5
54 silly placeDep ROOT dotenv@16.6.1 OK for: xeab-platform-pro@2.0.0 want: ^16.0.3
55 silly placeDep ROOT express@4.21.2 OK for: xeab-platform-pro@2.0.0 want: ^4.18.2
56 silly placeDep ROOT express-rate-limit@6.11.2 OK for: xeab-platform-pro@2.0.0 want: ^6.8.1
57 silly placeDep ROOT helmet@7.2.0 OK for: xeab-platform-pro@2.0.0 want: ^7.0.0
58 silly placeDep ROOT jsonwebtoken@9.0.2 OK for: xeab-platform-pro@2.0.0 want: ^9.0.0
59 silly placeDep ROOT multer@ OK for: xeab-platform-pro@2.0.0 want: ^1.4.5
60 silly fetch manifest bytes@3.1.2
61 silly packumentCache full:https://registry.npmjs.org/bytes cache-miss
62 silly fetch manifest compressible@~2.0.18
63 silly packumentCache full:https://registry.npmjs.org/compressible cache-miss
64 silly fetch manifest debug@2.6.9
65 silly packumentCache full:https://registry.npmjs.org/debug cache-miss
66 silly fetch manifest negotiator@~0.6.4
67 silly packumentCache full:https://registry.npmjs.org/negotiator cache-miss
68 silly fetch manifest on-headers@~1.1.0
69 silly packumentCache full:https://registry.npmjs.org/on-headers cache-miss
70 http cache https://registry.npmjs.org/bytes 26ms (cache hit)
71 silly packumentCache full:https://registry.npmjs.org/bytes set size:37018 disposed:false
72 silly fetch manifest safe-buffer@5.2.1
73 silly packumentCache full:https://registry.npmjs.org/safe-buffer cache-miss
74 http cache https://registry.npmjs.org/negotiator 30ms (cache hit)
75 silly packumentCache full:https://registry.npmjs.org/negotiator set size:48046 disposed:false
76 silly fetch manifest vary@~1.1.2
77 silly packumentCache full:https://registry.npmjs.org/vary cache-miss
78 http cache https://registry.npmjs.org/on-headers 35ms (cache hit)
79 silly packumentCache full:https://registry.npmjs.org/on-headers set size:13226 disposed:false
80 silly fetch manifest vary@^1
81 silly packumentCache full:https://registry.npmjs.org/vary cache-miss
82 http cache https://registry.npmjs.org/debug 43ms (cache hit)
83 silly packumentCache full:https://registry.npmjs.org/debug set size:195840 disposed:false
84 silly fetch manifest object-assign@^4
85 silly packumentCache full:https://registry.npmjs.org/object-assign cache-miss
86 http cache https://registry.npmjs.org/compressible 53ms (cache hit)
87 silly packumentCache full:https://registry.npmjs.org/compressible set size:61733 disposed:false
88 silly fetch manifest qs@6.13.0
89 silly packumentCache full:https://registry.npmjs.org/qs cache-miss
90 http cache https://registry.npmjs.org/safe-buffer 44ms (cache hit)
91 silly packumentCache full:https://registry.npmjs.org/safe-buffer set size:41183 disposed:false
92 silly fetch manifest depd@2.0.0
93 silly packumentCache full:https://registry.npmjs.org/depd cache-miss
94 http cache https://registry.npmjs.org/vary 41ms (cache hit)
95 silly packumentCache full:https://registry.npmjs.org/vary set size:16018 disposed:false
96 silly fetch manifest etag@~1.8.1
97 silly packumentCache full:https://registry.npmjs.org/etag cache-miss
98 http cache https://registry.npmjs.org/vary 42ms (cache hit)
99 silly packumentCache full:https://registry.npmjs.org/vary set size:16018 disposed:false
100 silly packumentCache full:https://registry.npmjs.org/vary dispose
101 silly fetch manifest send@0.19.0
102 silly packumentCache full:https://registry.npmjs.org/send cache-miss
103 http cache https://registry.npmjs.org/object-assign 38ms (cache hit)
104 silly packumentCache full:https://registry.npmjs.org/object-assign set size:28988 disposed:false
105 silly fetch manifest fresh@0.5.2
106 silly packumentCache full:https://registry.npmjs.org/fresh cache-miss
107 http cache https://registry.npmjs.org/qs 38ms (cache hit)
108 silly packumentCache full:https://registry.npmjs.org/qs set size:264677 disposed:false
109 silly fetch manifest cookie@0.7.1
110 silly packumentCache full:https://registry.npmjs.org/cookie cache-miss
111 http cache https://registry.npmjs.org/etag 39ms (cache hit)
112 silly packumentCache full:https://registry.npmjs.org/etag set size:30032 disposed:false
113 silly fetch manifest accepts@~1.3.8
114 silly packumentCache full:https://registry.npmjs.org/accepts cache-miss
115 http cache https://registry.npmjs.org/depd 49ms (cache hit)
116 silly packumentCache full:https://registry.npmjs.org/depd set size:40182 disposed:false
117 silly fetch manifest methods@~1.1.2
118 silly packumentCache full:https://registry.npmjs.org/methods cache-miss
119 http cache https://registry.npmjs.org/send 45ms (cache hit)
120 silly packumentCache full:https://registry.npmjs.org/send set size:147586 disposed:false
121 silly fetch manifest type-is@~1.6.18
122 silly packumentCache full:https://registry.npmjs.org/type-is cache-miss
123 http cache https://registry.npmjs.org/fresh 47ms (cache hit)
124 silly packumentCache full:https://registry.npmjs.org/fresh set size:25427 disposed:false
125 silly fetch manifest parseurl@~1.3.3
126 silly packumentCache full:https://registry.npmjs.org/parseurl cache-miss
127 http cache https://registry.npmjs.org/cookie 39ms (cache hit)
128 silly packumentCache full:https://registry.npmjs.org/cookie set size:67180 disposed:false
129 silly fetch manifest statuses@2.0.1
130 silly packumentCache full:https://registry.npmjs.org/statuses cache-miss
131 http cache https://registry.npmjs.org/accepts 39ms (cache hit)
132 silly packumentCache full:https://registry.npmjs.org/accepts set size:77054 disposed:false
133 silly fetch manifest encodeurl@~2.0.0
134 silly packumentCache full:https://registry.npmjs.org/encodeurl cache-miss
135 http cache https://registry.npmjs.org/methods 58ms (cache hit)
136 silly packumentCache full:https://registry.npmjs.org/methods set size:12600 disposed:false
137 silly fetch manifest proxy-addr@~2.0.7
138 silly packumentCache full:https://registry.npmjs.org/proxy-addr cache-miss
139 http cache https://registry.npmjs.org/type-is 54ms (cache hit)
140 silly packumentCache full:https://registry.npmjs.org/type-is set size:86196 disposed:false
141 silly fetch manifest body-parser@1.20.3
142 silly packumentCache full:https://registry.npmjs.org/body-parser cache-miss
143 http cache https://registry.npmjs.org/parseurl 55ms (cache hit)
144 silly packumentCache full:https://registry.npmjs.org/parseurl set size:24148 disposed:false
145 silly fetch manifest escape-html@~1.0.3
146 silly packumentCache full:https://registry.npmjs.org/escape-html cache-miss
147 http cache https://registry.npmjs.org/statuses 53ms (cache hit)
148 silly packumentCache full:https://registry.npmjs.org/statuses set size:37117 disposed:false
149 silly fetch manifest http-errors@2.0.0
150 silly packumentCache full:https://registry.npmjs.org/http-errors cache-miss
151 http cache https://registry.npmjs.org/encodeurl 54ms (cache hit)
152 silly packumentCache full:https://registry.npmjs.org/encodeurl set size:12296 disposed:false
153 silly fetch manifest on-finished@2.4.1
154 silly packumentCache full:https://registry.npmjs.org/on-finished cache-miss
155 http cache https://registry.npmjs.org/http-errors 19ms (cache hit)
156 silly packumentCache full:https://registry.npmjs.org/http-errors set size:69537 disposed:false
157 silly fetch manifest utils-merge@1.0.1
158 silly packumentCache full:https://registry.npmjs.org/utils-merge cache-miss
159 http cache https://registry.npmjs.org/body-parser 35ms (cache hit)
160 silly packumentCache full:https://registry.npmjs.org/body-parser set size:209501 disposed:false
161 silly fetch manifest content-type@~1.0.4
162 silly packumentCache full:https://registry.npmjs.org/content-type cache-miss
163 http cache https://registry.npmjs.org/escape-html 38ms (cache hit)
164 silly packumentCache full:https://registry.npmjs.org/escape-html set size:7345 disposed:false
165 silly fetch manifest finalhandler@1.3.1
166 silly packumentCache full:https://registry.npmjs.org/finalhandler cache-miss
167 http cache https://registry.npmjs.org/proxy-addr 52ms (cache hit)
168 silly packumentCache full:https://registry.npmjs.org/proxy-addr set size:61619 disposed:false
169 silly fetch manifest range-parser@~1.2.1
170 silly packumentCache full:https://registry.npmjs.org/range-parser cache-miss
171 http cache https://registry.npmjs.org/finalhandler 18ms (cache hit)
172 silly packumentCache full:https://registry.npmjs.org/finalhandler set size:74406 disposed:false
173 silly fetch manifest serve-static@1.16.2
174 silly packumentCache full:https://registry.npmjs.org/serve-static cache-miss
175 http cache https://registry.npmjs.org/range-parser 19ms (cache hit)
176 silly packumentCache full:https://registry.npmjs.org/range-parser set size:22228 disposed:false
177 silly fetch manifest array-flatten@1.1.1
178 silly packumentCache full:https://registry.npmjs.org/array-flatten cache-miss
179 http cache https://registry.npmjs.org/utils-merge 39ms (cache hit)
180 silly packumentCache full:https://registry.npmjs.org/utils-merge set size:5237 disposed:false
181 silly fetch manifest path-to-regexp@0.1.12
182 silly packumentCache full:https://registry.npmjs.org/path-to-regexp cache-miss
183 http cache https://registry.npmjs.org/on-finished 48ms (cache hit)
184 silly packumentCache full:https://registry.npmjs.org/on-finished set size:23212 disposed:false
185 silly fetch manifest setprototypeof@1.2.0
186 silly packumentCache full:https://registry.npmjs.org/setprototypeof cache-miss
187 http cache https://registry.npmjs.org/content-type 38ms (cache hit)
188 silly packumentCache full:https://registry.npmjs.org/content-type set size:17311 disposed:false
189 silly fetch manifest cookie-signature@1.0.6
190 silly packumentCache full:https://registry.npmjs.org/cookie-signature cache-miss
191 http cache https://registry.npmjs.org/cookie-signature 15ms (cache hit)
192 silly packumentCache full:https://registry.npmjs.org/cookie-signature set size:21777 disposed:false
193 silly fetch manifest merge-descriptors@1.0.3
194 silly packumentCache full:https://registry.npmjs.org/merge-descriptors cache-miss
195 http cache https://registry.npmjs.org/array-flatten 30ms (cache hit)
196 silly packumentCache full:https://registry.npmjs.org/array-flatten set size:24005 disposed:false
197 silly fetch manifest content-disposition@0.5.4
198 silly packumentCache full:https://registry.npmjs.org/content-disposition cache-miss
199 http cache https://registry.npmjs.org/serve-static 38ms (cache hit)
200 silly packumentCache full:https://registry.npmjs.org/serve-static set size:145938 disposed:false
201 silly fetch manifest ms@^2.1.1
202 silly packumentCache full:https://registry.npmjs.org/ms cache-miss
203 http cache https://registry.npmjs.org/path-to-regexp 38ms (cache hit)
204 silly packumentCache full:https://registry.npmjs.org/path-to-regexp set size:207142 disposed:false
205 silly fetch manifest jws@^3.2.2
206 silly packumentCache full:https://registry.npmjs.org/jws cache-miss
207 http cache https://registry.npmjs.org/setprototypeof 42ms (cache hit)
208 silly packumentCache full:https://registry.npmjs.org/setprototypeof set size:14532 disposed:false
209 silly fetch manifest semver@^7.5.4
210 silly packumentCache full:https://registry.npmjs.org/semver cache-miss
211 http cache https://registry.npmjs.org/merge-descriptors 38ms (cache hit)
212 silly packumentCache full:https://registry.npmjs.org/merge-descriptors set size:16527 disposed:false
213 silly fetch manifest lodash.once@^4.0.0
214 silly packumentCache full:https://registry.npmjs.org/lodash.once cache-miss
215 http cache https://registry.npmjs.org/jws 23ms (cache hit)
216 silly packumentCache full:https://registry.npmjs.org/jws set size:45532 disposed:false
217 silly fetch manifest lodash.includes@^4.3.0
218 silly packumentCache full:https://registry.npmjs.org/lodash.includes cache-miss
219 http cache https://registry.npmjs.org/content-disposition 43ms (cache hit)
220 silly packumentCache full:https://registry.npmjs.org/content-disposition set size:26893 disposed:false
221 silly fetch manifest lodash.isnumber@^3.0.3
222 silly packumentCache full:https://registry.npmjs.org/lodash.isnumber cache-miss
223 http cache https://registry.npmjs.org/ms 40ms (cache hit)
224 silly packumentCache full:https://registry.npmjs.org/ms set size:92208 disposed:false
225 silly fetch manifest lodash.isstring@^4.0.1
226 silly packumentCache full:https://registry.npmjs.org/lodash.isstring cache-miss
227 http cache https://registry.npmjs.org/semver 35ms (cache hit)
228 silly packumentCache full:https://registry.npmjs.org/semver set size:226907 disposed:false
229 silly fetch manifest lodash.isboolean@^3.0.3
230 silly packumentCache full:https://registry.npmjs.org/lodash.isboolean cache-miss
231 http cache https://registry.npmjs.org/lodash.isnumber 41ms (cache hit)
232 silly packumentCache full:https://registry.npmjs.org/lodash.isnumber set size:21368 disposed:false
233 silly fetch manifest lodash.isinteger@^4.0.4
234 silly packumentCache full:https://registry.npmjs.org/lodash.isinteger cache-miss
235 http cache https://registry.npmjs.org/lodash.once 54ms (cache hit)
236 silly packumentCache full:https://registry.npmjs.org/lodash.once set size:23407 disposed:false
237 silly fetch manifest lodash.isplainobject@^4.0.6
238 silly packumentCache full:https://registry.npmjs.org/lodash.isplainobject cache-miss
239 http cache https://registry.npmjs.org/lodash.includes 53ms (cache hit)
240 silly packumentCache full:https://registry.npmjs.org/lodash.includes set size:27594 disposed:false
241 http cache https://registry.npmjs.org/lodash.isstring 45ms (cache hit)
242 silly packumentCache full:https://registry.npmjs.org/lodash.isstring set size:21368 disposed:false
243 http cache https://registry.npmjs.org/lodash.isboolean 38ms (cache hit)
244 silly packumentCache full:https://registry.npmjs.org/lodash.isboolean set size:21437 disposed:false
245 http cache https://registry.npmjs.org/lodash.isinteger 22ms (cache hit)
246 silly packumentCache full:https://registry.npmjs.org/lodash.isinteger set size:10827 disposed:false
247 http cache https://registry.npmjs.org/lodash.isplainobject 20ms (cache hit)
248 silly packumentCache full:https://registry.npmjs.org/lodash.isplainobject set size:38531 disposed:false
249 silly placeDep ROOT bytes@3.1.2 OK for: compression@1.8.1 want: 3.1.2
250 silly placeDep ROOT compressible@2.0.18 OK for: compression@1.8.1 want: ~2.0.18
251 silly placeDep ROOT debug@2.6.9 OK for: compression@1.8.1 want: 2.6.9
252 silly placeDep ROOT negotiator@0.6.4 OK for: compression@1.8.1 want: ~0.6.4
253 silly placeDep ROOT on-headers@1.1.0 OK for: compression@1.8.1 want: ~1.1.0
254 silly placeDep ROOT safe-buffer@5.2.1 OK for: compression@1.8.1 want: 5.2.1
255 silly placeDep ROOT vary@1.1.2 OK for: compression@1.8.1 want: ~1.1.2
256 silly fetch manifest mime-db@>= 1.43.0 < 2
257 silly packumentCache full:https://registry.npmjs.org/mime-db cache-miss
258 silly fetch manifest ms@2.0.0
259 silly packumentCache full:https://registry.npmjs.org/ms cache-hit
260 http cache https://registry.npmjs.org/mime-db 8ms (cache hit)
261 silly packumentCache full:https://registry.npmjs.org/mime-db set size:164953 disposed:false
262 silly placeDep ROOT mime-db@1.54.0 OK for: compressible@2.0.18 want: >= 1.43.0 < 2
263 silly placeDep ROOT object-assign@4.1.1 OK for: cors@2.8.5 want: ^4
264 silly placeDep ROOT ms@2.0.0 OK for: debug@2.6.9 want: 2.0.0
265 silly placeDep ROOT accepts@1.3.8 OK for: express@4.21.2 want: ~1.3.8
266 silly placeDep ROOT array-flatten@1.1.1 OK for: express@4.21.2 want: 1.1.1
267 silly placeDep ROOT body-parser@1.20.3 OK for: express@4.21.2 want: 1.20.3
268 silly placeDep ROOT content-disposition@0.5.4 OK for: express@4.21.2 want: 0.5.4
269 silly placeDep ROOT content-type@1.0.5 OK for: express@4.21.2 want: ~1.0.4
270 silly placeDep ROOT cookie@0.7.1 OK for: express@4.21.2 want: 0.7.1
271 silly placeDep ROOT cookie-signature@1.0.6 OK for: express@4.21.2 want: 1.0.6
272 silly placeDep ROOT depd@2.0.0 OK for: express@4.21.2 want: 2.0.0
273 silly placeDep ROOT encodeurl@2.0.0 OK for: express@4.21.2 want: ~2.0.0
274 silly placeDep ROOT escape-html@1.0.3 OK for: express@4.21.2 want: ~1.0.3
275 silly placeDep ROOT etag@1.8.1 OK for: express@4.21.2 want: ~1.8.1
276 silly placeDep ROOT finalhandler@1.3.1 OK for: express@4.21.2 want: 1.3.1
277 silly placeDep ROOT fresh@0.5.2 OK for: express@4.21.2 want: 0.5.2
278 silly placeDep ROOT http-errors@2.0.0 OK for: express@4.21.2 want: 2.0.0
279 silly placeDep ROOT merge-descriptors@1.0.3 OK for: express@4.21.2 want: 1.0.3
280 silly placeDep ROOT methods@1.1.2 OK for: express@4.21.2 want: ~1.1.2
281 silly placeDep ROOT on-finished@2.4.1 OK for: express@4.21.2 want: 2.4.1
282 silly placeDep ROOT parseurl@1.3.3 OK for: express@4.21.2 want: ~1.3.3
283 silly placeDep ROOT path-to-regexp@0.1.12 OK for: express@4.21.2 want: 0.1.12
284 silly placeDep ROOT proxy-addr@2.0.7 OK for: express@4.21.2 want: ~2.0.7
285 silly placeDep ROOT qs@6.13.0 OK for: express@4.21.2 want: 6.13.0
286 silly placeDep ROOT range-parser@1.2.1 OK for: express@4.21.2 want: ~1.2.1
287 silly placeDep ROOT send@0.19.0 OK for: express@4.21.2 want: 0.19.0
288 silly placeDep ROOT serve-static@1.16.2 OK for: express@4.21.2 want: 1.16.2
289 silly placeDep ROOT setprototypeof@1.2.0 OK for: express@4.21.2 want: 1.2.0
290 silly placeDep ROOT statuses@2.0.1 OK for: express@4.21.2 want: 2.0.1
291 silly placeDep ROOT type-is@1.6.18 OK for: express@4.21.2 want: ~1.6.18
292 silly placeDep ROOT utils-merge@1.0.1 OK for: express@4.21.2 want: 1.0.1
293 silly fetch manifest mime-types@~2.1.34
294 silly packumentCache full:https://registry.npmjs.org/mime-types cache-miss
295 silly fetch manifest negotiator@0.6.3
296 silly packumentCache full:https://registry.npmjs.org/negotiator cache-hit
297 silly fetch manifest unpipe@1.0.0
298 silly packumentCache full:https://registry.npmjs.org/unpipe cache-miss
299 silly fetch manifest destroy@1.2.0
300 silly packumentCache full:https://registry.npmjs.org/destroy cache-miss
301 silly fetch manifest raw-body@2.5.2
302 silly packumentCache full:https://registry.npmjs.org/raw-body cache-miss
303 silly fetch manifest iconv-lite@0.4.24
304 silly packumentCache full:https://registry.npmjs.org/iconv-lite cache-miss
305 http cache https://registry.npmjs.org/mime-types 29ms (cache hit)
306 silly packumentCache full:https://registry.npmjs.org/mime-types set size:136716 disposed:false
307 silly fetch manifest content-type@~1.0.5
308 silly packumentCache full:https://registry.npmjs.org/content-type cache-hit
309 silly fetch manifest unpipe@~1.0.0
310 silly packumentCache full:https://registry.npmjs.org/unpipe cache-miss
311 http cache https://registry.npmjs.org/unpipe 36ms (cache hit)
312 silly packumentCache full:https://registry.npmjs.org/unpipe set size:3537 disposed:false
313 silly fetch manifest inherits@2.0.4
314 silly packumentCache full:https://registry.npmjs.org/inherits cache-miss
315 http cache https://registry.npmjs.org/raw-body 36ms (cache hit)
316 silly packumentCache full:https://registry.npmjs.org/raw-body set size:111234 disposed:false
317 silly fetch manifest toidentifier@1.0.1
318 silly packumentCache full:https://registry.npmjs.org/toidentifier cache-miss
319 http cache https://registry.npmjs.org/destroy 44ms (cache hit)
320 silly packumentCache full:https://registry.npmjs.org/destroy set size:15683 disposed:false
321 silly fetch manifest ee-first@1.1.1
322 silly packumentCache full:https://registry.npmjs.org/ee-first cache-miss
323 http cache https://registry.npmjs.org/iconv-lite 44ms (cache hit)
324 silly packumentCache full:https://registry.npmjs.org/iconv-lite set size:118890 disposed:false
325 silly fetch manifest forwarded@0.2.0
326 silly packumentCache full:https://registry.npmjs.org/forwarded cache-miss
327 http cache https://registry.npmjs.org/inherits 31ms (cache hit)
328 silly packumentCache full:https://registry.npmjs.org/inherits set size:12925 disposed:false
329 silly fetch manifest ipaddr.js@1.9.1
330 silly packumentCache full:https://registry.npmjs.org/ipaddr.js cache-miss
331 http cache https://registry.npmjs.org/unpipe 39ms (cache hit)
332 silly packumentCache full:https://registry.npmjs.org/unpipe set size:3537 disposed:false
333 silly packumentCache full:https://registry.npmjs.org/unpipe dispose
334 silly fetch manifest side-channel@^1.0.6
335 silly packumentCache full:https://registry.npmjs.org/side-channel cache-miss
336 http cache https://registry.npmjs.org/ee-first 29ms (cache hit)
337 silly packumentCache full:https://registry.npmjs.org/ee-first set size:15327 disposed:false
338 silly fetch manifest ms@2.1.3
339 silly packumentCache full:https://registry.npmjs.org/ms cache-hit
340 silly fetch manifest mime@1.6.0
341 silly packumentCache full:https://registry.npmjs.org/mime cache-miss
342 http cache https://registry.npmjs.org/toidentifier 39ms (cache hit)
343 silly packumentCache full:https://registry.npmjs.org/toidentifier set size:12006 disposed:false
344 silly fetch manifest encodeurl@~1.0.2
345 silly packumentCache full:https://registry.npmjs.org/encodeurl cache-hit
346 silly fetch manifest mime-types@~2.1.24
347 silly packumentCache full:https://registry.npmjs.org/mime-types cache-hit
348 silly fetch manifest media-typer@0.3.0
349 silly packumentCache full:https://registry.npmjs.org/media-typer cache-miss
350 http cache https://registry.npmjs.org/forwarded 38ms (cache hit)
351 silly packumentCache full:https://registry.npmjs.org/forwarded set size:11229 disposed:false
352 http cache https://registry.npmjs.org/side-channel 28ms (cache hit)
353 silly packumentCache full:https://registry.npmjs.org/side-channel set size:24660 disposed:false
354 http cache https://registry.npmjs.org/ipaddr.js 34ms (cache hit)
355 silly packumentCache full:https://registry.npmjs.org/ipaddr.js set size:65942 disposed:false
356 http cache https://registry.npmjs.org/media-typer 20ms (cache hit)
357 silly packumentCache full:https://registry.npmjs.org/media-typer set size:20873 disposed:false
358 http cache https://registry.npmjs.org/mime 31ms (cache hit)
359 silly packumentCache full:https://registry.npmjs.org/mime set size:119236 disposed:false
360 silly placeDep ROOT mime-types@2.1.35 OK for: accepts@1.3.8 want: ~2.1.34
361 silly placeDep node_modules/accepts negotiator@0.6.3 OK for: accepts@1.3.8 want: 0.6.3
362 silly fetch manifest mime-db@1.52.0
363 silly packumentCache full:https://registry.npmjs.org/mime-db cache-hit
364 silly placeDep ROOT destroy@1.2.0 OK for: body-parser@1.20.3 want: 1.2.0
365 silly placeDep ROOT iconv-lite@0.4.24 OK for: body-parser@1.20.3 want: 0.4.24
366 silly placeDep ROOT raw-body@2.5.2 OK for: body-parser@1.20.3 want: 2.5.2
367 silly placeDep ROOT unpipe@1.0.0 OK for: body-parser@1.20.3 want: 1.0.0
368 silly fetch manifest safer-buffer@>= 2.1.2 < 3
369 silly packumentCache full:https://registry.npmjs.org/safer-buffer cache-miss
370 http cache https://registry.npmjs.org/safer-buffer 19ms (cache hit)
371 silly packumentCache full:https://registry.npmjs.org/safer-buffer set size:18521 disposed:false
372 silly placeDep ROOT inherits@2.0.4 OK for: http-errors@2.0.0 want: 2.0.4
373 silly placeDep ROOT toidentifier@1.0.1 OK for: http-errors@2.0.0 want: 1.0.1
374 silly placeDep ROOT safer-buffer@2.1.2 OK for: iconv-lite@0.4.24 want: >= 2.1.2 < 3
375 silly placeDep ROOT jws@3.2.2 OK for: jsonwebtoken@9.0.2 want: ^3.2.2
376 silly placeDep ROOT lodash.includes@4.3.0 OK for: jsonwebtoken@9.0.2 want: ^4.3.0
377 silly placeDep ROOT lodash.isboolean@3.0.3 OK for: jsonwebtoken@9.0.2 want: ^3.0.3
378 silly placeDep ROOT lodash.isinteger@4.0.4 OK for: jsonwebtoken@9.0.2 want: ^4.0.4
379 silly placeDep ROOT lodash.isnumber@3.0.3 OK for: jsonwebtoken@9.0.2 want: ^3.0.3
380 silly placeDep ROOT lodash.isplainobject@4.0.6 OK for: jsonwebtoken@9.0.2 want: ^4.0.6
381 silly placeDep ROOT lodash.isstring@4.0.1 OK for: jsonwebtoken@9.0.2 want: ^4.0.1
382 silly placeDep ROOT lodash.once@4.1.1 OK for: jsonwebtoken@9.0.2 want: ^4.0.0
383 silly placeDep node_modules/jsonwebtoken ms@2.1.3 OK for: jsonwebtoken@9.0.2 want: ^2.1.1
384 silly placeDep ROOT semver@7.7.3 OK for: jsonwebtoken@9.0.2 want: ^7.5.4
385 silly fetch manifest jwa@^1.4.1
386 silly packumentCache full:https://registry.npmjs.org/jwa cache-miss
387 http cache https://registry.npmjs.org/jwa 6ms (cache hit)
388 silly packumentCache full:https://registry.npmjs.org/jwa set size:39956 disposed:false
389 silly placeDep ROOT jwa@1.4.2 OK for: jws@3.2.2 want: ^1.4.1
390 silly fetch manifest ecdsa-sig-formatter@1.0.11
391 silly packumentCache full:https://registry.npmjs.org/ecdsa-sig-formatter cache-miss
392 silly fetch manifest buffer-equal-constant-time@^1.0.1
393 silly packumentCache full:https://registry.npmjs.org/buffer-equal-constant-time cache-miss
394 http cache https://registry.npmjs.org/ecdsa-sig-formatter 9ms (cache hit)
395 silly packumentCache full:https://registry.npmjs.org/ecdsa-sig-formatter set size:23546 disposed:false
396 http cache https://registry.npmjs.org/buffer-equal-constant-time 10ms (cache hit)
397 silly packumentCache full:https://registry.npmjs.org/buffer-equal-constant-time set size:4390 disposed:false
398 silly placeDep ROOT buffer-equal-constant-time@1.0.1 OK for: jwa@1.4.2 want: ^1.0.1
399 silly placeDep ROOT ecdsa-sig-formatter@1.0.11 OK for: jwa@1.4.2 want: 1.0.11
400 silly placeDep node_modules/mime-types mime-db@1.52.0 OK for: mime-types@2.1.35 want: 1.52.0
401 silly placeDep ROOT ee-first@1.1.1 OK for: on-finished@2.4.1 want: 1.1.1
402 silly placeDep ROOT forwarded@0.2.0 OK for: proxy-addr@2.0.7 want: 0.2.0
403 silly placeDep ROOT ipaddr.js@1.9.1 OK for: proxy-addr@2.0.7 want: 1.9.1
404 silly placeDep ROOT side-channel@1.1.0 OK for: qs@6.13.0 want: ^1.0.6
405 silly fetch manifest es-errors@^1.3.0
406 silly packumentCache full:https://registry.npmjs.org/es-errors cache-miss
407 silly fetch manifest object-inspect@^1.13.3
408 silly packumentCache full:https://registry.npmjs.org/object-inspect cache-miss
409 silly fetch manifest side-channel-list@^1.0.0
410 silly packumentCache full:https://registry.npmjs.org/side-channel-list cache-miss
411 silly fetch manifest side-channel-map@^1.0.1
412 silly packumentCache full:https://registry.npmjs.org/side-channel-map cache-miss
413 silly fetch manifest side-channel-weakmap@^1.0.2
414 silly packumentCache full:https://registry.npmjs.org/side-channel-weakmap cache-miss
415 http cache https://registry.npmjs.org/side-channel-list 20ms (cache hit)
416 silly packumentCache full:https://registry.npmjs.org/side-channel-list set size:6005 disposed:false
417 http cache https://registry.npmjs.org/es-errors 25ms (cache hit)
418 silly packumentCache full:https://registry.npmjs.org/es-errors set size:16918 disposed:false
419 http cache https://registry.npmjs.org/object-inspect 26ms (cache hit)
420 silly packumentCache full:https://registry.npmjs.org/object-inspect set size:101912 disposed:false
421 http cache https://registry.npmjs.org/side-channel-weakmap 28ms (cache hit)
422 silly packumentCache full:https://registry.npmjs.org/side-channel-weakmap set size:12620 disposed:false
423 http cache https://registry.npmjs.org/side-channel-map 30ms (cache hit)
424 silly packumentCache full:https://registry.npmjs.org/side-channel-map set size:9126 disposed:false
425 silly placeDep node_modules/send encodeurl@1.0.2 OK for: send@0.19.0 want: ~1.0.2
426 silly placeDep ROOT mime@1.6.0 OK for: send@0.19.0 want: 1.6.0
427 silly placeDep node_modules/send ms@2.1.3 OK for: send@0.19.0 want: 2.1.3
428 silly placeDep ROOT es-errors@1.3.0 OK for: side-channel@1.1.0 want: ^1.3.0
429 silly placeDep ROOT object-inspect@1.13.4 OK for: side-channel@1.1.0 want: ^1.13.3
430 silly placeDep ROOT side-channel-list@1.0.0 OK for: side-channel@1.1.0 want: ^1.0.0
431 silly placeDep ROOT side-channel-map@1.0.1 OK for: side-channel@1.1.0 want: ^1.0.1
432 silly placeDep ROOT side-channel-weakmap@1.0.2 OK for: side-channel@1.1.0 want: ^1.0.2
433 silly fetch manifest call-bound@^1.0.2
434 silly packumentCache full:https://registry.npmjs.org/call-bound cache-miss
435 silly fetch manifest get-intrinsic@^1.2.5
436 silly packumentCache full:https://registry.npmjs.org/get-intrinsic cache-miss
437 silly fetch manifest call-bound@^1.0.2
438 silly packumentCache full:https://registry.npmjs.org/call-bound cache-miss
439 silly fetch manifest get-intrinsic@^1.2.5
440 silly packumentCache full:https://registry.npmjs.org/get-intrinsic cache-miss
441 http cache https://registry.npmjs.org/get-intrinsic 13ms (cache hit)
442 silly packumentCache full:https://registry.npmjs.org/get-intrinsic set size:60985 disposed:false
443 http cache https://registry.npmjs.org/get-intrinsic 19ms (cache hit)
444 silly packumentCache full:https://registry.npmjs.org/get-intrinsic set size:60985 disposed:false
445 silly packumentCache full:https://registry.npmjs.org/get-intrinsic dispose
446 http cache https://registry.npmjs.org/call-bound 21ms (cache hit)
447 silly packumentCache full:https://registry.npmjs.org/call-bound set size:15317 disposed:false
448 http cache https://registry.npmjs.org/call-bound 26ms (cache hit)
449 silly packumentCache full:https://registry.npmjs.org/call-bound set size:15317 disposed:false
450 silly packumentCache full:https://registry.npmjs.org/call-bound dispose
451 silly placeDep ROOT call-bound@1.0.4 OK for: side-channel-map@1.0.1 want: ^1.0.2
452 silly placeDep ROOT get-intrinsic@1.3.0 OK for: side-channel-map@1.0.1 want: ^1.2.5
453 silly fetch manifest call-bind-apply-helpers@^1.0.2
454 silly packumentCache full:https://registry.npmjs.org/call-bind-apply-helpers cache-miss
455 silly fetch manifest get-intrinsic@^1.3.0
456 silly packumentCache full:https://registry.npmjs.org/get-intrinsic cache-hit
457 silly fetch manifest gopd@^1.2.0
458 silly packumentCache full:https://registry.npmjs.org/gopd cache-miss
459 silly fetch manifest hasown@^2.0.2
460 silly packumentCache full:https://registry.npmjs.org/hasown cache-miss
461 silly fetch manifest get-proto@^1.0.1
462 silly packumentCache full:https://registry.npmjs.org/get-proto cache-miss
463 silly fetch manifest has-symbols@^1.1.0
464 silly packumentCache full:https://registry.npmjs.org/has-symbols cache-miss
465 http cache https://registry.npmjs.org/gopd 19ms (cache hit)
466 silly packumentCache full:https://registry.npmjs.org/gopd set size:11458 disposed:false
467 silly fetch manifest function-bind@^1.1.2
468 silly packumentCache full:https://registry.npmjs.org/function-bind cache-miss
469 http cache https://registry.npmjs.org/get-proto 22ms (cache hit)
470 silly packumentCache full:https://registry.npmjs.org/get-proto set size:8300 disposed:false
471 silly fetch manifest es-object-atoms@^1.1.1
472 silly packumentCache full:https://registry.npmjs.org/es-object-atoms cache-miss
473 http cache https://registry.npmjs.org/call-bind-apply-helpers 30ms (cache hit)
474 silly packumentCache full:https://registry.npmjs.org/call-bind-apply-helpers set size:12744 disposed:false
475 silly fetch manifest math-intrinsics@^1.1.0
476 silly packumentCache full:https://registry.npmjs.org/math-intrinsics cache-miss
477 http cache https://registry.npmjs.org/hasown 32ms (cache hit)
478 silly packumentCache full:https://registry.npmjs.org/hasown set size:12476 disposed:false
479 silly fetch manifest es-define-property@^1.0.1
480 silly packumentCache full:https://registry.npmjs.org/es-define-property cache-miss
481 http cache https://registry.npmjs.org/has-symbols 31ms (cache hit)
482 silly packumentCache full:https://registry.npmjs.org/has-symbols set size:21550 disposed:false
483 http cache https://registry.npmjs.org/function-bind 26ms (cache hit)
484 silly packumentCache full:https://registry.npmjs.org/function-bind set size:15733 disposed:false
485 http cache https://registry.npmjs.org/es-object-atoms 25ms (cache hit)
486 silly packumentCache full:https://registry.npmjs.org/es-object-atoms set size:15304 disposed:false
487 http cache https://registry.npmjs.org/math-intrinsics 23ms (cache hit)
488 silly packumentCache full:https://registry.npmjs.org/math-intrinsics set size:9265 disposed:false
489 http cache https://registry.npmjs.org/es-define-property 20ms (cache hit)
490 silly packumentCache full:https://registry.npmjs.org/es-define-property set size:8542 disposed:false
491 silly placeDep ROOT call-bind-apply-helpers@1.0.2 OK for: call-bound@1.0.4 want: ^1.0.2
492 silly placeDep ROOT function-bind@1.1.2 OK for: call-bind-apply-helpers@1.0.2 want: ^1.1.2
493 silly placeDep ROOT es-define-property@1.0.1 OK for: get-intrinsic@1.3.0 want: ^1.0.1
494 silly placeDep ROOT es-object-atoms@1.1.1 OK for: get-intrinsic@1.3.0 want: ^1.1.1
495 silly placeDep ROOT get-proto@1.0.1 OK for: get-intrinsic@1.3.0 want: ^1.0.1
496 silly placeDep ROOT gopd@1.2.0 OK for: get-intrinsic@1.3.0 want: ^1.2.0
497 silly placeDep ROOT has-symbols@1.1.0 OK for: get-intrinsic@1.3.0 want: ^1.1.0
498 silly placeDep ROOT hasown@2.0.2 OK for: get-intrinsic@1.3.0 want: ^2.0.2
499 silly placeDep ROOT math-intrinsics@1.1.0 OK for: get-intrinsic@1.3.0 want: ^1.1.0
500 silly fetch manifest dunder-proto@^1.0.1
501 silly packumentCache full:https://registry.npmjs.org/dunder-proto cache-miss
502 http cache https://registry.npmjs.org/dunder-proto 4ms (cache hit)
503 silly packumentCache full:https://registry.npmjs.org/dunder-proto set size:8256 disposed:false
504 silly placeDep ROOT dunder-proto@1.0.1 OK for: get-proto@1.0.1 want: ^1.0.1
505 silly placeDep ROOT media-typer@0.3.0 OK for: type-is@1.6.18 want: 0.3.0
506 verbose type range
507 verbose stack multer: No matching version found for multer@^1.4.5.
507 verbose stack     at module.exports (/data/data/com.termux/files/usr/lib/node_modules/npm/node_modules/npm-pick-manifest/lib/index.js:215:23)
507 verbose stack     at RegistryFetcher.manifest (/data/data/com.termux/files/usr/lib/node_modules/npm/node_modules/pacote/lib/registry.js:130:54)
507 verbose stack     at async #fetchManifest (/data/data/com.termux/files/usr/lib/node_modules/npm/node_modules/@npmcli/arborist/lib/arborist/build-ideal-tree.js:1215:20)
507 verbose stack     at async #nodeFromEdge (/data/data/com.termux/files/usr/lib/node_modules/npm/node_modules/@npmcli/arborist/lib/arborist/build-ideal-tree.js:1053:19)
507 verbose stack     at async #buildDepStep (/data/data/com.termux/files/usr/lib/node_modules/npm/node_modules/@npmcli/arborist/lib/arborist/build-ideal-tree.js:917:11)
507 verbose stack     at async Arborist.buildIdealTree (/data/data/com.termux/files/usr/lib/node_modules/npm/node_modules/@npmcli/arborist/lib/arborist/build-ideal-tree.js:182:7)
507 verbose stack     at async Promise.all (index 1)
507 verbose stack     at async Arborist.reify (/data/data/com.termux/files/usr/lib/node_modules/npm/node_modules/@npmcli/arborist/lib/arborist/reify.js:126:5)
507 verbose stack     at async Install.exec (/data/data/com.termux/files/usr/lib/node_modules/npm/lib/commands/install.js:162:5)
507 verbose stack     at async Npm.exec (/data/data/com.termux/files/usr/lib/node_modules/npm/lib/npm.js:208:9)
508 error code ETARGET
509 error notarget No matching version found for multer@^1.4.5.
510 error notarget In most cases you or one of your dependencies are requesting
510 error notarget a package version that doesn't exist.
511 silly unfinished npm timer reify 1762123039589
512 silly unfinished npm timer reify:loadTrees 1762123039593
513 verbose cwd /data/data/com.termux/files/home/xeab-platform-pro
514 verbose os Linux 5.4.259-qgki-gf6360e97909c
515 verbose node v24.9.0
516 verbose npm  v11.6.0
517 verbose exit 1
518 verbose code 1
519 error A complete log of this run can be found in: /data/data/com.termux/files/home/.npm/_logs/2025-11-02T22_37_18_833Z-debug-0.log
