0 verbose cli /data/data/com.termux/files/usr/bin/node /data/data/com.termux/files/usr/bin/npm
1 info using npm@11.12.1
2 info using node@v25.8.2
3 silly config load:file:/data/data/com.termux/files/usr/lib/node_modules/npm/npmrc
4 silly config load:file:/data/data/com.termux/files/home/.npmrc
5 silly config load:file:/data/data/com.termux/files/usr/etc/npmrc
6 verbose title npm install surge
7 verbose argv "install" "--global" "surge"
8 verbose logfile logs-max:10 dir:/data/data/com.termux/files/home/.npm/_logs/2026-04-17T20_54_47_836Z-
9 verbose logfile /data/data/com.termux/files/home/.npm/_logs/2026-04-17T20_54_47_836Z-debug-0.log
10 silly packumentCache heap:1174405120 maxSize:293601280 maxEntrySize:146800640
11 silly logfile start cleaning logs, removing 1 files
12 silly logfile done cleaning log files
13 silly idealTree buildDeps
14 silly fetch manifest surge@*
15 silly packumentCache full:https://registry.npmjs.org/surge cache-miss
16 http fetch GET 200 https://registry.npmjs.org/npm 1110ms
17 http fetch GET 200 https://registry.npmjs.org/surge 1146ms (cache miss)
18 silly packumentCache full:https://registry.npmjs.org/surge set size:undefined disposed:false
19 silly placeDep ROOT surge@0.27.3 OK for:  want: *
20 silly fetch manifest axios@1.13.5
21 silly packumentCache full:https://registry.npmjs.org/axios cache-miss
22 silly fetch manifest babar@0.2.3
23 silly packumentCache full:https://registry.npmjs.org/babar cache-miss
24 silly fetch manifest cli-table3@0.6.5
25 silly packumentCache full:https://registry.npmjs.org/cli-table3 cache-miss
26 silly fetch manifest colors@1.4.0
27 silly packumentCache full:https://registry.npmjs.org/colors cache-miss
28 silly fetch manifest human-readable-numbers@0.9.5
29 silly packumentCache full:https://registry.npmjs.org/human-readable-numbers cache-miss
30 silly fetch manifest ignore@7.0.5
31 silly packumentCache full:https://registry.npmjs.org/ignore cache-miss
32 silly fetch manifest is-domain@0.0.1
33 silly packumentCache full:https://registry.npmjs.org/is-domain cache-miss
34 http fetch GET 200 https://registry.npmjs.org/babar 360ms (cache miss)
35 silly packumentCache full:https://registry.npmjs.org/babar set size:undefined disposed:false
36 silly fetch manifest prompts@2.4.2
37 silly packumentCache full:https://registry.npmjs.org/prompts cache-miss
38 http fetch GET 200 https://registry.npmjs.org/human-readable-numbers 369ms (cache miss)
39 silly packumentCache full:https://registry.npmjs.org/human-readable-numbers set size:undefined disposed:false
40 silly fetch manifest minimist@1.2.8
41 silly packumentCache full:https://registry.npmjs.org/minimist cache-miss
42 http fetch GET 200 https://registry.npmjs.org/is-domain 470ms (cache miss)
43 silly packumentCache full:https://registry.npmjs.org/is-domain set size:undefined disposed:false
44 silly fetch manifest moniker@0.1.2
45 silly packumentCache full:https://registry.npmjs.org/moniker cache-miss
46 http fetch GET 200 https://registry.npmjs.org/cli-table3 591ms (cache revalidated)
47 silly packumentCache full:https://registry.npmjs.org/cli-table3 set size:40139 disposed:false
48 silly fetch manifest netrc@0.1.4
49 silly packumentCache full:https://registry.npmjs.org/netrc cache-miss
50 http fetch GET 200 https://registry.npmjs.org/colors 610ms (cache revalidated)
51 silly packumentCache full:https://registry.npmjs.org/colors set size:55711 disposed:false
52 silly fetch manifest progress@2.0.3
53 silly packumentCache full:https://registry.npmjs.org/progress cache-miss
54 http fetch GET 200 https://registry.npmjs.org/prompts 256ms (cache revalidated)
55 silly packumentCache full:https://registry.npmjs.org/prompts set size:115896 disposed:false
56 silly fetch manifest read@1.0.5
57 silly packumentCache full:https://registry.npmjs.org/read cache-miss
58 http fetch GET 200 https://registry.npmjs.org/ignore 628ms (cache revalidated)
59 silly packumentCache full:https://registry.npmjs.org/ignore set size:237380 disposed:false
60 silly fetch manifest surge-ignore@0.3.0
61 silly packumentCache full:https://registry.npmjs.org/surge-ignore cache-miss
62 http fetch GET 200 https://registry.npmjs.org/minimist 275ms (cache updated)
63 silly packumentCache full:https://registry.npmjs.org/minimist set size:undefined disposed:false
64 silly fetch manifest surge-sdk@0.10.1
65 silly packumentCache full:https://registry.npmjs.org/surge-sdk cache-miss
66 http fetch GET 200 https://registry.npmjs.org/axios 727ms (cache updated)
67 silly packumentCache full:https://registry.npmjs.org/axios set size:undefined disposed:false
68 silly fetch manifest surge-stream@0.10.1
69 silly packumentCache full:https://registry.npmjs.org/surge-stream cache-miss
70 http fetch GET 200 https://registry.npmjs.org/progress 185ms (cache revalidated)
71 silly packumentCache full:https://registry.npmjs.org/progress set size:34179 disposed:false
72 silly fetch manifest url-parse-as-address@1.0.0
73 silly packumentCache full:https://registry.npmjs.org/url-parse-as-address cache-miss
74 http fetch GET 200 https://registry.npmjs.org/read 192ms (cache miss)
75 silly packumentCache full:https://registry.npmjs.org/read set size:undefined disposed:false
76 silly fetch manifest xbytes@1.9.1
77 silly packumentCache full:https://registry.npmjs.org/xbytes cache-miss
78 http fetch GET 200 https://registry.npmjs.org/moniker 343ms (cache miss)
79 silly packumentCache full:https://registry.npmjs.org/moniker set size:undefined disposed:false
80 http fetch GET 200 https://registry.npmjs.org/surge-ignore 304ms (cache miss)
81 silly packumentCache full:https://registry.npmjs.org/surge-ignore set size:undefined disposed:false
82 http fetch GET 200 https://registry.npmjs.org/surge-sdk 291ms (cache miss)
83 silly packumentCache full:https://registry.npmjs.org/surge-sdk set size:undefined disposed:false
84 http fetch GET 200 https://registry.npmjs.org/xbytes 302ms (cache miss)
85 silly packumentCache full:https://registry.npmjs.org/xbytes set size:undefined disposed:false
86 http fetch GET 200 https://registry.npmjs.org/netrc 551ms (cache miss)
87 silly packumentCache full:https://registry.npmjs.org/netrc set size:undefined disposed:false
88 http fetch GET 200 https://registry.npmjs.org/surge-stream 594ms (cache miss)
89 silly packumentCache full:https://registry.npmjs.org/surge-stream set size:undefined disposed:false
90 http fetch GET 200 https://registry.npmjs.org/url-parse-as-address 622ms (cache miss)
91 silly packumentCache full:https://registry.npmjs.org/url-parse-as-address set size:undefined disposed:false
92 silly placeDep node_modules/surge axios@1.13.5 OK for: surge@0.27.3 want: 1.13.5
93 silly placeDep node_modules/surge babar@0.2.3 OK for: surge@0.27.3 want: 0.2.3
94 silly placeDep node_modules/surge cli-table3@0.6.5 OK for: surge@0.27.3 want: 0.6.5
95 silly placeDep node_modules/surge colors@1.4.0 OK for: surge@0.27.3 want: 1.4.0
96 silly placeDep node_modules/surge human-readable-numbers@0.9.5 OK for: surge@0.27.3 want: 0.9.5
97 silly placeDep node_modules/surge ignore@7.0.5 OK for: surge@0.27.3 want: 7.0.5
98 silly placeDep node_modules/surge is-domain@0.0.1 OK for: surge@0.27.3 want: 0.0.1
99 silly placeDep node_modules/surge minimist@1.2.8 OK for: surge@0.27.3 want: 1.2.8
100 silly placeDep node_modules/surge moniker@0.1.2 OK for: surge@0.27.3 want: 0.1.2
101 silly placeDep node_modules/surge netrc@0.1.4 OK for: surge@0.27.3 want: 0.1.4
102 silly placeDep node_modules/surge progress@2.0.3 OK for: surge@0.27.3 want: 2.0.3
103 silly placeDep node_modules/surge prompts@2.4.2 OK for: surge@0.27.3 want: 2.4.2
104 silly placeDep node_modules/surge read@1.0.5 OK for: surge@0.27.3 want: 1.0.5
105 silly placeDep node_modules/surge surge-ignore@0.3.0 OK for: surge@0.27.3 want: 0.3.0
106 silly placeDep node_modules/surge surge-sdk@0.10.1 OK for: surge@0.27.3 want: 0.10.1
107 silly placeDep node_modules/surge surge-stream@0.10.1 OK for: surge@0.27.3 want: 0.10.1
108 silly placeDep node_modules/surge url-parse-as-address@1.0.0 OK for: surge@0.27.3 want: 1.0.0
109 silly placeDep node_modules/surge xbytes@1.9.1 OK for: surge@0.27.3 want: 1.9.1
110 silly fetch manifest form-data@^4.0.5
111 silly packumentCache full:https://registry.npmjs.org/form-data cache-miss
112 silly fetch manifest proxy-from-env@^1.1.0
113 silly packumentCache full:https://registry.npmjs.org/proxy-from-env cache-miss
114 silly fetch manifest follow-redirects@^1.15.11
115 silly packumentCache full:https://registry.npmjs.org/follow-redirects cache-miss
116 silly fetch manifest colors@~1.4.0
117 silly packumentCache full:https://registry.npmjs.org/colors cache-hit
118 silly fetch manifest string-width@^4.2.0
119 silly packumentCache full:https://registry.npmjs.org/string-width cache-miss
120 silly fetch manifest @colors/colors@1.5.0
121 silly packumentCache full:https://registry.npmjs.org/@colors%2fcolors cache-miss
122 silly fetch manifest kleur@^3.0.3
123 silly packumentCache full:https://registry.npmjs.org/kleur cache-miss
124 silly fetch manifest sisteransi@^1.0.5
125 silly packumentCache full:https://registry.npmjs.org/sisteransi cache-miss
126 http fetch GET 200 https://registry.npmjs.org/proxy-from-env 242ms (cache miss)
127 silly packumentCache full:https://registry.npmjs.org/proxy-from-env set size:undefined disposed:false
128 silly fetch manifest mute-stream@~0.0.4
129 silly packumentCache full:https://registry.npmjs.org/mute-stream cache-miss
130 http fetch GET 200 https://registry.npmjs.org/kleur 249ms (cache revalidated)
131 silly packumentCache full:https://registry.npmjs.org/kleur set size:61853 disposed:false
132 silly fetch manifest split@1.0.1
133 silly packumentCache full:https://registry.npmjs.org/split cache-miss
134 http fetch GET 200 https://registry.npmjs.org/sisteransi 242ms (cache revalidated)
135 silly packumentCache full:https://registry.npmjs.org/sisteransi set size:23215 disposed:false
136 silly fetch manifest tar@7.5.9
137 silly packumentCache full:https://registry.npmjs.org/tar cache-miss
138 http fetch GET 200 https://registry.npmjs.org/@colors%2fcolors 267ms (cache revalidated)
139 silly packumentCache full:https://registry.npmjs.org/@colors%2fcolors set size:12042 disposed:false
140 http fetch GET 200 https://registry.npmjs.org/string-width 293ms (cache updated)
141 silly packumentCache full:https://registry.npmjs.org/string-width set size:undefined disposed:false
142 http fetch GET 200 https://registry.npmjs.org/form-data 351ms (cache updated)
143 silly packumentCache full:https://registry.npmjs.org/form-data set size:undefined disposed:false
144 http fetch GET 200 https://registry.npmjs.org/follow-redirects 366ms (cache updated)
145 silly packumentCache full:https://registry.npmjs.org/follow-redirects set size:undefined disposed:false
146 http fetch GET 200 https://registry.npmjs.org/split 188ms (cache revalidated)
147 silly packumentCache full:https://registry.npmjs.org/split set size:29204 disposed:false
148 http fetch GET 200 https://registry.npmjs.org/mute-stream 218ms (cache miss)
149 silly packumentCache full:https://registry.npmjs.org/mute-stream set size:undefined disposed:false
150 http fetch GET 200 https://registry.npmjs.org/tar 267ms (cache updated)
151 silly packumentCache full:https://registry.npmjs.org/tar set size:undefined disposed:false
152 silly placeDep node_modules/surge follow-redirects@1.16.0 OK for: axios@1.13.5 want: ^1.15.11
153 silly placeDep node_modules/surge form-data@4.0.5 OK for: axios@1.13.5 want: ^4.0.5
154 silly placeDep node_modules/surge proxy-from-env@1.1.0 OK for: axios@1.13.5 want: ^1.1.0
155 silly fetch manifest asynckit@^0.4.0
156 silly packumentCache full:https://registry.npmjs.org/asynckit cache-miss
157 silly fetch manifest combined-stream@^1.0.8
158 silly packumentCache full:https://registry.npmjs.org/combined-stream cache-miss
159 silly fetch manifest es-set-tostringtag@^2.1.0
160 silly packumentCache full:https://registry.npmjs.org/es-set-tostringtag cache-miss
161 silly fetch manifest hasown@^2.0.2
162 silly packumentCache full:https://registry.npmjs.org/hasown cache-miss
163 silly fetch manifest mime-types@^2.1.12
164 silly packumentCache full:https://registry.npmjs.org/mime-types cache-miss
165 http fetch GET 200 https://registry.npmjs.org/combined-stream 199ms (cache revalidated)
166 silly packumentCache full:https://registry.npmjs.org/combined-stream set size:40337 disposed:false
167 http fetch GET 200 https://registry.npmjs.org/hasown 212ms (cache revalidated)
168 silly packumentCache full:https://registry.npmjs.org/hasown set size:12476 disposed:false
169 http fetch GET 200 https://registry.npmjs.org/asynckit 238ms (cache updated)
170 silly packumentCache full:https://registry.npmjs.org/asynckit set size:undefined disposed:false
171 http fetch GET 200 https://registry.npmjs.org/es-set-tostringtag 244ms (cache revalidated)
172 silly packumentCache full:https://registry.npmjs.org/es-set-tostringtag set size:22094 disposed:false
173 http fetch GET 200 https://registry.npmjs.org/mime-types 253ms (cache revalidated)
174 silly packumentCache full:https://registry.npmjs.org/mime-types set size:139110 disposed:false
175 silly placeDep node_modules/surge @colors/colors@1.5.0 OK for: cli-table3@0.6.5 want: 1.5.0
176 silly placeDep node_modules/surge string-width@4.2.3 OK for: cli-table3@0.6.5 want: ^4.2.0
177 silly fetch manifest strip-ansi@^6.0.1
178 silly packumentCache full:https://registry.npmjs.org/strip-ansi cache-miss
179 silly fetch manifest emoji-regex@^8.0.0
180 silly packumentCache full:https://registry.npmjs.org/emoji-regex cache-miss
181 silly fetch manifest is-fullwidth-code-point@^3.0.0
182 silly packumentCache full:https://registry.npmjs.org/is-fullwidth-code-point cache-miss
183 http fetch GET 200 https://registry.npmjs.org/emoji-regex 129ms (cache revalidated)
184 silly packumentCache full:https://registry.npmjs.org/emoji-regex set size:89088 disposed:false
185 http fetch GET 200 https://registry.npmjs.org/is-fullwidth-code-point 161ms (cache revalidated)
186 silly packumentCache full:https://registry.npmjs.org/is-fullwidth-code-point set size:14578 disposed:false
187 http fetch GET 200 https://registry.npmjs.org/strip-ansi 183ms (cache updated)
188 silly packumentCache full:https://registry.npmjs.org/strip-ansi set size:undefined disposed:false
189 silly placeDep node_modules/surge asynckit@0.4.0 OK for: form-data@4.0.5 want: ^0.4.0
190 silly placeDep node_modules/surge combined-stream@1.0.8 OK for: form-data@4.0.5 want: ^1.0.8
191 silly placeDep node_modules/surge es-set-tostringtag@2.1.0 OK for: form-data@4.0.5 want: ^2.1.0
192 silly placeDep node_modules/surge hasown@2.0.2 OK for: form-data@4.0.5 want: ^2.0.2
193 silly placeDep node_modules/surge mime-types@2.1.35 OK for: form-data@4.0.5 want: ^2.1.12
194 silly fetch manifest delayed-stream@~1.0.0
195 silly packumentCache full:https://registry.npmjs.org/delayed-stream cache-miss
196 silly fetch manifest es-errors@^1.3.0
197 silly packumentCache full:https://registry.npmjs.org/es-errors cache-miss
198 silly fetch manifest get-intrinsic@^1.2.6
199 silly packumentCache full:https://registry.npmjs.org/get-intrinsic cache-miss
200 silly fetch manifest has-tostringtag@^1.0.2
201 silly packumentCache full:https://registry.npmjs.org/has-tostringtag cache-miss
202 silly fetch manifest function-bind@^1.1.2
203 silly packumentCache full:https://registry.npmjs.org/function-bind cache-miss
204 silly fetch manifest mime-db@1.52.0
205 silly packumentCache full:https://registry.npmjs.org/mime-db cache-miss
206 http fetch GET 200 https://registry.npmjs.org/has-tostringtag 153ms (cache revalidated)
207 silly packumentCache full:https://registry.npmjs.org/has-tostringtag set size:13945 disposed:false
208 http fetch GET 200 https://registry.npmjs.org/function-bind 166ms (cache revalidated)
209 silly packumentCache full:https://registry.npmjs.org/function-bind set size:15733 disposed:false
210 http fetch GET 200 https://registry.npmjs.org/get-intrinsic 181ms (cache revalidated)
211 silly packumentCache full:https://registry.npmjs.org/get-intrinsic set size:60985 disposed:false
212 http fetch GET 200 https://registry.npmjs.org/es-errors 195ms (cache revalidated)
213 silly packumentCache full:https://registry.npmjs.org/es-errors set size:16918 disposed:false
214 http fetch GET 200 https://registry.npmjs.org/delayed-stream 199ms (cache revalidated)
215 silly packumentCache full:https://registry.npmjs.org/delayed-stream set size:15820 disposed:false
216 http fetch GET 200 https://registry.npmjs.org/mime-db 195ms (cache revalidated)
217 silly packumentCache full:https://registry.npmjs.org/mime-db set size:164953 disposed:false
218 silly placeDep node_modules/surge delayed-stream@1.0.0 OK for: combined-stream@1.0.8 want: ~1.0.0
219 silly placeDep node_modules/surge es-errors@1.3.0 OK for: es-set-tostringtag@2.1.0 want: ^1.3.0
220 silly placeDep node_modules/surge get-intrinsic@1.3.0 OK for: es-set-tostringtag@2.1.0 want: ^1.2.6
221 silly placeDep node_modules/surge has-tostringtag@1.0.2 OK for: es-set-tostringtag@2.1.0 want: ^1.0.2
222 silly fetch manifest gopd@^1.2.0
223 silly packumentCache full:https://registry.npmjs.org/gopd cache-miss
224 silly fetch manifest get-proto@^1.0.1
225 silly packumentCache full:https://registry.npmjs.org/get-proto cache-miss
226 silly fetch manifest has-symbols@^1.1.0
227 silly packumentCache full:https://registry.npmjs.org/has-symbols cache-miss
228 silly fetch manifest es-object-atoms@^1.1.1
229 silly packumentCache full:https://registry.npmjs.org/es-object-atoms cache-miss
230 silly fetch manifest math-intrinsics@^1.1.0
231 silly packumentCache full:https://registry.npmjs.org/math-intrinsics cache-miss
232 silly fetch manifest es-define-property@^1.0.1
233 silly packumentCache full:https://registry.npmjs.org/es-define-property cache-miss
234 silly fetch manifest call-bind-apply-helpers@^1.0.2
235 silly packumentCache full:https://registry.npmjs.org/call-bind-apply-helpers cache-miss
236 http fetch GET 200 https://registry.npmjs.org/es-object-atoms 168ms (cache revalidated)
237 silly packumentCache full:https://registry.npmjs.org/es-object-atoms set size:15304 disposed:false
238 silly fetch manifest has-symbols@^1.0.3
239 silly packumentCache full:https://registry.npmjs.org/has-symbols cache-miss
240 http fetch GET 200 https://registry.npmjs.org/get-proto 177ms (cache revalidated)
241 silly packumentCache full:https://registry.npmjs.org/get-proto set size:8300 disposed:false
242 http fetch GET 200 https://registry.npmjs.org/has-symbols 186ms (cache revalidated)
243 silly packumentCache full:https://registry.npmjs.org/has-symbols set size:21550 disposed:false
244 http fetch GET 200 https://registry.npmjs.org/math-intrinsics 200ms (cache revalidated)
245 silly packumentCache full:https://registry.npmjs.org/math-intrinsics set size:9265 disposed:false
246 http fetch GET 200 https://registry.npmjs.org/es-define-property 207ms (cache revalidated)
247 silly packumentCache full:https://registry.npmjs.org/es-define-property set size:8542 disposed:false
248 http cache https://registry.npmjs.org/has-symbols 50ms (cache hit)
249 silly packumentCache full:https://registry.npmjs.org/has-symbols set size:21550 disposed:false
250 silly packumentCache full:https://registry.npmjs.org/has-symbols dispose
251 http fetch GET 200 https://registry.npmjs.org/gopd 232ms (cache revalidated)
252 silly packumentCache full:https://registry.npmjs.org/gopd set size:11458 disposed:false
253 http fetch GET 200 https://registry.npmjs.org/call-bind-apply-helpers 224ms (cache revalidated)
254 silly packumentCache full:https://registry.npmjs.org/call-bind-apply-helpers set size:12744 disposed:false
255 silly placeDep node_modules/surge call-bind-apply-helpers@1.0.2 OK for: get-intrinsic@1.3.0 want: ^1.0.2
256 silly placeDep node_modules/surge es-define-property@1.0.1 OK for: get-intrinsic@1.3.0 want: ^1.0.1
257 silly placeDep node_modules/surge es-object-atoms@1.1.1 OK for: get-intrinsic@1.3.0 want: ^1.1.1
258 silly placeDep node_modules/surge function-bind@1.1.2 OK for: get-intrinsic@1.3.0 want: ^1.1.2
259 silly placeDep node_modules/surge get-proto@1.0.1 OK for: get-intrinsic@1.3.0 want: ^1.0.1
260 silly placeDep node_modules/surge gopd@1.2.0 OK for: get-intrinsic@1.3.0 want: ^1.2.0
261 silly placeDep node_modules/surge has-symbols@1.1.0 OK for: get-intrinsic@1.3.0 want: ^1.1.0
262 silly placeDep node_modules/surge math-intrinsics@1.1.0 OK for: get-intrinsic@1.3.0 want: ^1.1.0
263 silly fetch manifest dunder-proto@^1.0.1
264 silly packumentCache full:https://registry.npmjs.org/dunder-proto cache-miss
265 http fetch GET 200 https://registry.npmjs.org/dunder-proto 138ms (cache revalidated)
266 silly packumentCache full:https://registry.npmjs.org/dunder-proto set size:8256 disposed:false
267 silly placeDep node_modules/surge dunder-proto@1.0.1 OK for: get-proto@1.0.1 want: ^1.0.1
268 silly placeDep node_modules/surge mime-db@1.52.0 OK for: mime-types@2.1.35 want: 1.52.0
269 silly placeDep node_modules/surge kleur@3.0.3 OK for: prompts@2.4.2 want: ^3.0.3
270 silly placeDep node_modules/surge sisteransi@1.0.5 OK for: prompts@2.4.2 want: ^1.0.5
271 silly placeDep node_modules/surge mute-stream@0.0.8 OK for: read@1.0.5 want: ~0.0.4
272 silly placeDep node_modules/surge emoji-regex@8.0.0 OK for: string-width@4.2.3 want: ^8.0.0
273 silly placeDep node_modules/surge is-fullwidth-code-point@3.0.0 OK for: string-width@4.2.3 want: ^3.0.0
274 silly placeDep node_modules/surge strip-ansi@6.0.1 OK for: string-width@4.2.3 want: ^6.0.1
275 silly fetch manifest ansi-regex@^5.0.1
276 silly packumentCache full:https://registry.npmjs.org/ansi-regex cache-miss
277 http fetch GET 200 https://registry.npmjs.org/ansi-regex 126ms (cache revalidated)
278 silly packumentCache full:https://registry.npmjs.org/ansi-regex set size:43572 disposed:false
279 silly placeDep node_modules/surge ansi-regex@5.0.1 OK for: strip-ansi@6.0.1 want: ^5.0.1
280 silly placeDep node_modules/surge split@1.0.1 OK for: surge-stream@0.10.1 want: 1.0.1
281 silly placeDep node_modules/surge tar@7.5.9 OK for: surge-stream@0.10.1 want: 7.5.9
282 silly fetch manifest through@2
283 silly packumentCache full:https://registry.npmjs.org/through cache-miss
284 silly fetch manifest chownr@^3.0.0
285 silly packumentCache full:https://registry.npmjs.org/chownr cache-miss
286 silly fetch manifest yallist@^5.0.0
287 silly packumentCache full:https://registry.npmjs.org/yallist cache-miss
288 silly fetch manifest minipass@^7.1.2
289 silly packumentCache full:https://registry.npmjs.org/minipass cache-miss
290 silly fetch manifest minizlib@^3.1.0
291 silly packumentCache full:https://registry.npmjs.org/minizlib cache-miss
292 silly fetch manifest @isaacs/fs-minipass@^4.0.0
293 silly packumentCache full:https://registry.npmjs.org/@isaacs%2ffs-minipass cache-miss
294 http fetch GET 200 https://registry.npmjs.org/chownr 166ms (cache revalidated)
295 silly packumentCache full:https://registry.npmjs.org/chownr set size:22157 disposed:false
296 http fetch GET 200 https://registry.npmjs.org/yallist 173ms (cache revalidated)
297 silly packumentCache full:https://registry.npmjs.org/yallist set size:34610 disposed:false
298 http fetch GET 200 https://registry.npmjs.org/minizlib 175ms (cache revalidated)
299 silly packumentCache full:https://registry.npmjs.org/minizlib set size:62862 disposed:false
300 http fetch GET 200 https://registry.npmjs.org/through 186ms (cache revalidated)
301 silly packumentCache full:https://registry.npmjs.org/through set size:38387 disposed:false
302 http fetch GET 200 https://registry.npmjs.org/@isaacs%2ffs-minipass 193ms (cache revalidated)
303 silly packumentCache full:https://registry.npmjs.org/@isaacs%2ffs-minipass set size:7912 disposed:false
304 http fetch GET 200 https://registry.npmjs.org/minipass 240ms (cache updated)
305 silly packumentCache full:https://registry.npmjs.org/minipass set size:undefined disposed:false
306 silly placeDep node_modules/surge through@2.3.8 OK for: split@1.0.1 want: 2
307 silly placeDep node_modules/surge @isaacs/fs-minipass@4.0.1 OK for: tar@7.5.9 want: ^4.0.0
308 silly placeDep node_modules/surge chownr@3.0.0 OK for: tar@7.5.9 want: ^3.0.0
309 silly placeDep node_modules/surge minipass@7.1.3 OK for: tar@7.5.9 want: ^7.1.2
310 silly placeDep node_modules/surge minizlib@3.1.0 OK for: tar@7.5.9 want: ^3.1.0
311 silly placeDep node_modules/surge yallist@5.0.0 OK for: tar@7.5.9 want: ^5.0.0
312 silly fetch manifest minipass@^7.0.4
313 silly packumentCache full:https://registry.npmjs.org/minipass cache-miss
314 http cache https://registry.npmjs.org/minipass 16ms (cache hit)
315 silly packumentCache full:https://registry.npmjs.org/minipass set size:276925 disposed:false
316 silly reify moves {}
317 http cache surge@https://registry.npmjs.org/surge/-/surge-0.27.3.tgz 0ms (cache hit)
318 http cache minizlib@https://registry.npmjs.org/minizlib/-/minizlib-3.1.0.tgz 0ms (cache hit)
319 http cache minipass@https://registry.npmjs.org/minipass/-/minipass-7.1.3.tgz 0ms (cache hit)
320 http cache chownr@https://registry.npmjs.org/chownr/-/chownr-3.0.0.tgz 0ms (cache hit)
321 http cache @isaacs/fs-minipass@https://registry.npmjs.org/@isaacs/fs-minipass/-/fs-minipass-4.0.1.tgz 0ms (cache hit)
322 http cache through@https://registry.npmjs.org/through/-/through-2.3.8.tgz 0ms (cache hit)
323 http cache tar@https://registry.npmjs.org/tar/-/tar-7.5.9.tgz 0ms (cache hit)
324 http cache yallist@https://registry.npmjs.org/yallist/-/yallist-5.0.0.tgz 0ms (cache hit)
325 http cache split@https://registry.npmjs.org/split/-/split-1.0.1.tgz 0ms (cache hit)
326 http cache strip-ansi@https://registry.npmjs.org/strip-ansi/-/strip-ansi-6.0.1.tgz 0ms (cache hit)
327 http cache is-fullwidth-code-point@https://registry.npmjs.org/is-fullwidth-code-point/-/is-fullwidth-code-point-3.0.0.tgz 0ms (cache hit)
328 http cache emoji-regex@https://registry.npmjs.org/emoji-regex/-/emoji-regex-8.0.0.tgz 0ms (cache hit)
329 http cache ansi-regex@https://registry.npmjs.org/ansi-regex/-/ansi-regex-5.0.1.tgz 0ms (cache hit)
330 http cache mute-stream@https://registry.npmjs.org/mute-stream/-/mute-stream-0.0.8.tgz 0ms (cache hit)
331 http cache kleur@https://registry.npmjs.org/kleur/-/kleur-3.0.3.tgz 0ms (cache hit)
332 http cache mime-db@https://registry.npmjs.org/mime-db/-/mime-db-1.52.0.tgz 0ms (cache hit)
333 http cache sisteransi@https://registry.npmjs.org/sisteransi/-/sisteransi-1.0.5.tgz 0ms (cache hit)
334 http cache dunder-proto@https://registry.npmjs.org/dunder-proto/-/dunder-proto-1.0.1.tgz 0ms (cache hit)
335 http cache has-symbols@https://registry.npmjs.org/has-symbols/-/has-symbols-1.1.0.tgz 0ms (cache hit)
336 http cache gopd@https://registry.npmjs.org/gopd/-/gopd-1.2.0.tgz 0ms (cache hit)
337 http cache math-intrinsics@https://registry.npmjs.org/math-intrinsics/-/math-intrinsics-1.1.0.tgz 0ms (cache hit)
338 http cache get-proto@https://registry.npmjs.org/get-proto/-/get-proto-1.0.1.tgz 0ms (cache hit)
339 http cache es-object-atoms@https://registry.npmjs.org/es-object-atoms/-/es-object-atoms-1.1.1.tgz 0ms (cache hit)
340 http cache es-define-property@https://registry.npmjs.org/es-define-property/-/es-define-property-1.0.1.tgz 0ms (cache hit)
341 http cache call-bind-apply-helpers@https://registry.npmjs.org/call-bind-apply-helpers/-/call-bind-apply-helpers-1.0.2.tgz 0ms (cache hit)
342 http cache has-tostringtag@https://registry.npmjs.org/has-tostringtag/-/has-tostringtag-1.0.2.tgz 0ms (cache hit)
343 http cache get-intrinsic@https://registry.npmjs.org/get-intrinsic/-/get-intrinsic-1.3.0.tgz 0ms (cache hit)
344 http cache es-errors@https://registry.npmjs.org/es-errors/-/es-errors-1.3.0.tgz 0ms (cache hit)
345 http cache delayed-stream@https://registry.npmjs.org/delayed-stream/-/delayed-stream-1.0.0.tgz 0ms (cache hit)
346 http cache mime-types@https://registry.npmjs.org/mime-types/-/mime-types-2.1.35.tgz 0ms (cache hit)
347 http cache hasown@https://registry.npmjs.org/hasown/-/hasown-2.0.2.tgz 0ms (cache hit)
348 http cache es-set-tostringtag@https://registry.npmjs.org/es-set-tostringtag/-/es-set-tostringtag-2.1.0.tgz 0ms (cache hit)
349 http cache combined-stream@https://registry.npmjs.org/combined-stream/-/combined-stream-1.0.8.tgz 0ms (cache hit)
350 http cache asynckit@https://registry.npmjs.org/asynckit/-/asynckit-0.4.0.tgz 0ms (cache hit)
351 http cache string-width@https://registry.npmjs.org/string-width/-/string-width-4.2.3.tgz 0ms (cache hit)
352 http cache @colors/colors@https://registry.npmjs.org/@colors/colors/-/colors-1.5.0.tgz 0ms (cache hit)
353 http cache proxy-from-env@https://registry.npmjs.org/proxy-from-env/-/proxy-from-env-1.1.0.tgz 0ms (cache hit)
354 http cache form-data@https://registry.npmjs.org/form-data/-/form-data-4.0.5.tgz 0ms (cache hit)
355 http cache follow-redirects@https://registry.npmjs.org/follow-redirects/-/follow-redirects-1.16.0.tgz 0ms (cache hit)
356 http cache xbytes@https://registry.npmjs.org/xbytes/-/xbytes-1.9.1.tgz 0ms (cache hit)
357 http cache url-parse-as-address@https://registry.npmjs.org/url-parse-as-address/-/url-parse-as-address-1.0.0.tgz 0ms (cache hit)
358 http cache surge-stream@https://registry.npmjs.org/surge-stream/-/surge-stream-0.10.1.tgz 0ms (cache hit)
359 http cache surge-sdk@https://registry.npmjs.org/surge-sdk/-/surge-sdk-0.10.1.tgz 0ms (cache hit)
360 http cache read@https://registry.npmjs.org/read/-/read-1.0.5.tgz 0ms (cache hit)
361 http cache surge-ignore@https://registry.npmjs.org/surge-ignore/-/surge-ignore-0.3.0.tgz 0ms (cache hit)
362 http cache prompts@https://registry.npmjs.org/prompts/-/prompts-2.4.2.tgz 0ms (cache hit)
363 http cache netrc@https://registry.npmjs.org/netrc/-/netrc-0.1.4.tgz 0ms (cache hit)
364 http cache progress@https://registry.npmjs.org/progress/-/progress-2.0.3.tgz 0ms (cache hit)
365 http cache moniker@https://registry.npmjs.org/moniker/-/moniker-0.1.2.tgz 0ms (cache hit)
366 http cache human-readable-numbers@https://registry.npmjs.org/human-readable-numbers/-/human-readable-numbers-0.9.5.tgz 0ms (cache hit)
367 http cache colors@https://registry.npmjs.org/colors/-/colors-1.4.0.tgz 0ms (cache hit)
368 http cache cli-table3@https://registry.npmjs.org/cli-table3/-/cli-table3-0.6.5.tgz 0ms (cache hit)
369 http cache babar@https://registry.npmjs.org/babar/-/babar-0.2.3.tgz 0ms (cache hit)
370 http cache is-domain@https://registry.npmjs.org/is-domain/-/is-domain-0.0.1.tgz 0ms (cache hit)
371 http cache ignore@https://registry.npmjs.org/ignore/-/ignore-7.0.5.tgz 0ms (cache hit)
372 http cache minimist@https://registry.npmjs.org/minimist/-/minimist-1.2.8.tgz 0ms (cache hit)
373 http cache axios@https://registry.npmjs.org/axios/-/axios-1.13.5.tgz 0ms (cache hit)
374 http cache function-bind@https://registry.npmjs.org/function-bind/-/function-bind-1.1.2.tgz 1ms (cache hit)
375 silly tarball no local data for surge@https://registry.npmjs.org/surge/-/surge-0.27.3.tgz. Extracting by manifest.
376 silly tarball no local data for minipass@https://registry.npmjs.org/minipass/-/minipass-7.1.3.tgz. Extracting by manifest.
377 silly tarball no local data for tar@https://registry.npmjs.org/tar/-/tar-7.5.9.tgz. Extracting by manifest.
378 silly tarball no local data for mute-stream@https://registry.npmjs.org/mute-stream/-/mute-stream-0.0.8.tgz. Extracting by manifest.
379 silly tarball no local data for proxy-from-env@https://registry.npmjs.org/proxy-from-env/-/proxy-from-env-1.1.0.tgz. Extracting by manifest.
380 silly tarball no local data for form-data@https://registry.npmjs.org/form-data/-/form-data-4.0.5.tgz. Extracting by manifest.
381 silly tarball no local data for follow-redirects@https://registry.npmjs.org/follow-redirects/-/follow-redirects-1.16.0.tgz. Extracting by manifest.
382 silly tarball no local data for xbytes@https://registry.npmjs.org/xbytes/-/xbytes-1.9.1.tgz. Extracting by manifest.
383 silly tarball no local data for url-parse-as-address@https://registry.npmjs.org/url-parse-as-address/-/url-parse-as-address-1.0.0.tgz. Extracting by manifest.
384 silly tarball no local data for surge-stream@https://registry.npmjs.org/surge-stream/-/surge-stream-0.10.1.tgz. Extracting by manifest.
385 silly tarball no local data for surge-sdk@https://registry.npmjs.org/surge-sdk/-/surge-sdk-0.10.1.tgz. Extracting by manifest.
386 silly tarball no local data for read@https://registry.npmjs.org/read/-/read-1.0.5.tgz. Extracting by manifest.
387 silly tarball no local data for surge-ignore@https://registry.npmjs.org/surge-ignore/-/surge-ignore-0.3.0.tgz. Extracting by manifest.
388 silly tarball no local data for netrc@https://registry.npmjs.org/netrc/-/netrc-0.1.4.tgz. Extracting by manifest.
389 silly tarball no local data for moniker@https://registry.npmjs.org/moniker/-/moniker-0.1.2.tgz. Extracting by manifest.
390 silly tarball no local data for human-readable-numbers@https://registry.npmjs.org/human-readable-numbers/-/human-readable-numbers-0.9.5.tgz. Extracting by manifest.
391 silly tarball no local data for babar@https://registry.npmjs.org/babar/-/babar-0.2.3.tgz. Extracting by manifest.
392 silly tarball no local data for is-domain@https://registry.npmjs.org/is-domain/-/is-domain-0.0.1.tgz. Extracting by manifest.
393 silly tarball no local data for ignore@https://registry.npmjs.org/ignore/-/ignore-7.0.5.tgz. Extracting by manifest.
394 silly tarball no local data for axios@https://registry.npmjs.org/axios/-/axios-1.13.5.tgz. Extracting by manifest.
395 http fetch GET 200 https://registry.npmjs.org/mute-stream/-/mute-stream-0.0.8.tgz 1069ms (cache miss)
396 http fetch GET 200 https://registry.npmjs.org/proxy-from-env/-/proxy-from-env-1.1.0.tgz 1088ms (cache miss)
397 http fetch GET 200 https://registry.npmjs.org/follow-redirects/-/follow-redirects-1.16.0.tgz 1084ms (cache miss)
398 http fetch GET 200 https://registry.npmjs.org/human-readable-numbers/-/human-readable-numbers-0.9.5.tgz 1097ms (cache miss)
399 http fetch GET 200 https://registry.npmjs.org/is-domain/-/is-domain-0.0.1.tgz 1087ms (cache miss)
400 http fetch GET 200 https://registry.npmjs.org/ignore/-/ignore-7.0.5.tgz 1152ms (cache miss)
401 http fetch GET 200 https://registry.npmjs.org/url-parse-as-address/-/url-parse-as-address-1.0.0.tgz 1241ms (cache miss)
402 http fetch GET 200 https://registry.npmjs.org/form-data/-/form-data-4.0.5.tgz 1269ms (cache miss)
403 http fetch GET 200 https://registry.npmjs.org/surge-sdk/-/surge-sdk-0.10.1.tgz 1259ms (cache miss)
404 http fetch GET 200 https://registry.npmjs.org/surge-stream/-/surge-stream-0.10.1.tgz 1270ms (cache miss)
405 http fetch GET 200 https://registry.npmjs.org/surge-ignore/-/surge-ignore-0.3.0.tgz 1266ms (cache miss)
406 http fetch GET 200 https://registry.npmjs.org/read/-/read-1.0.5.tgz 1295ms (cache miss)
407 http fetch GET 200 https://registry.npmjs.org/netrc/-/netrc-0.1.4.tgz 1311ms (cache miss)
408 http fetch GET 200 https://registry.npmjs.org/babar/-/babar-0.2.3.tgz 1327ms (cache miss)
409 http fetch GET 200 https://registry.npmjs.org/moniker/-/moniker-0.1.2.tgz 1366ms (cache miss)
410 http fetch GET 200 https://registry.npmjs.org/xbytes/-/xbytes-1.9.1.tgz 1423ms (cache miss)
411 http fetch GET 200 https://registry.npmjs.org/minipass/-/minipass-7.1.3.tgz 1484ms (cache miss)
412 http fetch GET 200 https://registry.npmjs.org/surge/-/surge-0.27.3.tgz 1716ms (cache miss)
413 http fetch GET 200 https://registry.npmjs.org/axios/-/axios-1.13.5.tgz 1776ms (cache miss)
414 http fetch GET 200 https://registry.npmjs.org/tar/-/tar-7.5.9.tgz 2227ms (cache miss)
415 silly ADD node_modules/surge
416 silly ADD node_modules/surge/node_modules/yallist
417 silly ADD node_modules/surge/node_modules/minizlib
418 silly ADD node_modules/surge/node_modules/minipass
419 silly ADD node_modules/surge/node_modules/chownr
420 silly ADD node_modules/surge/node_modules/@isaacs/fs-minipass
421 silly ADD node_modules/surge/node_modules/through
422 silly ADD node_modules/surge/node_modules/tar
423 silly ADD node_modules/surge/node_modules/split
424 silly ADD node_modules/surge/node_modules/ansi-regex
425 silly ADD node_modules/surge/node_modules/strip-ansi
426 silly ADD node_modules/surge/node_modules/is-fullwidth-code-point
427 silly ADD node_modules/surge/node_modules/emoji-regex
428 silly ADD node_modules/surge/node_modules/mute-stream
429 silly ADD node_modules/surge/node_modules/sisteransi
430 silly ADD node_modules/surge/node_modules/kleur
431 silly ADD node_modules/surge/node_modules/mime-db
432 silly ADD node_modules/surge/node_modules/dunder-proto
433 silly ADD node_modules/surge/node_modules/math-intrinsics
434 silly ADD node_modules/surge/node_modules/has-symbols
435 silly ADD node_modules/surge/node_modules/gopd
436 silly ADD node_modules/surge/node_modules/get-proto
437 silly ADD node_modules/surge/node_modules/function-bind
438 silly ADD node_modules/surge/node_modules/es-object-atoms
439 silly ADD node_modules/surge/node_modules/es-define-property
440 silly ADD node_modules/surge/node_modules/call-bind-apply-helpers
441 silly ADD node_modules/surge/node_modules/has-tostringtag
442 silly ADD node_modules/surge/node_modules/get-intrinsic
443 silly ADD node_modules/surge/node_modules/es-errors
444 silly ADD node_modules/surge/node_modules/delayed-stream
445 silly ADD node_modules/surge/node_modules/mime-types
446 silly ADD node_modules/surge/node_modules/hasown
447 silly ADD node_modules/surge/node_modules/es-set-tostringtag
448 silly ADD node_modules/surge/node_modules/combined-stream
449 silly ADD node_modules/surge/node_modules/asynckit
450 silly ADD node_modules/surge/node_modules/string-width
451 silly ADD node_modules/surge/node_modules/@colors/colors
452 silly ADD node_modules/surge/node_modules/proxy-from-env
453 silly ADD node_modules/surge/node_modules/form-data
454 silly ADD node_modules/surge/node_modules/follow-redirects
455 silly ADD node_modules/surge/node_modules/xbytes
456 silly ADD node_modules/surge/node_modules/url-parse-as-address
457 silly ADD node_modules/surge/node_modules/surge-stream
458 silly ADD node_modules/surge/node_modules/surge-sdk
459 silly ADD node_modules/surge/node_modules/surge-ignore
460 silly ADD node_modules/surge/node_modules/read
461 silly ADD node_modules/surge/node_modules/prompts
462 silly ADD node_modules/surge/node_modules/progress
463 silly ADD node_modules/surge/node_modules/netrc
464 silly ADD node_modules/surge/node_modules/moniker
465 silly ADD node_modules/surge/node_modules/minimist
466 silly ADD node_modules/surge/node_modules/is-domain
467 silly ADD node_modules/surge/node_modules/ignore
468 silly ADD node_modules/surge/node_modules/human-readable-numbers
469 silly ADD node_modules/surge/node_modules/colors
470 silly ADD node_modules/surge/node_modules/cli-table3
471 silly ADD node_modules/surge/node_modules/babar
472 silly ADD node_modules/surge/node_modules/axios
473 verbose cwd /data/data/com.termux/files/home
474 verbose os Linux 5.4.259-qgki-gf6360e97909c
475 verbose node v25.8.2
476 verbose npm  v11.12.1
477 verbose exit 0
478 info ok
