0 verbose cli /data/data/com.termux/files/usr/bin/node /data/data/com.termux/files/usr/bin/npm
1 info using npm@11.16.0
2 info using node@v26.2.0
3 silly config load:file:/data/data/com.termux/files/usr/lib/node_modules/npm/npmrc
4 silly config load:file:/data/data/com.termux/files/home/.npmrc
5 silly config load:file:/data/data/com.termux/files/usr/etc/npmrc
6 verbose title npm install @supabase/supabase-js
7 verbose argv "install" "@supabase/supabase-js"
8 verbose logfile logs-max:10 dir:/data/data/com.termux/files/home/.npm/_logs/2026-06-11T09_45_14_763Z-
9 verbose logfile /data/data/com.termux/files/home/.npm/_logs/2026-06-11T09_45_14_763Z-debug-0.log
10 silly logfile start cleaning logs, removing 1 files
11 silly logfile done cleaning log files
12 silly packumentCache heap:1174405120 maxSize:293601280 maxEntrySize:146800640
13 silly idealTree buildDeps
14 silly fetch manifest @supabase/supabase-js@^2.108.1
15 silly packumentCache full:https://registry.npmjs.org/@supabase%2fsupabase-js cache-miss
16 http fetch GET https://registry.npmjs.org/@supabase%2fsupabase-js attempt 1 failed with ENOTFOUND
17 http fetch GET https://registry.npmjs.org/@supabase%2fsupabase-js attempt 2 failed with ENOTFOUND
18 http fetch GET https://registry.npmjs.org/@supabase%2fsupabase-js attempt 3 failed with ENOTFOUND
19 http fetch GET 200 https://registry.npmjs.org/@supabase%2fsupabase-js 125969ms (cache stale)
20 silly packumentCache full:https://registry.npmjs.org/@supabase%2fsupabase-js set size:3552679 disposed:false
21 silly placeDep ROOT @supabase/supabase-js@2.108.1 REPLACE for:  want: ^2.108.1
22 silly reify moves {}
23 silly audit bulk request {
23 silly audit   '@supabase/auth-js': [ '2.108.1' ],
23 silly audit   '@supabase/functions-js': [ '2.108.1' ],
23 silly audit   '@supabase/phoenix': [ '0.4.2' ],
23 silly audit   '@supabase/postgrest-js': [ '2.108.1' ],
23 silly audit   '@supabase/realtime-js': [ '2.108.1' ],
23 silly audit   '@supabase/storage-js': [ '2.108.1' ],
23 silly audit   'iceberg-js': [ '0.8.1' ],
23 silly audit   tslib: [ '2.8.1' ],
23 silly audit   '@supabase/supabase-js': [ '2.108.1' ]
23 silly audit }
24 verbose audit error FetchError: request to https://registry.npmjs.org/-/npm/v1/security/advisories/bulk failed, reason: getaddrinfo ENOTFOUND registry.npmjs.org
24 verbose audit error     at ClientRequest.<anonymous> (/data/data/com.termux/files/usr/lib/node_modules/npm/node_modules/minipass-fetch/lib/index.js:130:14)
24 verbose audit error     at ClientRequest.emit (node:events:509:20)
24 verbose audit error     at emitErrorEvent (node:_http_client:109:11)
24 verbose audit error     at _destroy (node:_http_client:993:9)
24 verbose audit error     at onSocketNT (node:_http_client:1014:5)
24 verbose audit error     at process.processTicksAndRejections (node:internal/process/task_queues:91:21) {
24 verbose audit error   code: 'ENOTFOUND',
24 verbose audit error   errno: 'ENOTFOUND',
24 verbose audit error   syscall: 'getaddrinfo',
24 verbose audit error   hostname: 'registry.npmjs.org',
24 verbose audit error   type: 'system'
24 verbose audit error }
25 silly audit error undefined
26 silly audit report null
27 verbose cwd /data/data/com.termux/files/home
28 verbose os Linux 5.4.289-qgki-ga319a11388f1
29 verbose node v26.2.0
30 verbose npm  v11.16.0
31 verbose exit 0
32 info ok
