0 verbose cli /data/data/com.termux/files/usr/bin/node /data/data/com.termux/files/usr/bin/npm
1 info using npm@11.16.0
2 info using node@v26.2.0
3 silly config load:file:/data/data/com.termux/files/usr/lib/node_modules/npm/npmrc
4 silly config load:file:/data/data/com.termux/files/home/.npmrc
5 silly config load:file:/data/data/com.termux/files/usr/etc/npmrc
6 verbose title npm install @supabase/supabase-js
7 verbose argv "install" "@supabase/supabase-js"
8 verbose logfile logs-max:10 dir:/data/data/com.termux/files/home/.npm/_logs/2026-06-11T09_21_35_401Z-
9 verbose logfile /data/data/com.termux/files/home/.npm/_logs/2026-06-11T09_21_35_401Z-debug-0.log
10 silly logfile start cleaning logs, removing 1 files
11 silly allow-scripts no package.json at prefix Could not read package.json: Error: ENOENT: no such file or directory, open '/data/data/com.termux/files/home/package.json'
12 silly packumentCache heap:1174405120 maxSize:293601280 maxEntrySize:146800640
13 silly logfile done cleaning log files
14 silly idealTree buildDeps
15 silly fetch manifest @supabase/supabase-js@*
16 silly packumentCache full:https://registry.npmjs.org/@supabase%2fsupabase-js cache-miss
17 http fetch GET 200 https://registry.npmjs.org/@supabase%2fsupabase-js 1532ms (cache miss)
18 silly packumentCache full:https://registry.npmjs.org/@supabase%2fsupabase-js set size:undefined disposed:false
19 silly placeDep ROOT @supabase/supabase-js@2.108.1 OK for:  want: *
20 silly fetch manifest @supabase/auth-js@2.108.1
21 silly packumentCache full:https://registry.npmjs.org/@supabase%2fauth-js cache-miss
22 silly fetch manifest @supabase/functions-js@2.108.1
23 silly packumentCache full:https://registry.npmjs.org/@supabase%2ffunctions-js cache-miss
24 silly fetch manifest @supabase/postgrest-js@2.108.1
25 silly packumentCache full:https://registry.npmjs.org/@supabase%2fpostgrest-js cache-miss
26 silly fetch manifest @supabase/storage-js@2.108.1
27 silly packumentCache full:https://registry.npmjs.org/@supabase%2fstorage-js cache-miss
28 silly fetch manifest @supabase/realtime-js@2.108.1
29 silly packumentCache full:https://registry.npmjs.org/@supabase%2frealtime-js cache-miss
30 http fetch GET 200 https://registry.npmjs.org/@supabase%2fstorage-js 374ms (cache miss)
31 silly packumentCache full:https://registry.npmjs.org/@supabase%2fstorage-js set size:undefined disposed:false
32 http fetch GET 200 https://registry.npmjs.org/@supabase%2ffunctions-js 691ms (cache miss)
33 silly packumentCache full:https://registry.npmjs.org/@supabase%2ffunctions-js set size:undefined disposed:false
34 http fetch GET 200 https://registry.npmjs.org/@supabase%2fauth-js 845ms (cache miss)
35 silly packumentCache full:https://registry.npmjs.org/@supabase%2fauth-js set size:undefined disposed:false
36 http fetch GET 200 https://registry.npmjs.org/@supabase%2fpostgrest-js 930ms (cache miss)
37 silly packumentCache full:https://registry.npmjs.org/@supabase%2fpostgrest-js set size:undefined disposed:false
38 http fetch GET 200 https://registry.npmjs.org/@supabase%2frealtime-js 1025ms (cache miss)
39 silly packumentCache full:https://registry.npmjs.org/@supabase%2frealtime-js set size:undefined disposed:false
40 silly placeDep ROOT @supabase/auth-js@2.108.1 OK for: @supabase/supabase-js@2.108.1 want: 2.108.1
41 silly placeDep ROOT @supabase/functions-js@2.108.1 OK for: @supabase/supabase-js@2.108.1 want: 2.108.1
42 silly placeDep ROOT @supabase/postgrest-js@2.108.1 OK for: @supabase/supabase-js@2.108.1 want: 2.108.1
43 silly placeDep ROOT @supabase/realtime-js@2.108.1 OK for: @supabase/supabase-js@2.108.1 want: 2.108.1
44 silly placeDep ROOT @supabase/storage-js@2.108.1 OK for: @supabase/supabase-js@2.108.1 want: 2.108.1
45 silly fetch manifest tslib@2.8.1
46 silly packumentCache full:https://registry.npmjs.org/tslib cache-miss
47 silly fetch manifest tslib@2.8.1
48 silly packumentCache full:https://registry.npmjs.org/tslib cache-miss
49 silly fetch manifest tslib@2.8.1
50 silly packumentCache full:https://registry.npmjs.org/tslib cache-miss
51 silly fetch manifest @supabase/phoenix@^0.4.2
52 silly packumentCache full:https://registry.npmjs.org/@supabase%2fphoenix cache-miss
53 silly fetch manifest tslib@2.8.1
54 silly packumentCache full:https://registry.npmjs.org/tslib cache-miss
55 http fetch GET 200 https://registry.npmjs.org/tslib 200ms (cache revalidated)
56 silly packumentCache full:https://registry.npmjs.org/tslib set size:108760 disposed:false
57 silly fetch manifest iceberg-js@^0.8.1
58 silly packumentCache full:https://registry.npmjs.org/iceberg-js cache-miss
59 http fetch GET 200 https://registry.npmjs.org/tslib 214ms (cache revalidated)
60 silly packumentCache full:https://registry.npmjs.org/tslib set size:108760 disposed:false
61 silly packumentCache full:https://registry.npmjs.org/tslib dispose
62 http fetch GET 200 https://registry.npmjs.org/tslib 224ms (cache revalidated)
63 silly packumentCache full:https://registry.npmjs.org/tslib set size:108760 disposed:true
64 silly packumentCache full:https://registry.npmjs.org/tslib dispose
65 http fetch GET 200 https://registry.npmjs.org/@supabase%2fphoenix 230ms (cache miss)
66 silly packumentCache full:https://registry.npmjs.org/@supabase%2fphoenix set size:undefined disposed:false
67 http fetch GET 200 https://registry.npmjs.org/iceberg-js 162ms (cache miss)
68 silly packumentCache full:https://registry.npmjs.org/iceberg-js set size:undefined disposed:false
69 http fetch GET 200 https://registry.npmjs.org/tslib 977ms (cache revalidated)
70 silly packumentCache full:https://registry.npmjs.org/tslib set size:108760 disposed:true
71 silly packumentCache full:https://registry.npmjs.org/tslib dispose
72 silly placeDep ROOT tslib@2.8.1 OK for: @supabase/auth-js@2.108.1 want: 2.8.1
73 silly placeDep ROOT @supabase/phoenix@0.4.2 OK for: @supabase/realtime-js@2.108.1 want: ^0.4.2
74 silly placeDep ROOT iceberg-js@0.8.1 OK for: @supabase/storage-js@2.108.1 want: ^0.8.1
75 silly reify moves {}
76 http cache tslib@https://registry.npmjs.org/tslib/-/tslib-2.8.1.tgz 0ms (cache hit)
77 http cache @supabase/storage-js@https://registry.npmjs.org/@supabase/storage-js/-/storage-js-2.108.1.tgz 0ms (cache hit)
78 http cache @supabase/realtime-js@https://registry.npmjs.org/@supabase/realtime-js/-/realtime-js-2.108.1.tgz 0ms (cache hit)
79 http cache @supabase/phoenix@https://registry.npmjs.org/@supabase/phoenix/-/phoenix-0.4.2.tgz 0ms (cache hit)
80 http cache @supabase/postgrest-js@https://registry.npmjs.org/@supabase/postgrest-js/-/postgrest-js-2.108.1.tgz 0ms (cache hit)
81 http cache iceberg-js@https://registry.npmjs.org/iceberg-js/-/iceberg-js-0.8.1.tgz 0ms (cache hit)
82 http cache @supabase/functions-js@https://registry.npmjs.org/@supabase/functions-js/-/functions-js-2.108.1.tgz 0ms (cache hit)
83 http cache @supabase/auth-js@https://registry.npmjs.org/@supabase/auth-js/-/auth-js-2.108.1.tgz 0ms (cache hit)
84 http cache @supabase/supabase-js@https://registry.npmjs.org/@supabase/supabase-js/-/supabase-js-2.108.1.tgz 0ms (cache hit)
85 silly tarball no local data for @supabase/realtime-js@https://registry.npmjs.org/@supabase/realtime-js/-/realtime-js-2.108.1.tgz. Extracting by manifest.
86 silly tarball no local data for @supabase/storage-js@https://registry.npmjs.org/@supabase/storage-js/-/storage-js-2.108.1.tgz. Extracting by manifest.
87 silly tarball no local data for @supabase/phoenix@https://registry.npmjs.org/@supabase/phoenix/-/phoenix-0.4.2.tgz. Extracting by manifest.
88 silly tarball no local data for @supabase/postgrest-js@https://registry.npmjs.org/@supabase/postgrest-js/-/postgrest-js-2.108.1.tgz. Extracting by manifest.
89 silly tarball no local data for @supabase/functions-js@https://registry.npmjs.org/@supabase/functions-js/-/functions-js-2.108.1.tgz. Extracting by manifest.
90 silly tarball no local data for iceberg-js@https://registry.npmjs.org/iceberg-js/-/iceberg-js-0.8.1.tgz. Extracting by manifest.
91 silly tarball no local data for @supabase/auth-js@https://registry.npmjs.org/@supabase/auth-js/-/auth-js-2.108.1.tgz. Extracting by manifest.
92 silly tarball no local data for @supabase/supabase-js@https://registry.npmjs.org/@supabase/supabase-js/-/supabase-js-2.108.1.tgz. Extracting by manifest.
93 http fetch GET 200 https://registry.npmjs.org/iceberg-js/-/iceberg-js-0.8.1.tgz 644ms (cache miss)
94 http fetch GET 200 https://registry.npmjs.org/@supabase/supabase-js/-/supabase-js-2.108.1.tgz 1431ms (cache miss)
95 http fetch GET 200 https://registry.npmjs.org/@supabase/storage-js/-/storage-js-2.108.1.tgz 1582ms (cache miss)
96 http fetch GET 200 https://registry.npmjs.org/@supabase/functions-js/-/functions-js-2.108.1.tgz 1736ms (cache miss)
97 http fetch GET 200 https://registry.npmjs.org/@supabase/realtime-js/-/realtime-js-2.108.1.tgz 1985ms (cache miss)
98 http fetch GET 200 https://registry.npmjs.org/@supabase/postgrest-js/-/postgrest-js-2.108.1.tgz 2357ms (cache miss)
99 http fetch GET 200 https://registry.npmjs.org/@supabase/phoenix/-/phoenix-0.4.2.tgz 2397ms (cache miss)
100 http fetch GET 200 https://registry.npmjs.org/@supabase/auth-js/-/auth-js-2.108.1.tgz 2663ms (cache miss)
101 silly ADD node_modules/iceberg-js
102 silly ADD node_modules/@supabase/phoenix
103 silly ADD node_modules/tslib
104 silly ADD node_modules/@supabase/storage-js
105 silly ADD node_modules/@supabase/realtime-js
106 silly ADD node_modules/@supabase/postgrest-js
107 silly ADD node_modules/@supabase/functions-js
108 silly ADD node_modules/@supabase/auth-js
109 silly ADD node_modules/@supabase/supabase-js
110 verbose cwd /data/data/com.termux/files/home
111 verbose os Linux 5.4.289-qgki-ga319a11388f1
112 verbose node v26.2.0
113 verbose npm  v11.16.0
114 verbose exit 0
115 info ok
